#
# There is insufficient memory for the Java Runtime Environment to continue.
# Native memory allocation (malloc) failed to allocate 1048576 bytes. Error detail: AllocateHeap
# Possible reasons:
#   The system is out of physical RAM or swap space
#   This process is running with CompressedOops enabled, and the Java Heap may be blocking the growth of the native heap
# Possible solutions:
#   Reduce memory load on the system
#   Increase physical memory or swap space
#   Check if swap backing store is full
#   Decrease Java heap size (-Xmx/-Xms)
#   Decrease number of Java threads
#   Decrease Java thread stack sizes (-Xss)
#   Set larger code cache with -XX:ReservedCodeCacheSize=
#   JVM is running with Unscaled Compressed Oops mode in which the Java heap is
#     placed in the first 4GB address space. The Java Heap base address is the
#     maximum limit for the native heap growth. Please use -XX:HeapBaseMinAddress
#     to set the Java Heap base and to place the Java Heap above 4GB virtual address.
# This output file may be truncated or incomplete.
#
#  Out of Memory Error (allocation.cpp:44), pid=2780, tid=2020
#
# JRE version: OpenJDK Runtime Environment Temurin-21.0.10+7 (21.0.10+7) (build 21.0.10+7-LTS)
# Java VM: OpenJDK 64-Bit Server VM Temurin-21.0.10+7 (21.0.10+7-LTS, mixed mode, sharing, tiered, compressed oops, compressed class ptrs, parallel gc, windows-amd64)
# No core dump will be written. Minidumps are not enabled by default on client versions of Windows
#

---------------  S U M M A R Y ------------

Command Line: --add-modules=ALL-SYSTEM --add-opens=java.base/java.util=ALL-UNNAMED --add-opens=java.base/java.lang=ALL-UNNAMED --add-opens=java.base/sun.nio.fs=ALL-UNNAMED -Declipse.application=org.eclipse.jdt.ls.core.id1 -Dosgi.bundles.defaultStartLevel=4 -Declipse.product=org.eclipse.jdt.ls.core.product -Djava.import.generatesMetadataFilesAtProjectRoot=false -DDetectVMInstallationsJob.disabled=true -Dfile.encoding=utf8 -XX:+UseParallelGC -XX:GCTimeRatio=4 -XX:AdaptiveSizePolicyWeight=90 -Dsun.zip.disableMemoryMapping=true -Xmx2G -Xms100m -Xlog:disable -javaagent:c:\Users\linta\.vscode\extensions\redhat.java-1.55.2026050508-win32-x64\lombok\lombok-1.18.39-4050.jar -XX:+HeapDumpOnOutOfMemoryError -XX:HeapDumpPath=c:\Users\linta\AppData\Roaming\Code\User\workspaceStorage\519f8273915d3ffbc6fb77d488cf5c1d\redhat.java -Daether.dependencyCollector.impl=bf -XX:+UnlockDiagnosticVMOptions -XX:+AllowArchivingWithJavaAgent -XX:+AutoCreateSharedArchive -XX:SharedArchiveFile=c:\Users\linta\AppData\Roaming\Code\User\globalStorage\redhat.java\1.55.2026050508\jdtls.jsa c:\Users\linta\.vscode\extensions\redhat.java-1.55.2026050508-win32-x64\server\plugins\org.eclipse.equinox.launcher_1.7.100.v20251111-0406.jar -configuration c:\Users\linta\AppData\Roaming\Code\User\globalStorage\redhat.java\1.55.2026050508\config_win -data c:\Users\linta\AppData\Roaming\Code\User\workspaceStorage\519f8273915d3ffbc6fb77d488cf5c1d\redhat.java\jdt_ws --pipe=\\.\pipe\lsp-b98b24c86386b05a2dc31707cc1e2e0a-sock

Host: AMD Ryzen 5 7535HS with Radeon Graphics        , 12 cores, 5G,  Windows 11 , 64 bit Build 26100 (10.0.26100.8246)
Time: Wed May 13 14:24:56 2026 SE Asia Standard Time elapsed time: 70792.774970 seconds (0d 19h 39m 52s)

---------------  T H R E A D  ---------------

Current thread (0x000001cff49a9580):  JavaThread "Attach Listener" daemon [_thread_in_vm, id=2020, stack(0x000000c9ccf00000,0x000000c9cd000000) (1024K)]

Stack: [0x000000c9ccf00000,0x000000c9cd000000]
Native frames: (J=compiled Java code, j=interpreted, Vv=VM code, C=native code)
V  [jvm.dll+0x6d7a39]
V  [jvm.dll+0x8b4b26]
V  [jvm.dll+0x8b70de]
V  [jvm.dll+0x8b77c3]
V  [jvm.dll+0x284346]
V  [jvm.dll+0xc1277]
V  [jvm.dll+0x6d82e9]
V  [jvm.dll+0x1334a6]
V  [jvm.dll+0x3f857e]
V  [jvm.dll+0x85f59d]
V  [jvm.dll+0x6d626d]
C  [ucrtbase.dll+0x37b0]
C  [KERNEL32.DLL+0x2e8d7]
C  [ntdll.dll+0x8c3fc]


---------------  P R O C E S S  ---------------

Threads class SMR info:
_java_thread_list=0x000001cffd76ac70, length=41, elements={
0x000001cf970eb590, 0x000001cff49a0290, 0x000001cff49a5990, 0x000001cff49a8b20,
0x000001cff49a9580, 0x000001cff49aa340, 0x000001cff49aada0, 0x000001cff49ade30,
0x000001cff49ce9a0, 0x000001cff4c50860, 0x000001cff4d10b70, 0x000001cff9ada4a0,
0x000001cff98d8aa0, 0x000001cff9aee910, 0x000001cff99c4fa0, 0x000001cff9e8ce40,
0x000001cffa0523f0, 0x000001cff9e92bf0, 0x000001cff9ba47f0, 0x000001cff9ba1a00,
0x000001cff9ba2db0, 0x000001cff9ba4160, 0x000001cffba83be0, 0x000001cffba84f90,
0x000001cffba84900, 0x000001cffba85620, 0x000001cffba85cb0, 0x000001cffba82830,
0x000001cffba82ec0, 0x000001cffba83550, 0x000001cffba84270, 0x000001cffc0799d0,
0x000001cffc07baa0, 0x000001cffc07a060, 0x000001cffc07c7c0, 0x000001cffc07a6f0,
0x000001cffa042560, 0x000001cff9096500, 0x000001cff90978b0, 0x000001cff909b3c0,
0x000001cff909a010
}

Java Threads: ( => current thread )
  0x000001cf970eb590 JavaThread "main"                              [_thread_blocked, id=7476, stack(0x000000c9cc800000,0x000000c9cc900000) (1024K)]
  0x000001cff49a0290 JavaThread "Reference Handler"          daemon [_thread_blocked, id=16420, stack(0x000000c9ccc00000,0x000000c9ccd00000) (1024K)]
  0x000001cff49a5990 JavaThread "Finalizer"                  daemon [_thread_blocked, id=17672, stack(0x000000c9ccd00000,0x000000c9cce00000) (1024K)]
  0x000001cff49a8b20 JavaThread "Signal Dispatcher"          daemon [_thread_blocked, id=19188, stack(0x000000c9cce00000,0x000000c9ccf00000) (1024K)]
=>0x000001cff49a9580 JavaThread "Attach Listener"            daemon [_thread_in_vm, id=2020, stack(0x000000c9ccf00000,0x000000c9cd000000) (1024K)]
  0x000001cff49aa340 JavaThread "Service Thread"             daemon [_thread_blocked, id=20636, stack(0x000000c9cd000000,0x000000c9cd100000) (1024K)]
  0x000001cff49aada0 JavaThread "Monitor Deflation Thread"   daemon [_thread_blocked, id=15812, stack(0x000000c9cd100000,0x000000c9cd200000) (1024K)]
  0x000001cff49ade30 JavaThread "C2 CompilerThread0"         daemon [_thread_blocked, id=6284, stack(0x000000c9cd200000,0x000000c9cd300000) (1024K)]
  0x000001cff49ce9a0 JavaThread "C1 CompilerThread0"         daemon [_thread_blocked, id=12488, stack(0x000000c9cd300000,0x000000c9cd400000) (1024K)]
  0x000001cff4c50860 JavaThread "Common-Cleaner"             daemon [_thread_blocked, id=20864, stack(0x000000c9cd500000,0x000000c9cd600000) (1024K)]
  0x000001cff4d10b70 JavaThread "Notification Thread"        daemon [_thread_blocked, id=13228, stack(0x000000c9cd600000,0x000000c9cd700000) (1024K)]
  0x000001cff9ada4a0 JavaThread "Active Thread: Equinox Container: 5ce8de3c-2834-4f39-9954-428e29601d3b"        [_thread_blocked, id=13356, stack(0x000000c9cde00000,0x000000c9cdf00000) (1024K)]
  0x000001cff98d8aa0 JavaThread "Refresh Thread: Equinox Container: 5ce8de3c-2834-4f39-9954-428e29601d3b" daemon [_thread_blocked, id=11052, stack(0x000000c9cdf00000,0x000000c9ce000000) (1024K)]
  0x000001cff9aee910 JavaThread "Framework Event Dispatcher: Equinox Container: 5ce8de3c-2834-4f39-9954-428e29601d3b" daemon [_thread_blocked, id=14592, stack(0x000000c9ce100000,0x000000c9ce200000) (1024K)]
  0x000001cff99c4fa0 JavaThread "Start Level: Equinox Container: 5ce8de3c-2834-4f39-9954-428e29601d3b" daemon [_thread_blocked, id=16532, stack(0x000000c9ce200000,0x000000c9ce300000) (1024K)]
  0x000001cff9e8ce40 JavaThread "Bundle File Closer"         daemon [_thread_blocked, id=19704, stack(0x000000c9ce500000,0x000000c9ce600000) (1024K)]
  0x000001cffa0523f0 JavaThread "SCR Component Actor"        daemon [_thread_blocked, id=17732, stack(0x000000c9cd400000,0x000000c9cd500000) (1024K)]
  0x000001cff9e92bf0 JavaThread "Worker-JM"                         [_thread_blocked, id=13704, stack(0x000000c9ce700000,0x000000c9ce800000) (1024K)]
  0x000001cff9ba47f0 JavaThread "JNA Cleaner"                daemon [_thread_blocked, id=2664, stack(0x000000c9ce800000,0x000000c9ce900000) (1024K)]
  0x000001cff9ba1a00 JavaThread "Java indexing"              daemon [_thread_blocked, id=3584, stack(0x000000c9cec00000,0x000000c9ced00000) (1024K)]
  0x000001cff9ba2db0 JavaThread "Thread-1"                   daemon [_thread_in_native, id=6908, stack(0x000000c9cf000000,0x000000c9cf100000) (1024K)]
  0x000001cff9ba4160 JavaThread "Thread-2"                   daemon [_thread_in_native, id=16072, stack(0x000000c9cf100000,0x000000c9cf200000) (1024K)]
  0x000001cffba83be0 JavaThread "Thread-3"                   daemon [_thread_in_native, id=10068, stack(0x000000c9cf200000,0x000000c9cf300000) (1024K)]
  0x000001cffba84f90 JavaThread "Thread-4"                   daemon [_thread_in_native, id=10896, stack(0x000000c9cf300000,0x000000c9cf400000) (1024K)]
  0x000001cffba84900 JavaThread "Thread-5"                   daemon [_thread_in_native, id=20132, stack(0x000000c9cf400000,0x000000c9cf500000) (1024K)]
  0x000001cffba85620 JavaThread "Thread-6"                   daemon [_thread_in_native, id=19624, stack(0x000000c9cf500000,0x000000c9cf600000) (1024K)]
  0x000001cffba85cb0 JavaThread "Thread-7"                   daemon [_thread_in_native, id=14900, stack(0x000000c9cf600000,0x000000c9cf700000) (1024K)]
  0x000001cffba82830 JavaThread "Thread-8"                   daemon [_thread_in_native, id=18888, stack(0x000000c9cf700000,0x000000c9cf800000) (1024K)]
  0x000001cffba82ec0 JavaThread "Thread-9"                   daemon [_thread_in_native, id=9892, stack(0x000000c9cf800000,0x000000c9cf900000) (1024K)]
  0x000001cffba83550 JavaThread "Thread-10"                  daemon [_thread_in_native, id=14632, stack(0x000000c9cf900000,0x000000c9cfa00000) (1024K)]
  0x000001cffba84270 JavaThread "Thread-11"                  daemon [_thread_in_native, id=21060, stack(0x000000c9cfa00000,0x000000c9cfb00000) (1024K)]
  0x000001cffc0799d0 JavaThread "Thread-12"                  daemon [_thread_in_native, id=9672, stack(0x000000c9cfb00000,0x000000c9cfc00000) (1024K)]
  0x000001cffc07baa0 JavaThread "Thread-13"                  daemon [_thread_in_native, id=10580, stack(0x000000c9cfc00000,0x000000c9cfd00000) (1024K)]
  0x000001cffc07a060 JavaThread "pool-2-thread-1"                   [_thread_blocked, id=20832, stack(0x000000c9cfd00000,0x000000c9cfe00000) (1024K)]
  0x000001cffc07c7c0 JavaThread "WorkspaceEventsHandler"            [_thread_blocked, id=8280, stack(0x000000c9cfe00000,0x000000c9cff00000) (1024K)]
  0x000001cffc07a6f0 JavaThread "pool-1-thread-1"                   [_thread_blocked, id=17840, stack(0x000000c9cff00000,0x000000c9d0000000) (1024K)]
  0x000001cffa042560 JavaThread "Cleaner-0"                  daemon [_thread_blocked, id=13300, stack(0x000000c9d1100000,0x000000c9d1200000) (1024K)]
  0x000001cff9096500 JavaThread "Worker-223"                        [_thread_blocked, id=3336, stack(0x000000c9d0000000,0x000000c9d0100000) (1024K)]
  0x000001cff90978b0 JavaThread "ForkJoinPool.commonPool-worker-116" daemon [_thread_blocked, id=8044, stack(0x000000c9cd700000,0x000000c9cd800000) (1024K)]
  0x000001cff909b3c0 JavaThread "ForkJoinPool.commonPool-worker-119" daemon [_thread_blocked, id=15492, stack(0x000000c9cea00000,0x000000c9ceb00000) (1024K)]
  0x000001cff909a010 JavaThread "Worker-224"                        [_thread_blocked, id=18600, stack(0x000000c9d0100000,0x000000c9d0200000) (1024K)]
Total: 41

Other Threads:
  0x000001cf97083890 VMThread "VM Thread"                           [id=9136, stack(0x000000c9ccb00000,0x000000c9ccc00000) (1024K)]
  0x000001cf96f7ca00 WatcherThread "VM Periodic Task Thread"        [id=4900, stack(0x000000c9cca00000,0x000000c9ccb00000) (1024K)]
  0x000001cf97109bf0 WorkerThread "GC Thread#0"                     [id=11480, stack(0x000000c9cc900000,0x000000c9cca00000) (1024K)]
  0x000001cff9790af0 WorkerThread "GC Thread#1"                     [id=9928, stack(0x000000c9cd800000,0x000000c9cd900000) (1024K)]
  0x000001cff924c7f0 WorkerThread "GC Thread#2"                     [id=13812, stack(0x000000c9cd900000,0x000000c9cda00000) (1024K)]
  0x000001cff924cba0 WorkerThread "GC Thread#3"                     [id=9356, stack(0x000000c9cda00000,0x000000c9cdb00000) (1024K)]
  0x000001cff96da3a0 WorkerThread "GC Thread#4"                     [id=5176, stack(0x000000c9cdb00000,0x000000c9cdc00000) (1024K)]
  0x000001cff96da750 WorkerThread "GC Thread#5"                     [id=1704, stack(0x000000c9cdc00000,0x000000c9cdd00000) (1024K)]
  0x000001cff9251d20 WorkerThread "GC Thread#6"                     [id=9472, stack(0x000000c9cdd00000,0x000000c9cde00000) (1024K)]
  0x000001cff9765bd0 WorkerThread "GC Thread#7"                     [id=10152, stack(0x000000c9ce000000,0x000000c9ce100000) (1024K)]
  0x000001cff9fb6010 WorkerThread "GC Thread#8"                     [id=2696, stack(0x000000c9ce300000,0x000000c9ce400000) (1024K)]
  0x000001cff9fb67d0 WorkerThread "GC Thread#9"                     [id=8536, stack(0x000000c9ce400000,0x000000c9ce500000) (1024K)]
Total: 12

Threads with active compile tasks:
Total: 0

VM state: not at safepoint (normal execution)

VM Mutex/Monitor currently owned by a thread: None

Heap address: 0x0000000080000000, size: 2048 MB, Compressed Oops mode: 32-bit

CDS archive(s) mapped at: [0x000001cfae000000-0x000001cfaeba0000-0x000001cfb2730000), size 74645504, SharedBaseAddress: 0x000001cfae000000, ArchiveRelocationMode: 1.
Compressed class space mapped at: 0x000001cfb3000000-0x000001cff3000000, reserved size: 1073741824
Narrow klass base: 0x000001cfae000000, Narrow klass shift: 0, Narrow klass range: 0x100000000

GC Precious Log:
 CardTable entry size: 512
 CPUs: 12 total, 12 available
 Memory: 5886M
 Large Page Support: Disabled
 NUMA Support: Disabled
 Compressed Oops: Enabled (32-bit)
 Alignments: Space 512K, Generation 512K, Heap 2M
 Heap Min Capacity: 100M
 Heap Initial Capacity: 100M
 Heap Max Capacity: 2G
 Pre-touch: Disabled
 Parallel Workers: 10

Heap:
 PSYoungGen      total 12288K, used 4435K [0x00000000d5580000, 0x00000000d6a00000, 0x0000000100000000)
  eden space 11776K, 33% used [0x00000000d5580000,0x00000000d5954ca0,0x00000000d6100000)
  from space 512K, 100% used [0x00000000d6980000,0x00000000d6a00000,0x00000000d6a00000)
  to   space 1536K, 0% used [0x00000000d6700000,0x00000000d6700000,0x00000000d6880000)
 ParOldGen       total 1315840K, used 1315367K [0x0000000080000000, 0x00000000d0500000, 0x00000000d5580000)
  object space 1315840K, 99% used [0x0000000080000000,0x00000000d0489e60,0x00000000d0500000)
 Metaspace       used 64811K, committed 66368K, reserved 1114112K
  class space    used 5471K, committed 6208K, reserved 1048576K

Card table byte_map: [0x000001cf96a90000,0x000001cf96ea0000] _byte_map_base: 0x000001cf96690000

Marking Bits: (ParMarkBitMap*) 0x00007ffbb5a43450
 Begin Bits: [0x000001cfa95a0000, 0x000001cfab5a0000)
 End Bits:   [0x000001cfab5a0000, 0x000001cfad5a0000)

Polling page: 0x000001cf94f40000

Metaspace:

Usage:
  Non-class:     57.95 MB used.
      Class:      5.34 MB used.
       Both:     63.29 MB used.

Virtual space:
  Non-class space:       64.00 MB reserved,      58.75 MB ( 92%) committed,  1 nodes.
      Class space:        1.00 GB reserved,       6.06 MB ( <1%) committed,  1 nodes.
             Both:        1.06 GB reserved,      64.81 MB (  6%) committed. 

Chunk freelists:
   Non-Class:  5.28 MB
       Class:  9.99 MB
        Both:  15.28 MB

MaxMetaspaceSize: unlimited
CompressedClassSpaceSize: 1.00 GB
Initial GC threshold: 21.00 MB
Current GC threshold: 107.81 MB
CDS: on
 - commit_granule_bytes: 65536.
 - commit_granule_words: 8192.
 - virtual_space_node_default_size: 8388608.
 - enlarge_chunks_in_place: 1.
 - use_allocation_guard: 0.


Internal statistics:

num_allocs_failed_limit: 3.
num_arena_births: 2732.
num_arena_deaths: 1032.
num_vsnodes_births: 2.
num_vsnodes_deaths: 0.
num_space_committed: 1037.
num_space_uncommitted: 0.
num_chunks_returned_to_freelist: 1347.
num_chunks_taken_from_freelist: 7310.
num_chunk_merges: 432.
num_chunk_splits: 3721.
num_chunks_enlarged: 1611.
num_inconsistent_stats: 0.

CodeHeap 'non-profiled nmethods': size=120000Kb used=40794Kb max_used=40794Kb free=79205Kb
 bounds [0x000001cfa1dc0000, 0x000001cfa4640000, 0x000001cfa92f0000]
CodeHeap 'profiled nmethods': size=120000Kb used=26253Kb max_used=54363Kb free=93747Kb
 bounds [0x000001cf9a2f0000, 0x000001cf9d850000, 0x000001cfa1820000]
CodeHeap 'non-nmethods': size=5760Kb used=1553Kb max_used=1659Kb free=4206Kb
 bounds [0x000001cfa1820000, 0x000001cfa1a90000, 0x000001cfa1dc0000]
CodeCache: size=245760Kb, used=68600Kb, max_used=96816Kb, free=177158Kb
 total_blobs=15684, nmethods=14814, adapters=769, full_count=0
Compilation: enabled, stopped_count=0, restarted_count=0

Compilation events (20 events):
Event: 70190.914 Thread 0x000001cff49ce9a0 56581       3       org.eclipse.jdt.internal.formatter.SpacePreparator::visit (51 bytes)
Event: 70190.915 Thread 0x000001cff49ce9a0 nmethod 56581 0x000001cf9d5d4110 code [0x000001cf9d5d4320, 0x000001cf9d5d4980]
Event: 70190.915 Thread 0x000001cff49ce9a0 56571       3       org.eclipse.jdt.internal.corext.dom.GenericVisitor::endVisit (6 bytes)
Event: 70190.916 Thread 0x000001cff49ce9a0 nmethod 56571 0x000001cf9d48d890 code [0x000001cf9d48da40, 0x000001cf9d48dc20]
Event: 70190.969 Thread 0x000001cff49ce9a0 56582       3       org.eclipse.jdt.internal.compiler.lookup.MethodVerifier::checkAgainstInheritedMethods (606 bytes)
Event: 70190.971 Thread 0x000001cff49ade30 56589  s    4       java.lang.StringBuffer::append (13 bytes)
Event: 70190.985 Thread 0x000001cff49ce9a0 nmethod 56582 0x000001cf9b21be90 code [0x000001cf9b21c3e0, 0x000001cf9b21fac8]
Event: 70191.001 Thread 0x000001cff49ce9a0 56583       3       org.eclipse.jdt.internal.compiler.lookup.MethodBinding::verifyOverrideCompatibility (104 bytes)
Event: 70191.002 Thread 0x000001cff49ade30 nmethod 56589 0x000001cfa26f3010 code [0x000001cfa26f31e0, 0x000001cfa26f36b0]
Event: 70191.004 Thread 0x000001cff49ce9a0 nmethod 56583 0x000001cf9c18d190 code [0x000001cf9c18d460, 0x000001cf9c18e728]
Event: 70191.004 Thread 0x000001cff49ce9a0 56584       3       org.eclipse.jdt.internal.compiler.lookup.MethodVerifier15::checkForBridgeMethod (248 bytes)
Event: 70191.010 Thread 0x000001cff49ce9a0 nmethod 56584 0x000001cf9d495c10 code [0x000001cf9d495f80, 0x000001cf9d497610]
Event: 70191.010 Thread 0x000001cff49ce9a0 56585       3       org.eclipse.jdt.internal.compiler.lookup.SourceTypeBinding::addSyntheticBridgeMethod (275 bytes)
Event: 70191.015 Thread 0x000001cff49ce9a0 nmethod 56585 0x000001cf9bafe990 code [0x000001cf9bafed80, 0x000001cf9bb009e8]
Event: 70191.015 Thread 0x000001cff49ce9a0 56586       3       org.eclipse.jdt.internal.compiler.lookup.MethodVerifier15::reportRawReferences (289 bytes)
Event: 70191.019 Thread 0x000001cff49ce9a0 nmethod 56586 0x000001cf9a5e7690 code [0x000001cf9a5e7a00, 0x000001cf9a5e9180]
Event: 70191.019 Thread 0x000001cff49ce9a0 56587       3       org.eclipse.jdt.internal.compiler.lookup.MethodVerifier::isAsVisible (62 bytes)
Event: 70191.020 Thread 0x000001cff49ce9a0 nmethod 56587 0x000001cf9bd14590 code [0x000001cf9bd147a0, 0x000001cf9bd14df8]
Event: 70191.020 Thread 0x000001cff49ce9a0 56588       3       org.eclipse.jdt.internal.compiler.ast.InstanceOfExpression::analyseCode (245 bytes)
Event: 70191.028 Thread 0x000001cff49ce9a0 nmethod 56588 0x000001cf9aeec710 code [0x000001cf9aeeca80, 0x000001cf9aeee3e8]

GC Heap History (20 events):
Event: 70192.958 GC heap before
{Heap before GC invocations=69805 (full 134):
 PSYoungGen      total 13824K, used 13332K [0x00000000d5580000, 0x00000000d6680000, 0x0000000100000000)
  eden space 11776K, 100% used [0x00000000d5580000,0x00000000d6100000,0x00000000d6100000)
  from space 2048K, 76% used [0x00000000d6480000,0x00000000d6605240,0x00000000d6680000)
  to   space 2048K, 0% used [0x00000000d6280000,0x00000000d6280000,0x00000000d6480000)
 ParOldGen       total 1301504K, used 1301261K [0x0000000080000000, 0x00000000cf700000, 0x00000000d5580000)
  object space 1301504K, 99% used [0x0000000080000000,0x00000000cf6c3698,0x00000000cf700000)
 Metaspace       used 64811K, committed 66368K, reserved 1114112K
  class space    used 5471K, committed 6208K, reserved 1048576K
}
Event: 70192.962 GC heap after
{Heap after GC invocations=69805 (full 134):
 PSYoungGen      total 13312K, used 1136K [0x00000000d5580000, 0x00000000d6500000, 0x0000000100000000)
  eden space 11776K, 0% used [0x00000000d5580000,0x00000000d5580000,0x00000000d6100000)
  from space 1536K, 73% used [0x00000000d6280000,0x00000000d639c030,0x00000000d6400000)
  to   space 1024K, 0% used [0x00000000d6400000,0x00000000d6400000,0x00000000d6500000)
 ParOldGen       total 1303040K, used 1302680K [0x0000000080000000, 0x00000000cf880000, 0x00000000d5580000)
  object space 1303040K, 99% used [0x0000000080000000,0x00000000cf826360,0x00000000cf880000)
 Metaspace       used 64811K, committed 66368K, reserved 1114112K
  class space    used 5471K, committed 6208K, reserved 1048576K
}
Event: 70192.978 GC heap before
{Heap before GC invocations=69806 (full 134):
 PSYoungGen      total 13312K, used 12912K [0x00000000d5580000, 0x00000000d6500000, 0x0000000100000000)
  eden space 11776K, 100% used [0x00000000d5580000,0x00000000d6100000,0x00000000d6100000)
  from space 1536K, 73% used [0x00000000d6280000,0x00000000d639c030,0x00000000d6400000)
  to   space 1024K, 0% used [0x00000000d6400000,0x00000000d6400000,0x00000000d6500000)
 ParOldGen       total 1303040K, used 1302680K [0x0000000080000000, 0x00000000cf880000, 0x00000000d5580000)
  object space 1303040K, 99% used [0x0000000080000000,0x00000000cf826360,0x00000000cf880000)
 Metaspace       used 64811K, committed 66368K, reserved 1114112K
  class space    used 5471K, committed 6208K, reserved 1048576K
}
Event: 70192.981 GC heap after
{Heap after GC invocations=69806 (full 134):
 PSYoungGen      total 12800K, used 1012K [0x00000000d5580000, 0x00000000d6600000, 0x0000000100000000)
  eden space 11776K, 0% used [0x00000000d5580000,0x00000000d5580000,0x00000000d6100000)
  from space 1024K, 98% used [0x00000000d6400000,0x00000000d64fd200,0x00000000d6500000)
  to   space 2560K, 0% used [0x00000000d6100000,0x00000000d6100000,0x00000000d6380000)
 ParOldGen       total 1304064K, used 1303937K [0x0000000080000000, 0x00000000cf980000, 0x00000000d5580000)
  object space 1304064K, 99% used [0x0000000080000000,0x00000000cf960480,0x00000000cf980000)
 Metaspace       used 64811K, committed 66368K, reserved 1114112K
  class space    used 5471K, committed 6208K, reserved 1048576K
}
Event: 70193.017 GC heap before
{Heap before GC invocations=69807 (full 134):
 PSYoungGen      total 12800K, used 12788K [0x00000000d5580000, 0x00000000d6600000, 0x0000000100000000)
  eden space 11776K, 100% used [0x00000000d5580000,0x00000000d6100000,0x00000000d6100000)
  from space 1024K, 98% used [0x00000000d6400000,0x00000000d64fd200,0x00000000d6500000)
  to   space 2560K, 0% used [0x00000000d6100000,0x00000000d6100000,0x00000000d6380000)
 ParOldGen       total 1304064K, used 1303937K [0x0000000080000000, 0x00000000cf980000, 0x00000000d5580000)
  object space 1304064K, 99% used [0x0000000080000000,0x00000000cf960480,0x00000000cf980000)
 Metaspace       used 64811K, committed 66368K, reserved 1114112K
  class space    used 5471K, committed 6208K, reserved 1048576K
}
Event: 70193.022 GC heap after
{Heap after GC invocations=69807 (full 134):
 PSYoungGen      total 14336K, used 2556K [0x00000000d5580000, 0x00000000d7500000, 0x0000000100000000)
  eden space 11776K, 0% used [0x00000000d5580000,0x00000000d5580000,0x00000000d6100000)
  from space 2560K, 99% used [0x00000000d6100000,0x00000000d637f190,0x00000000d6380000)
  to   space 10240K, 0% used [0x00000000d6b00000,0x00000000d6b00000,0x00000000d7500000)
 ParOldGen       total 1310208K, used 1310033K [0x0000000080000000, 0x00000000cff80000, 0x00000000d5580000)
  object space 1310208K, 99% used [0x0000000080000000,0x00000000cff546d0,0x00000000cff80000)
 Metaspace       used 64811K, committed 66368K, reserved 1114112K
  class space    used 5471K, committed 6208K, reserved 1048576K
}
Event: 70193.053 GC heap before
{Heap before GC invocations=69808 (full 134):
 PSYoungGen      total 14336K, used 14332K [0x00000000d5580000, 0x00000000d7500000, 0x0000000100000000)
  eden space 11776K, 100% used [0x00000000d5580000,0x00000000d6100000,0x00000000d6100000)
  from space 2560K, 99% used [0x00000000d6100000,0x00000000d637f190,0x00000000d6380000)
  to   space 10240K, 0% used [0x00000000d6b00000,0x00000000d6b00000,0x00000000d7500000)
 ParOldGen       total 1310208K, used 1310033K [0x0000000080000000, 0x00000000cff80000, 0x00000000d5580000)
  object space 1310208K, 99% used [0x0000000080000000,0x00000000cff546d0,0x00000000cff80000)
 Metaspace       used 64811K, committed 66368K, reserved 1114112K
  class space    used 5471K, committed 6208K, reserved 1048576K
}
Event: 70193.055 GC heap after
{Heap after GC invocations=69808 (full 134):
 PSYoungGen      total 12800K, used 881K [0x00000000d5580000, 0x00000000d6c00000, 0x0000000100000000)
  eden space 11776K, 0% used [0x00000000d5580000,0x00000000d5580000,0x00000000d6100000)
  from space 1024K, 86% used [0x00000000d6b00000,0x00000000d6bdc468,0x00000000d6c00000)
  to   space 4096K, 0% used [0x00000000d6400000,0x00000000d6400000,0x00000000d6800000)
 ParOldGen       total 1310720K, used 1310413K [0x0000000080000000, 0x00000000d0000000, 0x00000000d5580000)
  object space 1310720K, 99% used [0x0000000080000000,0x00000000cffb3560,0x00000000d0000000)
 Metaspace       used 64811K, committed 66368K, reserved 1114112K
  class space    used 5471K, committed 6208K, reserved 1048576K
}
Event: 70193.282 GC heap before
{Heap before GC invocations=69809 (full 134):
 PSYoungGen      total 12800K, used 12657K [0x00000000d5580000, 0x00000000d6c00000, 0x0000000100000000)
  eden space 11776K, 100% used [0x00000000d5580000,0x00000000d6100000,0x00000000d6100000)
  from space 1024K, 86% used [0x00000000d6b00000,0x00000000d6bdc468,0x00000000d6c00000)
  to   space 4096K, 0% used [0x00000000d6400000,0x00000000d6400000,0x00000000d6800000)
 ParOldGen       total 1310720K, used 1310413K [0x0000000080000000, 0x00000000d0000000, 0x00000000d5580000)
  object space 1310720K, 99% used [0x0000000080000000,0x00000000cffb3560,0x00000000d0000000)
 Metaspace       used 64811K, committed 66368K, reserved 1114112K
  class space    used 5471K, committed 6208K, reserved 1048576K
}
Event: 70193.286 GC heap after
{Heap after GC invocations=69809 (full 134):
 PSYoungGen      total 15872K, used 4088K [0x00000000d5580000, 0x00000000d7300000, 0x0000000100000000)
  eden space 11776K, 0% used [0x00000000d5580000,0x00000000d5580000,0x00000000d6100000)
  from space 4096K, 99% used [0x00000000d6400000,0x00000000d67fe0b0,0x00000000d6800000)
  to   space 9216K, 0% used [0x00000000d6a00000,0x00000000d6a00000,0x00000000d7300000)
 ParOldGen       total 1314304K, used 1313919K [0x0000000080000000, 0x00000000d0380000, 0x00000000d5580000)
  object space 1314304K, 99% used [0x0000000080000000,0x00000000d031fdc0,0x00000000d0380000)
 Metaspace       used 64811K, committed 66368K, reserved 1114112K
  class space    used 5471K, committed 6208K, reserved 1048576K
}
Event: 70193.311 GC heap before
{Heap before GC invocations=69810 (full 134):
 PSYoungGen      total 15872K, used 15864K [0x00000000d5580000, 0x00000000d7300000, 0x0000000100000000)
  eden space 11776K, 100% used [0x00000000d5580000,0x00000000d6100000,0x00000000d6100000)
  from space 4096K, 99% used [0x00000000d6400000,0x00000000d67fe0b0,0x00000000d6800000)
  to   space 9216K, 0% used [0x00000000d6a00000,0x00000000d6a00000,0x00000000d7300000)
 ParOldGen       total 1314304K, used 1313919K [0x0000000080000000, 0x00000000d0380000, 0x00000000d5580000)
  object space 1314304K, 99% used [0x0000000080000000,0x00000000d031fdc0,0x00000000d0380000)
 Metaspace       used 64811K, committed 66368K, reserved 1114112K
  class space    used 5471K, committed 6208K, reserved 1048576K
}
Event: 70193.315 GC heap after
{Heap after GC invocations=69810 (full 134):
 PSYoungGen      total 12288K, used 352K [0x00000000d5580000, 0x00000000d6a80000, 0x0000000100000000)
  eden space 11776K, 0% used [0x00000000d5580000,0x00000000d5580000,0x00000000d6100000)
  from space 512K, 68% used [0x00000000d6a00000,0x00000000d6a58000,0x00000000d6a80000)
  to   space 3072K, 0% used [0x00000000d6480000,0x00000000d6480000,0x00000000d6780000)
 ParOldGen       total 1314304K, used 1314165K [0x0000000080000000, 0x00000000d0380000, 0x00000000d5580000)
  object space 1314304K, 99% used [0x0000000080000000,0x00000000d035d768,0x00000000d0380000)
 Metaspace       used 64811K, committed 66368K, reserved 1114112K
  class space    used 5471K, committed 6208K, reserved 1048576K
}
Event: 70194.683 GC heap before
{Heap before GC invocations=69811 (full 134):
 PSYoungGen      total 12288K, used 12128K [0x00000000d5580000, 0x00000000d6a80000, 0x0000000100000000)
  eden space 11776K, 100% used [0x00000000d5580000,0x00000000d6100000,0x00000000d6100000)
  from space 512K, 68% used [0x00000000d6a00000,0x00000000d6a58000,0x00000000d6a80000)
  to   space 3072K, 0% used [0x00000000d6480000,0x00000000d6480000,0x00000000d6780000)
 ParOldGen       total 1314304K, used 1314165K [0x0000000080000000, 0x00000000d0380000, 0x00000000d5580000)
  object space 1314304K, 99% used [0x0000000080000000,0x00000000d035d768,0x00000000d0380000)
 Metaspace       used 64811K, committed 66368K, reserved 1114112K
  class space    used 5471K, committed 6208K, reserved 1048576K
}
Event: 70194.686 GC heap after
{Heap after GC invocations=69811 (full 134):
 PSYoungGen      total 14848K, used 256K [0x00000000d5580000, 0x00000000d6a80000, 0x0000000100000000)
  eden space 11776K, 0% used [0x00000000d5580000,0x00000000d5580000,0x00000000d6100000)
  from space 3072K, 8% used [0x00000000d6480000,0x00000000d64c0000,0x00000000d6780000)
  to   space 1024K, 0% used [0x00000000d6980000,0x00000000d6980000,0x00000000d6a80000)
 ParOldGen       total 1314304K, used 1314245K [0x0000000080000000, 0x00000000d0380000, 0x00000000d5580000)
  object space 1314304K, 99% used [0x0000000080000000,0x00000000d0371768,0x00000000d0380000)
 Metaspace       used 64811K, committed 66368K, reserved 1114112K
  class space    used 5471K, committed 6208K, reserved 1048576K
}
Event: 70196.631 GC heap before
{Heap before GC invocations=69812 (full 134):
 PSYoungGen      total 14848K, used 12032K [0x00000000d5580000, 0x00000000d6a80000, 0x0000000100000000)
  eden space 11776K, 100% used [0x00000000d5580000,0x00000000d6100000,0x00000000d6100000)
  from space 3072K, 8% used [0x00000000d6480000,0x00000000d64c0000,0x00000000d6780000)
  to   space 1024K, 0% used [0x00000000d6980000,0x00000000d6980000,0x00000000d6a80000)
 ParOldGen       total 1314304K, used 1314245K [0x0000000080000000, 0x00000000d0380000, 0x00000000d5580000)
  object space 1314304K, 99% used [0x0000000080000000,0x00000000d0371768,0x00000000d0380000)
 Metaspace       used 64811K, committed 66368K, reserved 1114112K
  class space    used 5471K, committed 6208K, reserved 1048576K
}
Event: 70196.634 GC heap after
{Heap after GC invocations=69812 (full 134):
 PSYoungGen      total 12288K, used 256K [0x00000000d5580000, 0x00000000d6a00000, 0x0000000100000000)
  eden space 11776K, 0% used [0x00000000d5580000,0x00000000d5580000,0x00000000d6100000)
  from space 512K, 50% used [0x00000000d6980000,0x00000000d69c0000,0x00000000d6a00000)
  to   space 512K, 0% used [0x00000000d6900000,0x00000000d6900000,0x00000000d6980000)
 ParOldGen       total 1314304K, used 1314293K [0x0000000080000000, 0x00000000d0380000, 0x00000000d5580000)
  object space 1314304K, 99% used [0x0000000080000000,0x00000000d037d768,0x00000000d0380000)
 Metaspace       used 64811K, committed 66368K, reserved 1114112K
  class space    used 5471K, committed 6208K, reserved 1048576K
}
Event: 70544.717 GC heap before
{Heap before GC invocations=69813 (full 134):
 PSYoungGen      total 12288K, used 12032K [0x00000000d5580000, 0x00000000d6a00000, 0x0000000100000000)
  eden space 11776K, 100% used [0x00000000d5580000,0x00000000d6100000,0x00000000d6100000)
  from space 512K, 50% used [0x00000000d6980000,0x00000000d69c0000,0x00000000d6a00000)
  to   space 512K, 0% used [0x00000000d6900000,0x00000000d6900000,0x00000000d6980000)
 ParOldGen       total 1314304K, used 1314293K [0x0000000080000000, 0x00000000d0380000, 0x00000000d5580000)
  object space 1314304K, 99% used [0x0000000080000000,0x00000000d037d768,0x00000000d0380000)
 Metaspace       used 64811K, committed 66368K, reserved 1114112K
  class space    used 5471K, committed 6208K, reserved 1048576K
}
Event: 70545.215 GC heap after
{Heap after GC invocations=69813 (full 134):
 PSYoungGen      total 12288K, used 506K [0x00000000d5580000, 0x00000000d6a00000, 0x0000000100000000)
  eden space 11776K, 0% used [0x00000000d5580000,0x00000000d5580000,0x00000000d6100000)
  from space 512K, 98% used [0x00000000d6900000,0x00000000d697e920,0x00000000d6980000)
  to   space 512K, 0% used [0x00000000d6980000,0x00000000d6980000,0x00000000d6a00000)
 ParOldGen       total 1314816K, used 1314521K [0x0000000080000000, 0x00000000d0400000, 0x00000000d5580000)
  object space 1314816K, 99% used [0x0000000080000000,0x00000000d03b6798,0x00000000d0400000)
 Metaspace       used 64811K, committed 66368K, reserved 1114112K
  class space    used 5471K, committed 6208K, reserved 1048576K
}
Event: 70545.328 GC heap before
{Heap before GC invocations=69814 (full 134):
 PSYoungGen      total 12288K, used 12282K [0x00000000d5580000, 0x00000000d6a00000, 0x0000000100000000)
  eden space 11776K, 99% used [0x00000000d5580000,0x00000000d60fffc8,0x00000000d6100000)
  from space 512K, 98% used [0x00000000d6900000,0x00000000d697e920,0x00000000d6980000)
  to   space 512K, 0% used [0x00000000d6980000,0x00000000d6980000,0x00000000d6a00000)
 ParOldGen       total 1314816K, used 1314521K [0x0000000080000000, 0x00000000d0400000, 0x00000000d5580000)
  object space 1314816K, 99% used [0x0000000080000000,0x00000000d03b6798,0x00000000d0400000)
 Metaspace       used 64811K, committed 66368K, reserved 1114112K
  class space    used 5471K, committed 6208K, reserved 1048576K
}
Event: 70545.333 GC heap after
{Heap after GC invocations=69814 (full 134):
 PSYoungGen      total 12288K, used 512K [0x00000000d5580000, 0x00000000d6a00000, 0x0000000100000000)
  eden space 11776K, 0% used [0x00000000d5580000,0x00000000d5580000,0x00000000d6100000)
  from space 512K, 100% used [0x00000000d6980000,0x00000000d6a00000,0x00000000d6a00000)
  to   space 1536K, 0% used [0x00000000d6700000,0x00000000d6700000,0x00000000d6880000)
 ParOldGen       total 1315840K, used 1315367K [0x0000000080000000, 0x00000000d0500000, 0x00000000d5580000)
  object space 1315840K, 99% used [0x0000000080000000,0x00000000d0489e60,0x00000000d0500000)
 Metaspace       used 64811K, committed 66368K, reserved 1114112K
  class space    used 5471K, committed 6208K, reserved 1048576K
}

Dll operation events (12 events):
Event: 0.016 Loaded shared library c:\Users\linta\.vscode\extensions\redhat.java-1.55.2026050508-win32-x64\jre\21.0.10-win32-x86_64\bin\java.dll
Event: 0.290 Loaded shared library c:\Users\linta\.vscode\extensions\redhat.java-1.55.2026050508-win32-x64\jre\21.0.10-win32-x86_64\bin\zip.dll
Event: 0.295 Loaded shared library C:\Users\linta\.vscode\extensions\redhat.java-1.55.2026050508-win32-x64\jre\21.0.10-win32-x86_64\bin\instrument.dll
Event: 0.301 Loaded shared library C:\Users\linta\.vscode\extensions\redhat.java-1.55.2026050508-win32-x64\jre\21.0.10-win32-x86_64\bin\net.dll
Event: 0.304 Loaded shared library C:\Users\linta\.vscode\extensions\redhat.java-1.55.2026050508-win32-x64\jre\21.0.10-win32-x86_64\bin\nio.dll
Event: 0.309 Loaded shared library C:\Users\linta\.vscode\extensions\redhat.java-1.55.2026050508-win32-x64\jre\21.0.10-win32-x86_64\bin\zip.dll
Event: 0.350 Loaded shared library C:\Users\linta\.vscode\extensions\redhat.java-1.55.2026050508-win32-x64\jre\21.0.10-win32-x86_64\bin\jimage.dll
Event: 0.458 Loaded shared library c:\Users\linta\.vscode\extensions\redhat.java-1.55.2026050508-win32-x64\jre\21.0.10-win32-x86_64\bin\verify.dll
Event: 1.815 Loaded shared library C:\Users\linta\AppData\Roaming\Code\User\globalStorage\redhat.java\1.55.2026050508\config_win\org.eclipse.equinox.launcher\org.eclipse.equinox.launcher.win32.win32.x86_64_1.3.0.v20260203-2149\eclipse_11919.dll
Event: 5.023 Loaded shared library C:\Users\linta\AppData\Local\Temp\jna-102977726\jna14019152247647277266.dll
Event: 50566.775 Loaded shared library C:\Users\linta\.vscode\extensions\redhat.java-1.55.2026050508-win32-x64\jre\21.0.10-win32-x86_64\bin\sunmscapi.dll
Event: 50579.251 Loaded shared library C:\Users\linta\.vscode\extensions\redhat.java-1.55.2026050508-win32-x64\jre\21.0.10-win32-x86_64\bin\extnet.dll

Deoptimization events (20 events):
Event: 68752.608 Thread 0x000001cffbd70e70 Uncommon trap: trap_request=0xffffff76 fr.pc=0x000001cfa44563dc relative=0x000000000000003c
Event: 68752.608 Thread 0x000001cffbd70e70 Uncommon trap: reason=predicate action=maybe_recompile pc=0x000001cfa44563dc method=org.eclipse.jdt.internal.core.util.Util.findLineSeparator([C)Ljava/lang/String; @ 93 c2
Event: 68752.608 Thread 0x000001cffbd70e70 DEOPT PACKING pc=0x000001cfa44563dc sp=0x000000c9cebfe730
Event: 68752.609 Thread 0x000001cffbd70e70 DEOPT UNPACKING pc=0x000001cfa1873aa2 sp=0x000000c9cebfe6a0 mode 2
Event: 70161.992 Thread 0x000001cff9097f40 Uncommon trap: trap_request=0xffffffde fr.pc=0x000001cfa3632150 relative=0x0000000000000cf0
Event: 70161.994 Thread 0x000001cff9097f40 Uncommon trap: reason=class_check action=maybe_recompile pc=0x000001cfa3632150 method=org.eclipse.jdt.internal.compiler.lookup.MethodScope.createMethod(Lorg/eclipse/jdt/internal/compiler/ast/AbstractMethodDeclaration;)Lorg/eclipse/jdt/internal/compiler/lo
Event: 70161.995 Thread 0x000001cff9097f40 DEOPT PACKING pc=0x000001cfa3632150 sp=0x000000c9cc5fea40
Event: 70161.999 Thread 0x000001cff9097f40 DEOPT UNPACKING pc=0x000001cfa1873aa2 sp=0x000000c9cc5fe9c0 mode 2
Event: 70162.107 Thread 0x000001cff9097f40 Uncommon trap: trap_request=0xffffffde fr.pc=0x000001cfa3632150 relative=0x0000000000000cf0
Event: 70162.107 Thread 0x000001cff9097f40 Uncommon trap: reason=class_check action=maybe_recompile pc=0x000001cfa3632150 method=org.eclipse.jdt.internal.compiler.lookup.MethodScope.createMethod(Lorg/eclipse/jdt/internal/compiler/ast/AbstractMethodDeclaration;)Lorg/eclipse/jdt/internal/compiler/lo
Event: 70162.107 Thread 0x000001cff9097f40 DEOPT PACKING pc=0x000001cfa3632150 sp=0x000000c9cc5feae0
Event: 70162.108 Thread 0x000001cff9097f40 DEOPT UNPACKING pc=0x000001cfa1873aa2 sp=0x000000c9cc5fea60 mode 2
Event: 70178.096 Thread 0x000001cff909c0e0 Uncommon trap: trap_request=0xffffff45 fr.pc=0x000001cfa3d17c0c relative=0x00000000000002ac
Event: 70178.097 Thread 0x000001cff909c0e0 Uncommon trap: reason=unstable_if action=reinterpret pc=0x000001cfa3d17c0c method=org.eclipse.jdt.internal.corext.refactoring.code.ExtractMethodAnalyzer.visit(Lorg/eclipse/jdt/core/dom/MethodDeclaration;)Z @ 6 c2
Event: 70178.098 Thread 0x000001cff909c0e0 DEOPT PACKING pc=0x000001cfa3d17c0c sp=0x000000c9ceffe530
Event: 70178.098 Thread 0x000001cff909c0e0 DEOPT UNPACKING pc=0x000001cfa1873aa2 sp=0x000000c9ceffe4c0 mode 2
Event: 70178.299 Thread 0x000001cff909c0e0 Uncommon trap: trap_request=0xffffff45 fr.pc=0x000001cfa3bc6bdc relative=0x0000000000000b1c
Event: 70178.300 Thread 0x000001cff909c0e0 Uncommon trap: reason=unstable_if action=reinterpret pc=0x000001cfa3bc6bdc method=org.eclipse.jdt.internal.corext.refactoring.code.ConvertToRecordRefactoring.checkInitialConditions(Lorg/eclipse/core/runtime/IProgressMonitor;)Lorg/eclipse/ltk/core/refactor
Event: 70178.300 Thread 0x000001cff909c0e0 DEOPT PACKING pc=0x000001cfa3bc6bdc sp=0x000000c9ceffea80
Event: 70178.300 Thread 0x000001cff909c0e0 DEOPT UNPACKING pc=0x000001cfa1873aa2 sp=0x000000c9ceffea20 mode 2

Classes loaded (20 events):
Event: 68574.563 Loading class jdk/internal/module/IllegalAccessLogger
Event: 68574.566 Loading class jdk/internal/module/IllegalAccessLogger done
Event: 68575.916 Loading class jdk/internal/module/IllegalAccessLogger
Event: 68575.916 Loading class jdk/internal/module/IllegalAccessLogger done
Event: 68578.623 Loading class jdk/internal/module/IllegalAccessLogger
Event: 68578.623 Loading class jdk/internal/module/IllegalAccessLogger done
Event: 68581.162 Loading class jdk/internal/module/IllegalAccessLogger
Event: 68581.162 Loading class jdk/internal/module/IllegalAccessLogger done
Event: 68612.167 Loading class jdk/internal/module/IllegalAccessLogger
Event: 68612.179 Loading class jdk/internal/module/IllegalAccessLogger done
Event: 68626.999 Loading class jdk/internal/module/IllegalAccessLogger
Event: 68626.999 Loading class jdk/internal/module/IllegalAccessLogger done
Event: 68631.619 Loading class jdk/internal/module/IllegalAccessLogger
Event: 68631.619 Loading class jdk/internal/module/IllegalAccessLogger done
Event: 68634.153 Loading class jdk/internal/module/IllegalAccessLogger
Event: 68634.153 Loading class jdk/internal/module/IllegalAccessLogger done
Event: 68640.221 Loading class jdk/internal/module/IllegalAccessLogger
Event: 68640.222 Loading class jdk/internal/module/IllegalAccessLogger done
Event: 68754.010 Loading class jdk/internal/module/IllegalAccessLogger
Event: 68754.016 Loading class jdk/internal/module/IllegalAccessLogger done

Classes unloaded (20 events):
Event: 66181.337 Thread 0x000001cf97083890 Unloading class 0x000001cfb35e5000 'jdk/internal/reflect/GeneratedSerializationConstructorAccessor78'
Event: 66181.338 Thread 0x000001cf97083890 Unloading class 0x000001cfb35e4c00 'jdk/internal/reflect/GeneratedSerializationConstructorAccessor77'
Event: 66181.338 Thread 0x000001cf97083890 Unloading class 0x000001cfb35e4800 'jdk/internal/reflect/GeneratedSerializationConstructorAccessor76'
Event: 66181.338 Thread 0x000001cf97083890 Unloading class 0x000001cfb35e4400 'jdk/internal/reflect/GeneratedSerializationConstructorAccessor75'
Event: 66181.338 Thread 0x000001cf97083890 Unloading class 0x000001cfb35e4000 'jdk/internal/reflect/GeneratedSerializationConstructorAccessor74'
Event: 66181.338 Thread 0x000001cf97083890 Unloading class 0x000001cfb35e3c00 'jdk/internal/reflect/GeneratedSerializationConstructorAccessor73'
Event: 66181.338 Thread 0x000001cf97083890 Unloading class 0x000001cfb35e3800 'jdk/internal/reflect/GeneratedSerializationConstructorAccessor72'
Event: 66181.338 Thread 0x000001cf97083890 Unloading class 0x000001cfb35e3400 'jdk/internal/reflect/GeneratedSerializationConstructorAccessor71'
Event: 66181.338 Thread 0x000001cf97083890 Unloading class 0x000001cfb35e3000 'jdk/internal/reflect/GeneratedSerializationConstructorAccessor70'
Event: 66181.338 Thread 0x000001cf97083890 Unloading class 0x000001cfb35e2c00 'jdk/internal/reflect/GeneratedSerializationConstructorAccessor69'
Event: 66181.338 Thread 0x000001cf97083890 Unloading class 0x000001cfb35e2800 'jdk/internal/reflect/GeneratedSerializationConstructorAccessor68'
Event: 66181.338 Thread 0x000001cf97083890 Unloading class 0x000001cfb35e1400 'java/lang/invoke/LambdaForm$MH+0x000001cfb35e1400'
Event: 66181.338 Thread 0x000001cf97083890 Unloading class 0x000001cfb35e0c00 'jdk/internal/reflect/GeneratedSerializationConstructorAccessor66'
Event: 66181.339 Thread 0x000001cf97083890 Unloading class 0x000001cfb3585000 'java/lang/invoke/LambdaForm$MH+0x000001cfb3585000'
Event: 66181.339 Thread 0x000001cf97083890 Unloading class 0x000001cfb3584c00 'java/lang/invoke/LambdaForm$MH+0x000001cfb3584c00'
Event: 66181.339 Thread 0x000001cf97083890 Unloading class 0x000001cfb3584800 'java/lang/invoke/LambdaForm$MH+0x000001cfb3584800'
Event: 66181.339 Thread 0x000001cf97083890 Unloading class 0x000001cfb3584400 'java/lang/invoke/LambdaForm$MH+0x000001cfb3584400'
Event: 66181.339 Thread 0x000001cf97083890 Unloading class 0x000001cfb3528800 'java/lang/invoke/LambdaForm$MH+0x000001cfb3528800'
Event: 68570.233 Thread 0x000001cf97083890 Unloading class 0x000001cfb35e4000 'java/lang/invoke/LambdaForm$MH+0x000001cfb35e4000'
Event: 68570.233 Thread 0x000001cf97083890 Unloading class 0x000001cfb35e9c00 'java/lang/invoke/LambdaForm$MH+0x000001cfb35e9c00'

Classes redefined (0 events):
No events

Internal exceptions (20 events):
Event: 68578.784 Thread 0x000001cff9ba1a00 Exception <a 'sun/nio/fs/WindowsException'{0x00000000d55807f0}> (0x00000000d55807f0) 
thrown [s\src\hotspot\share\prims\jni.cpp, line 520]
Event: 68581.031 Thread 0x000001cff9ba1a00 Exception <a 'sun/nio/fs/WindowsException'{0x00000000d63ffb38}> (0x00000000d63ffb38) 
thrown [s\src\hotspot\share\prims\jni.cpp, line 520]
Event: 68581.310 Thread 0x000001cff9ba1a00 Exception <a 'sun/nio/fs/WindowsException'{0x00000000d56a4330}> (0x00000000d56a4330) 
thrown [s\src\hotspot\share\prims\jni.cpp, line 520]
Event: 68611.794 Thread 0x000001cff9ba1a00 Exception <a 'sun/nio/fs/WindowsException'{0x00000000d55e8d60}> (0x00000000d55e8d60) 
thrown [s\src\hotspot\share\prims\jni.cpp, line 520]
Event: 68612.249 Thread 0x000001cff9ba1a00 Exception <a 'sun/nio/fs/WindowsException'{0x00000000d5772af8}> (0x00000000d5772af8) 
thrown [s\src\hotspot\share\prims\jni.cpp, line 520]
Event: 68626.763 Thread 0x000001cff9ba1a00 Exception <a 'sun/nio/fs/WindowsException'{0x00000000d61ec488}> (0x00000000d61ec488) 
thrown [s\src\hotspot\share\prims\jni.cpp, line 520]
Event: 68627.056 Thread 0x000001cff9ba1a00 Exception <a 'sun/nio/fs/WindowsException'{0x00000000d5857fd8}> (0x00000000d5857fd8) 
thrown [s\src\hotspot\share\prims\jni.cpp, line 520]
Event: 68631.490 Thread 0x000001cff9ba1a00 Exception <a 'sun/nio/fs/WindowsException'{0x00000000d63b6938}> (0x00000000d63b6938) 
thrown [s\src\hotspot\share\prims\jni.cpp, line 520]
Event: 68631.749 Thread 0x000001cff9ba1a00 Exception <a 'sun/nio/fs/WindowsException'{0x00000000d5daee48}> (0x00000000d5daee48) 
thrown [s\src\hotspot\share\prims\jni.cpp, line 520]
Event: 68640.100 Thread 0x000001cff9ba1a00 Exception <a 'sun/nio/fs/WindowsException'{0x00000000d6cdbf80}> (0x00000000d6cdbf80) 
thrown [s\src\hotspot\share\prims\jni.cpp, line 520]
Event: 68640.409 Thread 0x000001cff9ba1a00 Exception <a 'sun/nio/fs/WindowsException'{0x00000000d578a850}> (0x00000000d578a850) 
thrown [s\src\hotspot\share\prims\jni.cpp, line 520]
Event: 68754.033 Thread 0x000001cff9ba1a00 Exception <a 'sun/nio/fs/WindowsException'{0x00000000d5ee8d30}> (0x00000000d5ee8d30) 
thrown [s\src\hotspot\share\prims\jni.cpp, line 520]
Event: 68754.397 Thread 0x000001cff9ba1a00 Exception <a 'sun/nio/fs/WindowsException'{0x00000000d5b800c8}> (0x00000000d5b800c8) 
thrown [s\src\hotspot\share\prims\jni.cpp, line 520]
Event: 68784.102 Thread 0x000001cffbd6b290 Exception <a 'sun/nio/fs/WindowsException'{0x00000000d5ac0500}> (0x00000000d5ac0500) 
thrown [s\src\hotspot\share\prims\jni.cpp, line 520]
Event: 68784.105 Thread 0x000001cffbd6b290 Exception <a 'sun/nio/fs/WindowsException'{0x00000000d5ac0d90}> (0x00000000d5ac0d90) 
thrown [s\src\hotspot\share\prims\jni.cpp, line 520]
Event: 68786.711 Thread 0x000001cffbd6b290 Exception <a 'sun/nio/fs/WindowsException'{0x00000000d569ff00}> (0x00000000d569ff00) 
thrown [s\src\hotspot\share\prims\jni.cpp, line 520]
Event: 68786.711 Thread 0x000001cffbd6b290 Exception <a 'sun/nio/fs/WindowsException'{0x00000000d56a0790}> (0x00000000d56a0790) 
thrown [s\src\hotspot\share\prims\jni.cpp, line 520]
Event: 68874.558 Thread 0x000001cffaeb2b20 Exception <a 'sun/nio/fs/WindowsException'{0x00000000d568eed8}> (0x00000000d568eed8) 
thrown [s\src\hotspot\share\prims\jni.cpp, line 520]
Event: 68874.558 Thread 0x000001cffaeb2b20 Exception <a 'sun/nio/fs/WindowsException'{0x00000000d568fa18}> (0x00000000d568fa18) 
thrown [s\src\hotspot\share\prims\jni.cpp, line 520]
Event: 70178.095 Thread 0x000001cff909c0e0 Implicit null exception at 0x000001cfa3d179a3 to 0x000001cfa3d17bfc

ZGC Phase Switch (0 events):
No events

VM Operations (20 events):
Event: 70193.017 Executing safepoint VM operation: ParallelGCFailedAllocation (Allocation Failure)
Event: 70193.022 Executing safepoint VM operation: ParallelGCFailedAllocation (Allocation Failure) done
Event: 70193.053 Executing safepoint VM operation: ParallelGCFailedAllocation (Allocation Failure)
Event: 70193.055 Executing safepoint VM operation: ParallelGCFailedAllocation (Allocation Failure) done
Event: 70193.282 Executing safepoint VM operation: ParallelGCFailedAllocation (Allocation Failure)
Event: 70193.286 Executing safepoint VM operation: ParallelGCFailedAllocation (Allocation Failure) done
Event: 70193.311 Executing safepoint VM operation: ParallelGCFailedAllocation (Allocation Failure)
Event: 70193.315 Executing safepoint VM operation: ParallelGCFailedAllocation (Allocation Failure) done
Event: 70194.682 Executing safepoint VM operation: ParallelGCFailedAllocation (Allocation Failure)
Event: 70194.686 Executing safepoint VM operation: ParallelGCFailedAllocation (Allocation Failure) done
Event: 70196.631 Executing safepoint VM operation: ParallelGCFailedAllocation (Allocation Failure)
Event: 70196.634 Executing safepoint VM operation: ParallelGCFailedAllocation (Allocation Failure) done
Event: 70221.124 Executing non-safepoint VM operation: HandshakeAllThreads (HandshakeForDeflation)
Event: 70221.126 Executing non-safepoint VM operation: HandshakeAllThreads (HandshakeForDeflation) done
Event: 70221.126 Executing non-safepoint VM operation: RendezvousGCThreads
Event: 70221.126 Executing non-safepoint VM operation: RendezvousGCThreads done
Event: 70544.712 Executing safepoint VM operation: ParallelGCFailedAllocation (Allocation Failure)
Event: 70545.215 Executing safepoint VM operation: ParallelGCFailedAllocation (Allocation Failure) done
Event: 70545.328 Executing safepoint VM operation: ParallelGCFailedAllocation (Allocation Failure)
Event: 70545.333 Executing safepoint VM operation: ParallelGCFailedAllocation (Allocation Failure) done

Memory protections (0 events):
No events

Nmethod flushes (20 events):
Event: 68732.933 Thread 0x000001cf97083890 flushing  nmethod 0x000001cfa297af10
Event: 68732.933 Thread 0x000001cf97083890 flushing  nmethod 0x000001cfa306d890
Event: 68732.933 Thread 0x000001cf97083890 flushing  nmethod 0x000001cfa3086390
Event: 68732.933 Thread 0x000001cf97083890 flushing  nmethod 0x000001cfa39f9f90
Event: 68732.933 Thread 0x000001cf97083890 flushing  nmethod 0x000001cfa3b63390
Event: 68732.934 Thread 0x000001cf97083890 flushing  nmethod 0x000001cf9a5aec10
Event: 68732.934 Thread 0x000001cf97083890 flushing  nmethod 0x000001cf9a88bf90
Event: 68732.934 Thread 0x000001cf97083890 flushing  nmethod 0x000001cf9aa32b10
Event: 68732.934 Thread 0x000001cf97083890 flushing  nmethod 0x000001cf9ab42790
Event: 68732.934 Thread 0x000001cf97083890 flushing  nmethod 0x000001cf9add0910
Event: 68732.934 Thread 0x000001cf97083890 flushing  nmethod 0x000001cf9ae6fe90
Event: 68732.935 Thread 0x000001cf97083890 flushing  nmethod 0x000001cf9b8fba90
Event: 68732.935 Thread 0x000001cf97083890 flushing  nmethod 0x000001cf9b8fc310
Event: 68732.936 Thread 0x000001cf97083890 flushing  nmethod 0x000001cf9bd11910
Event: 68732.936 Thread 0x000001cf97083890 flushing  nmethod 0x000001cf9be73b10
Event: 68732.936 Thread 0x000001cf97083890 flushing  nmethod 0x000001cf9c012290
Event: 68732.936 Thread 0x000001cf97083890 flushing  nmethod 0x000001cf9c0de090
Event: 68732.936 Thread 0x000001cf97083890 flushing  nmethod 0x000001cf9c807b10
Event: 68732.937 Thread 0x000001cf97083890 flushing  nmethod 0x000001cf9cbc0e90
Event: 68732.937 Thread 0x000001cf97083890 flushing  nmethod 0x000001cf9cca2710

Events (20 events):
Event: 70174.060 Thread 0x000001cff90957e0 Thread added: 0x000001cff9096b90
Event: 70175.236 Thread 0x000001cffc07a6f0 Thread added: 0x000001cff90978b0
Event: 70177.209 Thread 0x000001cffc07a6f0 Thread added: 0x000001cff9095e70
Event: 70177.213 Thread 0x000001cff9095e70 Thread added: 0x000001cff909a6a0
Event: 70177.218 Thread 0x000001cff909a6a0 Thread added: 0x000001cff909b3c0
Event: 70177.221 Thread 0x000001cff909b3c0 Thread added: 0x000001cff909ce00
Event: 70177.231 Thread 0x000001cff9096b90 Thread added: 0x000001cff909ad30
Event: 70177.652 Thread 0x000001cff909a6a0 Thread added: 0x000001cff909c770
Event: 70177.652 Thread 0x000001cff9096b90 Thread added: 0x000001cff909c0e0
Event: 70187.460 Thread 0x000001cff9096500 Thread added: 0x000001cff909a010
Event: 70252.917 Thread 0x000001cffaeba140 Thread exited: 0x000001cffaeba140
Event: 70256.812 Thread 0x000001cff909c770 Thread exited: 0x000001cff909c770
Event: 70316.830 Thread 0x000001cff909c0e0 Thread exited: 0x000001cff909c0e0
Event: 70376.855 Thread 0x000001cff909ce00 Thread exited: 0x000001cff909ce00
Event: 70436.852 Thread 0x000001cff9097f40 Thread exited: 0x000001cff9097f40
Event: 70496.881 Thread 0x000001cff9096b90 Thread exited: 0x000001cff9096b90
Event: 70605.509 Thread 0x000001cff909a6a0 Thread exited: 0x000001cff909a6a0
Event: 70665.526 Thread 0x000001cff909ad30 Thread exited: 0x000001cff909ad30
Event: 70725.566 Thread 0x000001cff9095e70 Thread exited: 0x000001cff9095e70
Event: 70785.585 Thread 0x000001cff90957e0 Thread exited: 0x000001cff90957e0


Dynamic libraries:
0x00007ff639aa0000 - 0x00007ff639aae000 	c:\Users\linta\.vscode\extensions\redhat.java-1.55.2026050508-win32-x64\jre\21.0.10-win32-x86_64\bin\java.exe
0x00007ffc987c0000 - 0x00007ffc98a27000 	C:\windows\SYSTEM32\ntdll.dll
0x00007ffc96d10000 - 0x00007ffc96dd9000 	C:\windows\System32\KERNEL32.DLL
0x00007ffc95090000 - 0x00007ffc95484000 	C:\windows\System32\KERNELBASE.dll
0x00007ffc96310000 - 0x00007ffc9645b000 	C:\windows\System32\ucrtbase.dll
0x00007ffbd7900000 - 0x00007ffbd7918000 	c:\Users\linta\.vscode\extensions\redhat.java-1.55.2026050508-win32-x64\jre\21.0.10-win32-x86_64\bin\jli.dll
0x00007ffc24ea0000 - 0x00007ffc24ebe000 	c:\Users\linta\.vscode\extensions\redhat.java-1.55.2026050508-win32-x64\jre\21.0.10-win32-x86_64\bin\VCRUNTIME140.dll
0x00007ffc96de0000 - 0x00007ffc96fa5000 	C:\windows\System32\USER32.dll
0x00007ffc96460000 - 0x00007ffc96487000 	C:\windows\System32\win32u.dll
0x00007ffc98750000 - 0x00007ffc9877b000 	C:\windows\System32\GDI32.dll
0x00007ffc83350000 - 0x00007ffc835e3000 	C:\windows\WinSxS\amd64_microsoft.windows.common-controls_6595b64144ccf1df_6.0.26100.8115_none_3e075c82e3354f9c\COMCTL32.dll
0x00007ffc95e40000 - 0x00007ffc95f6b000 	C:\windows\System32\gdi32full.dll
0x00007ffc96c60000 - 0x00007ffc96d09000 	C:\windows\System32\msvcrt.dll
0x00007ffc95520000 - 0x00007ffc955c3000 	C:\windows\System32\msvcp_win.dll
0x00007ffc97ff0000 - 0x00007ffc98022000 	C:\windows\System32\IMM32.DLL
0x00007ffc85d60000 - 0x00007ffc85d6c000 	c:\Users\linta\.vscode\extensions\redhat.java-1.55.2026050508-win32-x64\jre\21.0.10-win32-x86_64\bin\vcruntime140_1.dll
0x00007ffbd0780000 - 0x00007ffbd080d000 	c:\Users\linta\.vscode\extensions\redhat.java-1.55.2026050508-win32-x64\jre\21.0.10-win32-x86_64\bin\msvcp140.dll
0x00007ffbb4d80000 - 0x00007ffbb5b21000 	c:\Users\linta\.vscode\extensions\redhat.java-1.55.2026050508-win32-x64\jre\21.0.10-win32-x86_64\bin\server\jvm.dll
0x00007ffc98030000 - 0x00007ffc980e6000 	C:\windows\System32\ADVAPI32.dll
0x00007ffc96990000 - 0x00007ffc96a37000 	C:\windows\System32\sechost.dll
0x00007ffc980f0000 - 0x00007ffc98208000 	C:\windows\System32\RPCRT4.dll
0x00007ffc96860000 - 0x00007ffc968e0000 	C:\windows\System32\WS2_32.dll
0x00007ffc94f10000 - 0x00007ffc94f6e000 	C:\windows\SYSTEM32\POWRPROF.dll
0x00007ffc8b2c0000 - 0x00007ffc8b2f6000 	C:\windows\SYSTEM32\WINMM.dll
0x00007ffc89780000 - 0x00007ffc8978b000 	C:\windows\SYSTEM32\VERSION.dll
0x00007ffc94ef0000 - 0x00007ffc94f04000 	C:\windows\SYSTEM32\UMPDC.dll
0x00007ffc93df0000 - 0x00007ffc93e0b000 	C:\windows\SYSTEM32\kernel.appcore.dll
0x00007ffc79250000 - 0x00007ffc7925a000 	c:\Users\linta\.vscode\extensions\redhat.java-1.55.2026050508-win32-x64\jre\21.0.10-win32-x86_64\bin\jimage.dll
0x00007ffc89890000 - 0x00007ffc89ad2000 	C:\windows\SYSTEM32\DBGHELP.DLL
0x00007ffc97190000 - 0x00007ffc97512000 	C:\windows\System32\combase.dll
0x00007ffc970b0000 - 0x00007ffc97188000 	C:\windows\System32\OLEAUT32.dll
0x00007ffc80e30000 - 0x00007ffc80e6b000 	C:\windows\SYSTEM32\dbgcore.DLL
0x00007ffc95f70000 - 0x00007ffc96015000 	C:\windows\System32\bcryptPrimitives.dll
0x00007ffc78ee0000 - 0x00007ffc78eef000 	c:\Users\linta\.vscode\extensions\redhat.java-1.55.2026050508-win32-x64\jre\21.0.10-win32-x86_64\bin\instrument.dll
0x00007ffc379d0000 - 0x00007ffc379f0000 	c:\Users\linta\.vscode\extensions\redhat.java-1.55.2026050508-win32-x64\jre\21.0.10-win32-x86_64\bin\java.dll
0x00007ffc97880000 - 0x00007ffc97fe7000 	C:\windows\System32\SHELL32.dll
0x00007ffc96020000 - 0x00007ffc9618a000 	C:\windows\System32\wintypes.dll
0x00007ffc955d0000 - 0x00007ffc95e38000 	C:\windows\System32\windows.storage.dll
0x00007ffc96fb0000 - 0x00007ffc970a8000 	C:\windows\System32\SHCORE.dll
0x00007ffc96920000 - 0x00007ffc96986000 	C:\windows\System32\shlwapi.dll
0x00007ffc94fb0000 - 0x00007ffc94fd9000 	C:\windows\SYSTEM32\profapi.dll
0x00007ffc00ac0000 - 0x00007ffc00ad8000 	c:\Users\linta\.vscode\extensions\redhat.java-1.55.2026050508-win32-x64\jre\21.0.10-win32-x86_64\bin\zip.dll
0x00007ffc74a90000 - 0x00007ffc74aa0000 	C:\Users\linta\.vscode\extensions\redhat.java-1.55.2026050508-win32-x64\jre\21.0.10-win32-x86_64\bin\net.dll
0x00007ffc8e610000 - 0x00007ffc8e73d000 	C:\windows\SYSTEM32\WINHTTP.dll
0x00007ffc94370000 - 0x00007ffc943dc000 	C:\windows\system32\mswsock.dll
0x00007ffbd78e0000 - 0x00007ffbd78f6000 	C:\Users\linta\.vscode\extensions\redhat.java-1.55.2026050508-win32-x64\jre\21.0.10-win32-x86_64\bin\nio.dll
0x00007ffc6a3b0000 - 0x00007ffc6a3c0000 	c:\Users\linta\.vscode\extensions\redhat.java-1.55.2026050508-win32-x64\jre\21.0.10-win32-x86_64\bin\verify.dll
0x00007ffbd0250000 - 0x00007ffbd0295000 	C:\Users\linta\AppData\Roaming\Code\User\globalStorage\redhat.java\1.55.2026050508\config_win\org.eclipse.equinox.launcher\org.eclipse.equinox.launcher.win32.win32.x86_64_1.3.0.v20260203-2149\eclipse_11919.dll
0x00007ffc96560000 - 0x00007ffc966f7000 	C:\windows\System32\ole32.dll
0x00007ffc94670000 - 0x00007ffc9468b000 	C:\windows\SYSTEM32\CRYPTSP.dll
0x00007ffc93d50000 - 0x00007ffc93d89000 	C:\windows\system32\rsaenh.dll
0x00007ffc94420000 - 0x00007ffc94453000 	C:\windows\SYSTEM32\USERENV.dll
0x00007ffc94f80000 - 0x00007ffc94faa000 	C:\windows\SYSTEM32\bcrypt.dll
0x00007ffc94690000 - 0x00007ffc9469c000 	C:\windows\SYSTEM32\CRYPTBASE.dll
0x00007ffc937c0000 - 0x00007ffc937f2000 	C:\windows\SYSTEM32\IPHLPAPI.DLL
0x00007ffc96790000 - 0x00007ffc9679a000 	C:\windows\System32\NSI.dll
0x00007ffbcfa10000 - 0x00007ffbcfa59000 	C:\Users\linta\AppData\Local\Temp\jna-102977726\jna14019152247647277266.dll
0x00007ffc96550000 - 0x00007ffc96558000 	C:\windows\System32\PSAPI.DLL
0x00007ffc8e5d0000 - 0x00007ffc8e5ed000 	C:\windows\SYSTEM32\dhcpcsvc6.DLL
0x00007ffc8e3e0000 - 0x00007ffc8e405000 	C:\windows\SYSTEM32\dhcpcsvc.DLL
0x00007ffc6e710000 - 0x00007ffc6e71e000 	C:\Users\linta\.vscode\extensions\redhat.java-1.55.2026050508-win32-x64\jre\21.0.10-win32-x86_64\bin\sunmscapi.dll
0x00007ffc96190000 - 0x00007ffc96307000 	C:\windows\System32\CRYPT32.dll
0x00007ffc94890000 - 0x00007ffc948c0000 	C:\windows\SYSTEM32\ncrypt.dll
0x00007ffc94840000 - 0x00007ffc9487f000 	C:\windows\SYSTEM32\NTASN1.dll
0x00007ffc93800000 - 0x00007ffc93932000 	C:\windows\SYSTEM32\DNSAPI.dll
0x00007ffc85d50000 - 0x00007ffc85d5b000 	C:\Windows\System32\rasadhlp.dll
0x00007ffc6e700000 - 0x00007ffc6e709000 	C:\Users\linta\.vscode\extensions\redhat.java-1.55.2026050508-win32-x64\jre\21.0.10-win32-x86_64\bin\extnet.dll
0x00007ffc93f10000 - 0x00007ffc93f46000 	C:\windows\SYSTEM32\ntmarta.dll
0x00007ffc6d530000 - 0x00007ffc6d538000 	C:\windows\system32\wshunix.dll
0x00007ffc8b170000 - 0x00007ffc8b1f6000 	C:\windows\System32\fwpuclnt.dll

JVMTI agents:
c:\Users\linta\.vscode\extensions\redhat.java-1.55.2026050508-win32-x64\lombok\lombok-1.18.39-4050.jar path:c:\Users\linta\.vscode\extensions\redhat.java-1.55.2026050508-win32-x64\jre\21.0.10-win32-x86_64\bin\instrument.dll, loaded, initialized, instrumentlib options:none

dbghelp: loaded successfully - version: 4.0.5 - missing functions: none
symbol engine: initialized successfully - sym options: 0x614 - pdb path: .;c:\Users\linta\.vscode\extensions\redhat.java-1.55.2026050508-win32-x64\jre\21.0.10-win32-x86_64\bin;C:\windows\SYSTEM32;C:\windows\WinSxS\amd64_microsoft.windows.common-controls_6595b64144ccf1df_6.0.26100.8115_none_3e075c82e3354f9c;c:\Users\linta\.vscode\extensions\redhat.java-1.55.2026050508-win32-x64\jre\21.0.10-win32-x86_64\bin\server;C:\Users\linta\AppData\Roaming\Code\User\globalStorage\redhat.java\1.55.2026050508\config_win\org.eclipse.equinox.launcher\org.eclipse.equinox.launcher.win32.win32.x86_64_1.3.0.v20260203-2149;C:\Users\linta\AppData\Local\Temp\jna-102977726

VM Arguments:
jvm_args: --add-modules=ALL-SYSTEM --add-opens=java.base/java.util=ALL-UNNAMED --add-opens=java.base/java.lang=ALL-UNNAMED --add-opens=java.base/sun.nio.fs=ALL-UNNAMED -Declipse.application=org.eclipse.jdt.ls.core.id1 -Dosgi.bundles.defaultStartLevel=4 -Declipse.product=org.eclipse.jdt.ls.core.product -Djava.import.generatesMetadataFilesAtProjectRoot=false -DDetectVMInstallationsJob.disabled=true -Dfile.encoding=utf8 -XX:+UseParallelGC -XX:GCTimeRatio=4 -XX:AdaptiveSizePolicyWeight=90 -Dsun.zip.disableMemoryMapping=true -Xmx2G -Xms100m -Xlog:disable -javaagent:c:\Users\linta\.vscode\extensions\redhat.java-1.55.2026050508-win32-x64\lombok\lombok-1.18.39-4050.jar -XX:+HeapDumpOnOutOfMemoryError -XX:HeapDumpPath=c:\Users\linta\AppData\Roaming\Code\User\workspaceStorage\519f8273915d3ffbc6fb77d488cf5c1d\redhat.java -Daether.dependencyCollector.impl=bf -XX:+UnlockDiagnosticVMOptions -XX:+AllowArchivingWithJavaAgent -XX:+AutoCreateSharedArchive -XX:SharedArchiveFile=c:\Users\linta\AppData\Roaming\Code\User\globalStorage\redhat.java\1.55.2026050508\jdtls.jsa 
java_command: c:\Users\linta\.vscode\extensions\redhat.java-1.55.2026050508-win32-x64\server\plugins\org.eclipse.equinox.launcher_1.7.100.v20251111-0406.jar -configuration c:\Users\linta\AppData\Roaming\Code\User\globalStorage\redhat.java\1.55.2026050508\config_win -data c:\Users\linta\AppData\Roaming\Code\User\workspaceStorage\519f8273915d3ffbc6fb77d488cf5c1d\redhat.java\jdt_ws --pipe=\\.\pipe\lsp-b98b24c86386b05a2dc31707cc1e2e0a-sock
java_class_path (initial): c:\Users\linta\.vscode\extensions\redhat.java-1.55.2026050508-win32-x64\server\plugins\org.eclipse.equinox.launcher_1.7.100.v20251111-0406.jar
Launcher Type: SUN_STANDARD

[Global flags]
    uintx AdaptiveSizePolicyWeight                 = 90                                        {product} {command line}
     bool AllowArchivingWithJavaAgent              = true                             {JVMCI diagnostic} {command line}
     bool AutoCreateSharedArchive                  = false                               {JVMCI product} {command line}
     intx CICompilerCount                          = 4                                         {product} {ergonomic}
    uintx GCTimeRatio                              = 4                                         {product} {command line}
     bool HeapDumpOnOutOfMemoryError               = true                                   {manageable} {command line}
    ccstr HeapDumpPath                             = c:\Users\linta\AppData\Roaming\Code\User\workspaceStorage\519f8273915d3ffbc6fb77d488cf5c1d\redhat.java         {manageable} {command line}
   size_t InitialHeapSize                          = 104857600                                 {product} {command line}
   size_t MaxHeapSize                              = 2147483648                                {product} {command line}
   size_t MaxNewSize                               = 715653120                                 {product} {ergonomic}
   size_t MinHeapDeltaBytes                        = 524288                                    {product} {ergonomic}
   size_t MinHeapSize                              = 104857600                                 {product} {command line}
   size_t NewSize                                  = 34603008                                  {product} {ergonomic}
    uintx NonNMethodCodeHeapSize                   = 5839372                                {pd product} {ergonomic}
    uintx NonProfiledCodeHeapSize                  = 122909434                              {pd product} {ergonomic}
   size_t OldSize                                  = 70254592                                  {product} {ergonomic}
    uintx ProfiledCodeHeapSize                     = 122909434                              {pd product} {ergonomic}
    uintx ReservedCodeCacheSize                    = 251658240                              {pd product} {ergonomic}
     bool SegmentedCodeCache                       = true                                      {product} {ergonomic}
    ccstr SharedArchiveFile                        = c:\Users\linta\AppData\Roaming\Code\User\globalStorage\redhat.java\1.55.2026050508\jdtls.jsa      {JVMCI product} {command line}
   size_t SoftMaxHeapSize                          = 2147483648                             {manageable} {ergonomic}
     bool UnlockDiagnosticVMOptions                = true                                   {diagnostic} {command line}
     bool UseCompressedOops                        = true                           {product lp64_product} {ergonomic}
     bool UseLargePagesIndividualAllocation        = false                                  {pd product} {ergonomic}
     bool UseParallelGC                            = true                                      {product} {command line}

Logging:
Log output configuration:
 #0: stdout all=off uptime,level,tags foldmultilines=false
 #1: stderr all=off uptime,level,tags foldmultilines=false

Release file:
JAVA_VERSION="21.0.10" 
MODULES="java.base java.compiler java.datatransfer java.xml java.prefs java.desktop java.instrument java.logging java.management java.security.sasl java.naming java.rmi java.management.rmi java.net.http java.scripting java.security.jgss java.transaction.xa java.sql java.sql.rowset java.xml.crypto java.se java.smartcardio jdk.accessibility jdk.internal.jvmstat jdk.attach jdk.charsets jdk.internal.opt jdk.zipfs jdk.compiler jdk.crypto.ec jdk.crypto.cryptoki jdk.crypto.mscapi jdk.dynalink jdk.internal.ed jdk.editpad jdk.hotspot.agent jdk.httpserver jdk.internal.le jdk.internal.vm.ci jdk.internal.vm.compiler jdk.internal.vm.compiler.management jdk.jartool jdk.javadoc jdk.jcmd jdk.management jdk.management.agent jdk.jconsole jdk.jdeps jdk.jdwp.agent jdk.jdi jdk.jfr jdk.jshell jdk.jsobject jdk.jstatd jdk.localedata jdk.management.jfr jdk.naming.dns jdk.naming.rmi jdk.net jdk.nio.mapmode jdk.random jdk.sctp jdk.security.auth jdk.security.jgss jdk.unsupported jdk.unsupported.desktop jdk.xml.dom" 

Environment Variables:
PATH=C:\Users\linta\AppData\Local\Programs\Microsoft VS Code;C:\Python314\Scripts\;C:\Python314\;C:\Program Files\Eclipse Adoptium\jdk-21.0.10.7-hotspot\bin;C:\windows\system32;C:\windows;C:\windows\System32\Wbem;C:\windows\System32\WindowsPowerShell\v1.0\;C:\windows\System32\OpenSSH\;C:\Program Files\dotnet\;C:\Program Files\Git\cmd;%JAVA_HOME%\bin;C:\laragon\bin\php\php-8.2.29-Win32-vs16-x64;C:\composer;C:\laragon\bin\php\php-8.4.20-Win32-vs17-x64;C:\ProgramData\chocolatey\bin;C:\Users\linta\AppData\Local\nvm;C:\nvm4w\nodejs;C:\Users\linta\AppData\Local\Microsoft\WindowsApps;C:\Users\linta\AppData\Local\Programs\Microsoft VS Code\bin;C:\Users\linta\AppData\Local\spicetify;C:\Users\linta\AppData\Roaming\Composer\vendor\bin;C:\Users\linta\AppData\Local\Programs\Antigravity\bin;C:\Users\linta\AppData\Roaming\npm;C:\Users\linta\AppData\Local\nvm;C:\nvm4w\nodejs
USERNAME=linta
OS=Windows_NT
PROCESSOR_IDENTIFIER=AMD64 Family 25 Model 68 Stepping 1, AuthenticAMD
TMP=C:\Users\linta\AppData\Local\Temp
TEMP=C:\Users\linta\AppData\Local\Temp




Periodic native trim disabled

---------------  S Y S T E M  ---------------

OS:
 Windows 11 , 64 bit Build 26100 (10.0.26100.8246)
OS uptime: 1 days 1:37 hours
Hyper-V role detected

CPU: total 12 (initial active 12) (12 cores per cpu, 2 threads per core) family 25 model 68 stepping 1 microcode 0xa40410a, cx8, cmov, fxsr, ht, mmx, 3dnowpref, sse, sse2, sse3, ssse3, sse4a, sse4.1, sse4.2, popcnt, lzcnt, tsc, tscinvbit, avx, avx2, aes, erms, clmul, bmi1, bmi2, adx, sha, fma, vzeroupper, clflush, clflushopt, hv, rdtscp, rdpid, fsrm, f16c, cet_ss
Processor Information for processor 0
  Max Mhz: 3301, Current Mhz: 3301, Mhz Limit: 3301
Processor Information for processor 1
  Max Mhz: 3301, Current Mhz: 3301, Mhz Limit: 3301
Processor Information for processor 2
  Max Mhz: 3301, Current Mhz: 3301, Mhz Limit: 3301
Processor Information for processor 3
  Max Mhz: 3301, Current Mhz: 3301, Mhz Limit: 3301
Processor Information for processor 4
  Max Mhz: 3301, Current Mhz: 3301, Mhz Limit: 3301
Processor Information for processor 5
  Max Mhz: 3301, Current Mhz: 3301, Mhz Limit: 3301
Processor Information for processor 6
  Max Mhz: 3301, Current Mhz: 3301, Mhz Limit: 3301
Processor Information for processor 7
  Max Mhz: 3301, Current Mhz: 3301, Mhz Limit: 3301
Processor Information for processor 8
  Max Mhz: 3301, Current Mhz: 3301, Mhz Limit: 3301
Processor Information for processor 9
  Max Mhz: 3301, Current Mhz: 3301, Mhz Limit: 3301
Processor Information for processor 10
  Max Mhz: 3301, Current Mhz: 2024, Mhz Limit: 3301
Processor Information for processor 11
  Max Mhz: 3301, Current Mhz: 2024, Mhz Limit: 3301

Memory: 4k page, system-wide physical 5886M (327M free)
TotalPageFile size 24318M (AvailPageFile size 108M)
current process WorkingSet (physical memory assigned to process): 11M, peak: 1446M
current process commit charge ("private bytes"): 1733M, peak: 1911M

vm_info: OpenJDK 64-Bit Server VM (21.0.10+7-LTS) for windows-amd64 JRE (21.0.10+7-LTS), built on 2026-01-20T00:00:00Z by "admin" with MS VC++ 17.12 (VS2022)

END.
