#
# There is insufficient memory for the Java Runtime Environment to continue.
# Native memory allocation (malloc) failed to allocate 1048576 bytes. Error detail: AllocateHeap
# Possible reasons:
#   The system is out of physical RAM or swap space
#   This process is running with CompressedOops enabled, and the Java Heap may be blocking the growth of the native heap
# Possible solutions:
#   Reduce memory load on the system
#   Increase physical memory or swap space
#   Check if swap backing store is full
#   Decrease Java heap size (-Xmx/-Xms)
#   Decrease number of Java threads
#   Decrease Java thread stack sizes (-Xss)
#   Set larger code cache with -XX:ReservedCodeCacheSize=
#   JVM is running with Unscaled Compressed Oops mode in which the Java heap is
#     placed in the first 4GB address space. The Java Heap base address is the
#     maximum limit for the native heap growth. Please use -XX:HeapBaseMinAddress
#     to set the Java Heap base and to place the Java Heap above 4GB virtual address.
# This output file may be truncated or incomplete.
#
#  Out of Memory Error (allocation.cpp:44), pid=7256, tid=16468
#
# JRE version: OpenJDK Runtime Environment Temurin-21.0.10+7 (21.0.10+7) (build 21.0.10+7-LTS)
# Java VM: OpenJDK 64-Bit Server VM Temurin-21.0.10+7 (21.0.10+7-LTS, mixed mode, sharing, tiered, compressed oops, compressed class ptrs, parallel gc, windows-amd64)
# No core dump will be written. Minidumps are not enabled by default on client versions of Windows
#

---------------  S U M M A R Y ------------

Command Line: --add-modules=ALL-SYSTEM --add-opens=java.base/java.util=ALL-UNNAMED --add-opens=java.base/java.lang=ALL-UNNAMED --add-opens=java.base/sun.nio.fs=ALL-UNNAMED -Declipse.application=org.eclipse.jdt.ls.core.id1 -Dosgi.bundles.defaultStartLevel=4 -Declipse.product=org.eclipse.jdt.ls.core.product -Djava.import.generatesMetadataFilesAtProjectRoot=false -DDetectVMInstallationsJob.disabled=true -Dfile.encoding=utf8 -XX:+UseParallelGC -XX:GCTimeRatio=4 -XX:AdaptiveSizePolicyWeight=90 -Dsun.zip.disableMemoryMapping=true -Xmx2G -Xms100m -Xlog:disable -javaagent:c:\Users\linta\.antigravity\extensions\redhat.java-1.54.0-win32-x64\lombok\lombok-1.18.39-4050.jar -XX:+HeapDumpOnOutOfMemoryError -XX:HeapDumpPath=c:\Users\linta\AppData\Roaming\Antigravity\User\workspaceStorage\1b311168af8bbee6a4d6a00df0575c6d\redhat.java -Daether.dependencyCollector.impl=bf c:\Users\linta\.antigravity\extensions\redhat.java-1.54.0-win32-x64\server\plugins\org.eclipse.equinox.launcher_1.7.100.v20251111-0406.jar -configuration c:\Users\linta\AppData\Roaming\Antigravity\User\globalStorage\redhat.java\1.54.0\config_win -data c:\Users\linta\AppData\Roaming\Antigravity\User\workspaceStorage\1b311168af8bbee6a4d6a00df0575c6d\redhat.java\jdt_ws --pipe=\\.\pipe\lsp-b812e28f40ccf962efe52c296c442e4b-sock

Host: AMD Ryzen 5 7535HS with Radeon Graphics        , 12 cores, 5G,  Windows 11 , 64 bit Build 26100 (10.0.26100.8246)
Time: Tue May  5 13:54:06 2026 SE Asia Standard Time elapsed time: 1549.561281 seconds (0d 0h 25m 49s)

---------------  T H R E A D  ---------------

Current thread (0x000002265a758290):  JavaThread "Attach Listener" daemon [_thread_in_vm, id=16468, stack(0x00000035d6f00000,0x00000035d7000000) (1024K)]

Stack: [0x00000035d6f00000,0x00000035d7000000]
Native frames: (J=compiled Java code, j=interpreted, Vv=VM code, C=native code)
V  [jvm.dll+0x6d7a39]
V  [jvm.dll+0x8b4b26]
V  [jvm.dll+0x8b70de]
V  [jvm.dll+0x8b77c3]
V  [jvm.dll+0x284346]
V  [jvm.dll+0xc1277]
V  [jvm.dll+0x6d82e9]
V  [jvm.dll+0x1334a6]
V  [jvm.dll+0x3f857e]
V  [jvm.dll+0x85f59d]
V  [jvm.dll+0x6d626d]
C  [ucrtbase.dll+0x37b0]
C  [KERNEL32.DLL+0x2e8d7]
C  [ntdll.dll+0x8c3fc]


---------------  P R O C E S S  ---------------

Threads class SMR info:
_java_thread_list=0x000002267ce33430, length=78, elements={
0x000002265a6aa0a0, 0x000002265a65e850, 0x000002265a752cc0, 0x000002265a755820,
0x000002265a758290, 0x000002265a75a250, 0x000002265a75e350, 0x000002265a7644b0,
0x0000022672411fa0, 0x0000022672610db0, 0x000002267272f700, 0x00000226780a6380,
0x00000226780cd900, 0x00000226724e53b0, 0x00000226738bfc00, 0x00000226737d6120,
0x0000022673ad5ef0, 0x000002267399f6b0, 0x00000226735439c0, 0x0000022673542ca0,
0x00000226735418f0, 0x0000022673540540, 0x0000022673541f80, 0x0000022673540bd0,
0x00000226735f5680, 0x00000226735f42d0, 0x00000226735f4ff0, 0x00000226735f7750,
0x00000226735f5d10, 0x00000226735f6a30, 0x00000226735f63a0, 0x00000226735f70c0,
0x00000226735f7de0, 0x00000226735f4960, 0x00000226735f9eb0, 0x00000226735f8470,
0x00000226735fa540, 0x0000022679b772f0, 0x000002267cbe9220, 0x00000226735fabd0,
0x00000226735fb8f0, 0x00000226735f8b00, 0x00000226735f9190, 0x00000226735f9820,
0x000002267875d130, 0x000002267875caa0, 0x000002267875bd80, 0x000002267875d7c0,
0x000002267875b060, 0x00000226787605b0, 0x000002267875e4e0, 0x0000022678760c40,
0x00000226787612d0, 0x000002267875eb70, 0x000002267875de50, 0x0000022678761960,
0x000002267cbe7150, 0x000002267cbe49f0, 0x000002267cbe5080, 0x000002267cbe77e0,
0x000002267cbeb980, 0x000002267cbeb2f0, 0x000002267cbe98b0, 0x0000022679b74500,
0x0000022679b71da0, 0x0000022679b737e0, 0x0000022679b73e70, 0x0000022679b71080,
0x0000022679b72430, 0x0000022679b765d0, 0x0000022679b78010, 0x0000022673543330,
0x0000022673541260, 0x0000022673542610, 0x000002267875f890, 0x000002267a84ddd0,
0x000002267a84f810, 0x000002267a851f70
}

Java Threads: ( => current thread )
  0x000002265a6aa0a0 JavaThread "main"                              [_thread_blocked, id=4480, stack(0x00000035d6800000,0x00000035d6900000) (1024K)]
  0x000002265a65e850 JavaThread "Reference Handler"          daemon [_thread_blocked, id=11448, stack(0x00000035d6c00000,0x00000035d6d00000) (1024K)]
  0x000002265a752cc0 JavaThread "Finalizer"                  daemon [_thread_blocked, id=8024, stack(0x00000035d6d00000,0x00000035d6e00000) (1024K)]
  0x000002265a755820 JavaThread "Signal Dispatcher"          daemon [_thread_blocked, id=16616, stack(0x00000035d6e00000,0x00000035d6f00000) (1024K)]
=>0x000002265a758290 JavaThread "Attach Listener"            daemon [_thread_in_vm, id=16468, stack(0x00000035d6f00000,0x00000035d7000000) (1024K)]
  0x000002265a75a250 JavaThread "Service Thread"             daemon [_thread_blocked, id=3744, stack(0x00000035d7000000,0x00000035d7100000) (1024K)]
  0x000002265a75e350 JavaThread "Monitor Deflation Thread"   daemon [_thread_blocked, id=7292, stack(0x00000035d7100000,0x00000035d7200000) (1024K)]
  0x000002265a7644b0 JavaThread "C2 CompilerThread0"         daemon [_thread_blocked, id=8264, stack(0x00000035d7200000,0x00000035d7300000) (1024K)]
  0x0000022672411fa0 JavaThread "C1 CompilerThread0"         daemon [_thread_blocked, id=18616, stack(0x00000035d7300000,0x00000035d7400000) (1024K)]
  0x0000022672610db0 JavaThread "Common-Cleaner"             daemon [_thread_blocked, id=16364, stack(0x00000035d7400000,0x00000035d7500000) (1024K)]
  0x000002267272f700 JavaThread "Notification Thread"        daemon [_thread_blocked, id=14128, stack(0x00000035d7600000,0x00000035d7700000) (1024K)]
  0x00000226780a6380 JavaThread "Active Thread: Equinox Container: 8144fdb0-848d-43fb-bda8-764aa6de08d6"        [_thread_blocked, id=20504, stack(0x00000035d7700000,0x00000035d7800000) (1024K)]
  0x00000226780cd900 JavaThread "Refresh Thread: Equinox Container: 8144fdb0-848d-43fb-bda8-764aa6de08d6" daemon [_thread_blocked, id=9580, stack(0x00000035d7e00000,0x00000035d7f00000) (1024K)]
  0x00000226724e53b0 JavaThread "Framework Event Dispatcher: Equinox Container: 8144fdb0-848d-43fb-bda8-764aa6de08d6" daemon [_thread_blocked, id=9372, stack(0x00000035d7f00000,0x00000035d8000000) (1024K)]
  0x00000226738bfc00 JavaThread "Start Level: Equinox Container: 8144fdb0-848d-43fb-bda8-764aa6de08d6" daemon [_thread_blocked, id=15404, stack(0x00000035d8000000,0x00000035d8100000) (1024K)]
  0x00000226737d6120 JavaThread "Bundle File Closer"         daemon [_thread_blocked, id=424, stack(0x00000035d8300000,0x00000035d8400000) (1024K)]
  0x0000022673ad5ef0 JavaThread "SCR Component Actor"        daemon [_thread_blocked, id=5468, stack(0x00000035d8400000,0x00000035d8500000) (1024K)]
  0x000002267399f6b0 JavaThread "Worker-JM"                         [_thread_blocked, id=13808, stack(0x00000035d8700000,0x00000035d8800000) (1024K)]
  0x00000226735439c0 JavaThread "JNA Cleaner"                daemon [_thread_blocked, id=13324, stack(0x00000035d8600000,0x00000035d8700000) (1024K)]
  0x0000022673542ca0 JavaThread "Java indexing"              daemon [_thread_blocked, id=19404, stack(0x00000035d8a00000,0x00000035d8b00000) (1024K)]
  0x00000226735418f0 JavaThread "Worker-3"                          [_thread_blocked, id=17288, stack(0x00000035d8f00000,0x00000035d9000000) (1024K)]
  0x0000022673540540 JavaThread "Thread-1"                   daemon [_thread_in_native, id=20944, stack(0x00000035d9000000,0x00000035d9100000) (1024K)]
  0x0000022673541f80 JavaThread "Thread-2"                   daemon [_thread_in_native, id=20612, stack(0x00000035d9100000,0x00000035d9200000) (1024K)]
  0x0000022673540bd0 JavaThread "Thread-3"                   daemon [_thread_in_native, id=4364, stack(0x00000035d9200000,0x00000035d9300000) (1024K)]
  0x00000226735f5680 JavaThread "Thread-4"                   daemon [_thread_in_native, id=12096, stack(0x00000035d9300000,0x00000035d9400000) (1024K)]
  0x00000226735f42d0 JavaThread "Thread-5"                   daemon [_thread_in_native, id=21024, stack(0x00000035d9400000,0x00000035d9500000) (1024K)]
  0x00000226735f4ff0 JavaThread "Thread-6"                   daemon [_thread_in_native, id=14868, stack(0x00000035d9500000,0x00000035d9600000) (1024K)]
  0x00000226735f7750 JavaThread "Thread-7"                   daemon [_thread_in_native, id=17652, stack(0x00000035d9600000,0x00000035d9700000) (1024K)]
  0x00000226735f5d10 JavaThread "Thread-8"                   daemon [_thread_in_native, id=7708, stack(0x00000035d9700000,0x00000035d9800000) (1024K)]
  0x00000226735f6a30 JavaThread "Thread-9"                   daemon [_thread_in_native, id=1824, stack(0x00000035d9800000,0x00000035d9900000) (1024K)]
  0x00000226735f63a0 JavaThread "Thread-10"                  daemon [_thread_in_native, id=11716, stack(0x00000035d9900000,0x00000035d9a00000) (1024K)]
  0x00000226735f70c0 JavaThread "Thread-11"                  daemon [_thread_in_native, id=20484, stack(0x00000035d9a00000,0x00000035d9b00000) (1024K)]
  0x00000226735f7de0 JavaThread "Thread-12"                  daemon [_thread_in_native, id=9792, stack(0x00000035d9b00000,0x00000035d9c00000) (1024K)]
  0x00000226735f4960 JavaThread "Thread-13"                  daemon [_thread_in_native, id=7836, stack(0x00000035d9c00000,0x00000035d9d00000) (1024K)]
  0x00000226735f9eb0 JavaThread "pool-2-thread-1"                   [_thread_blocked, id=16344, stack(0x00000035d9d00000,0x00000035d9e00000) (1024K)]
  0x00000226735f8470 JavaThread "WorkspaceEventsHandler"            [_thread_blocked, id=19148, stack(0x00000035d9e00000,0x00000035d9f00000) (1024K)]
  0x00000226735fa540 JavaThread "pool-1-thread-1"                   [_thread_blocked, id=11556, stack(0x00000035d9f00000,0x00000035da000000) (1024K)]
  0x0000022679b772f0 JavaThread "Cleaner-0"                  daemon [_thread_blocked, id=18660, stack(0x00000035d6700000,0x00000035d6800000) (1024K)]
  0x000002267cbe9220 JavaThread "Worker-6"                          [_thread_blocked, id=8868, stack(0x00000035d6500000,0x00000035d6600000) (1024K)]
  0x00000226735fabd0 JavaThread "ForkJoinPool.commonPool-worker-12" daemon [_thread_blocked, id=8924, stack(0x00000035d6600000,0x00000035d6700000) (1024K)]
  0x00000226735fb8f0 JavaThread "Worker-9"                          [_thread_blocked, id=14920, stack(0x00000035d8500000,0x00000035d8600000) (1024K)]
  0x00000226735f8b00 JavaThread "Worker-10"                         [_thread_blocked, id=1200, stack(0x00000035d8800000,0x00000035d8900000) (1024K)]
  0x00000226735f9190 JavaThread "Worker-11"                         [_thread_blocked, id=3860, stack(0x00000035d8900000,0x00000035d8a00000) (1024K)]
  0x00000226735f9820 JavaThread "LocalFile Deleter"          daemon [_thread_blocked, id=20560, stack(0x00000035d8b00000,0x00000035d8c00000) (1024K)]
  0x000002267875d130 JavaThread "LocalFile Deleter"          daemon [_thread_blocked, id=4636, stack(0x00000035d8d00000,0x00000035d8e00000) (1024K)]
  0x000002267875caa0 JavaThread "Compiler Source File Reader" daemon [_thread_blocked, id=15640, stack(0x00000035d8e00000,0x00000035d8f00000) (1024K)]
  0x000002267875bd80 JavaThread "Compiler Source File Reader" daemon [_thread_blocked, id=3880, stack(0x00000035da000000,0x00000035da100000) (1024K)]
  0x000002267875d7c0 JavaThread "Compiler Source File Reader" daemon [_thread_blocked, id=6324, stack(0x00000035da100000,0x00000035da200000) (1024K)]
  0x000002267875b060 JavaThread "Compiler Source File Reader" daemon [_thread_blocked, id=12276, stack(0x00000035da200000,0x00000035da300000) (1024K)]
  0x00000226787605b0 JavaThread "Compiler Source File Reader" daemon [_thread_blocked, id=7884, stack(0x00000035da300000,0x00000035da400000) (1024K)]
  0x000002267875e4e0 JavaThread "Compiler Source File Reader" daemon [_thread_blocked, id=14844, stack(0x00000035da400000,0x00000035da500000) (1024K)]
  0x0000022678760c40 JavaThread "Compiler Source File Reader" daemon [_thread_blocked, id=14828, stack(0x00000035da500000,0x00000035da600000) (1024K)]
  0x00000226787612d0 JavaThread "Compiler Source File Reader" daemon [_thread_blocked, id=9072, stack(0x00000035da600000,0x00000035da700000) (1024K)]
  0x000002267875eb70 JavaThread "Compiler Source File Reader" daemon [_thread_blocked, id=13288, stack(0x00000035da700000,0x00000035da800000) (1024K)]
  0x000002267875de50 JavaThread "Compiler Processing Task"   daemon [_thread_blocked, id=8144, stack(0x00000035da800000,0x00000035da900000) (1024K)]
  0x0000022678761960 JavaThread "Compiler Source File Reader" daemon [_thread_blocked, id=4076, stack(0x00000035da900000,0x00000035daa00000) (1024K)]
  0x000002267cbe7150 JavaThread "LocalFile Deleter"          daemon [_thread_blocked, id=8540, stack(0x00000035daa00000,0x00000035dab00000) (1024K)]
  0x000002267cbe49f0 JavaThread "LocalFile Deleter"          daemon [_thread_blocked, id=14744, stack(0x00000035dab00000,0x00000035dac00000) (1024K)]
  0x000002267cbe5080 JavaThread "LocalFile Deleter"          daemon [_thread_blocked, id=16180, stack(0x00000035dac00000,0x00000035dad00000) (1024K)]
  0x000002267cbe77e0 JavaThread "LocalFile Deleter"          daemon [_thread_blocked, id=17248, stack(0x00000035dad00000,0x00000035dae00000) (1024K)]
  0x000002267cbeb980 JavaThread "LocalFile Deleter"          daemon [_thread_blocked, id=5024, stack(0x00000035dae00000,0x00000035daf00000) (1024K)]
  0x000002267cbeb2f0 JavaThread "LocalFile Deleter"          daemon [_thread_blocked, id=7948, stack(0x00000035daf00000,0x00000035db000000) (1024K)]
  0x000002267cbe98b0 JavaThread "LocalFile Deleter"          daemon [_thread_blocked, id=17752, stack(0x00000035db000000,0x00000035db100000) (1024K)]
  0x0000022679b74500 JavaThread "LocalFile Deleter"          daemon [_thread_blocked, id=19244, stack(0x00000035db100000,0x00000035db200000) (1024K)]
  0x0000022679b71da0 JavaThread "LocalFile Deleter"          daemon [_thread_blocked, id=2532, stack(0x00000035db200000,0x00000035db300000) (1024K)]
  0x0000022679b737e0 JavaThread "Compiler Class File Writer" daemon [_thread_blocked, id=19800, stack(0x00000035db300000,0x00000035db400000) (1024K)]
  0x0000022679b73e70 JavaThread "Compiler Class File Writer" daemon [_thread_blocked, id=8944, stack(0x00000035db400000,0x00000035db500000) (1024K)]
  0x0000022679b71080 JavaThread "Compiler Class File Writer" daemon [_thread_blocked, id=14724, stack(0x00000035db500000,0x00000035db600000) (1024K)]
  0x0000022679b72430 JavaThread "Compiler Class File Writer" daemon [_thread_blocked, id=16392, stack(0x00000035db600000,0x00000035db700000) (1024K)]
  0x0000022679b765d0 JavaThread "Compiler Class File Writer" daemon [_thread_blocked, id=9980, stack(0x00000035db700000,0x00000035db800000) (1024K)]
  0x0000022679b78010 JavaThread "Compiler Class File Writer" daemon [_thread_blocked, id=11144, stack(0x00000035db800000,0x00000035db900000) (1024K)]
  0x0000022673543330 JavaThread "Compiler Class File Writer" daemon [_thread_blocked, id=8664, stack(0x00000035db900000,0x00000035dba00000) (1024K)]
  0x0000022673541260 JavaThread "Compiler Class File Writer" daemon [_thread_blocked, id=13668, stack(0x00000035dba00000,0x00000035dbb00000) (1024K)]
  0x0000022673542610 JavaThread "Compiler Class File Writer" daemon [_thread_blocked, id=1312, stack(0x00000035dbb00000,0x00000035dbc00000) (1024K)]
  0x000002267875f890 JavaThread "Compiler Class File Writer" daemon [_thread_blocked, id=3788, stack(0x00000035dbc00000,0x00000035dbd00000) (1024K)]
  0x000002267a84ddd0 JavaThread "ForkJoinPool.commonPool-worker-13" daemon [_thread_blocked, id=11952, stack(0x00000035dbe00000,0x00000035dbf00000) (1024K)]
  0x000002267a84f810 JavaThread "ForkJoinPool.commonPool-worker-15" daemon [_thread_blocked, id=13812, stack(0x00000035dc000000,0x00000035dc100000) (1024K)]
  0x000002267a851f70 JavaThread "ForkJoinPool.commonPool-worker-16" daemon [_thread_blocked, id=2732, stack(0x00000035dbd00000,0x00000035dbe00000) (1024K)]
Total: 78

Other Threads:
  0x000002265a644610 VMThread "VM Thread"                           [id=20544, stack(0x00000035d6b00000,0x00000035d6c00000) (1024K)]
  0x000002265a53ca00 WatcherThread "VM Periodic Task Thread"        [id=18876, stack(0x00000035d6a00000,0x00000035d6b00000) (1024K)]
  0x000002265a6c82c0 WorkerThread "GC Thread#0"                     [id=8452, stack(0x00000035d6900000,0x00000035d6a00000) (1024K)]
  0x00000226726fe820 WorkerThread "GC Thread#1"                     [id=19116, stack(0x00000035d7800000,0x00000035d7900000) (1024K)]
  0x00000226726febd0 WorkerThread "GC Thread#2"                     [id=17928, stack(0x00000035d7900000,0x00000035d7a00000) (1024K)]
  0x00000226726fe470 WorkerThread "GC Thread#3"                     [id=13112, stack(0x00000035d7a00000,0x00000035d7b00000) (1024K)]
  0x00000226726fdd10 WorkerThread "GC Thread#4"                     [id=18744, stack(0x00000035d7b00000,0x00000035d7c00000) (1024K)]
  0x00000226726fef80 WorkerThread "GC Thread#5"                     [id=20672, stack(0x00000035d7c00000,0x00000035d7d00000) (1024K)]
  0x00000226726fd960 WorkerThread "GC Thread#6"                     [id=14064, stack(0x00000035d7d00000,0x00000035d7e00000) (1024K)]
  0x000002267251da40 WorkerThread "GC Thread#7"                     [id=11364, stack(0x00000035d7500000,0x00000035d7600000) (1024K)]
  0x000002267251ddf0 WorkerThread "GC Thread#8"                     [id=3904, stack(0x00000035d8100000,0x00000035d8200000) (1024K)]
  0x000002267251bcc0 WorkerThread "GC Thread#9"                     [id=13948, stack(0x00000035d8200000,0x00000035d8300000) (1024K)]
Total: 12

Threads with active compile tasks:
Total: 0

VM state: not at safepoint (normal execution)

VM Mutex/Monitor currently owned by a thread: None

Heap address: 0x0000000080000000, size: 2048 MB, Compressed Oops mode: 32-bit

CDS archive(s) mapped at: [0x0000022600000000-0x0000022600ba0000-0x0000022600ba0000), size 12189696, SharedBaseAddress: 0x0000022600000000, ArchiveRelocationMode: 1.
Compressed class space mapped at: 0x0000022601000000-0x0000022641000000, reserved size: 1073741824
Narrow klass base: 0x0000022600000000, Narrow klass shift: 0, Narrow klass range: 0x100000000

GC Precious Log:
 CardTable entry size: 512
 CPUs: 12 total, 12 available
 Memory: 5886M
 Large Page Support: Disabled
 NUMA Support: Disabled
 Compressed Oops: Enabled (32-bit)
 Alignments: Space 512K, Generation 512K, Heap 2M
 Heap Min Capacity: 100M
 Heap Initial Capacity: 100M
 Heap Max Capacity: 2G
 Pre-touch: Disabled
 Parallel Workers: 10

Heap:
 PSYoungGen      total 3584K, used 791K [0x00000000d5580000, 0x00000000d5b80000, 0x0000000100000000)
  eden space 3072K, 11% used [0x00000000d5580000,0x00000000d55d9da0,0x00000000d5880000)
  from space 512K, 84% used [0x00000000d5a80000,0x00000000d5aec010,0x00000000d5b00000)
  to   space 512K, 0% used [0x00000000d5b00000,0x00000000d5b00000,0x00000000d5b80000)
 ParOldGen       total 655360K, used 119985K [0x0000000080000000, 0x00000000a8000000, 0x00000000d5580000)
  object space 655360K, 18% used [0x0000000080000000,0x000000008752c608,0x00000000a8000000)
 Metaspace       used 79395K, committed 81024K, reserved 1179648K
  class space    used 7766K, committed 8512K, reserved 1048576K

Card table byte_map: [0x000002265a050000,0x000002265a460000] _byte_map_base: 0x0000022659c50000

Marking Bits: (ParMarkBitMap*) 0x00007ffa206d3450
 Begin Bits: [0x000002266cb60000, 0x000002266eb60000)
 End Bits:   [0x000002266eb60000, 0x0000022670b60000)

Polling page: 0x00000226584f0000

Metaspace:

Usage:
  Non-class:     69.95 MB used.
      Class:      7.58 MB used.
       Both:     77.53 MB used.

Virtual space:
  Non-class space:      128.00 MB reserved,      70.81 MB ( 55%) committed,  2 nodes.
      Class space:        1.00 GB reserved,       8.31 MB ( <1%) committed,  1 nodes.
             Both:        1.12 GB reserved,      79.12 MB (  7%) committed. 

Chunk freelists:
   Non-Class:  8.88 MB
       Class:  7.58 MB
        Both:  16.45 MB

MaxMetaspaceSize: unlimited
CompressedClassSpaceSize: 1.00 GB
Initial GC threshold: 21.00 MB
Current GC threshold: 131.69 MB
CDS: on
 - commit_granule_bytes: 65536.
 - commit_granule_words: 8192.
 - virtual_space_node_default_size: 8388608.
 - enlarge_chunks_in_place: 1.
 - use_allocation_guard: 0.


Internal statistics:

num_allocs_failed_limit: 9.
num_arena_births: 1602.
num_arena_deaths: 52.
num_vsnodes_births: 3.
num_vsnodes_deaths: 0.
num_space_committed: 1273.
num_space_uncommitted: 6.
num_chunks_returned_to_freelist: 122.
num_chunks_taken_from_freelist: 5710.
num_chunk_merges: 23.
num_chunk_splits: 3387.
num_chunks_enlarged: 1845.
num_inconsistent_stats: 0.

CodeHeap 'non-profiled nmethods': size=120000Kb used=17404Kb max_used=19135Kb free=102595Kb
 bounds [0x0000022665380000, 0x0000022666630000, 0x000002266c8b0000]
CodeHeap 'profiled nmethods': size=120000Kb used=44303Kb max_used=54224Kb free=75696Kb
 bounds [0x000002265d8b0000, 0x0000022660db0000, 0x0000022664de0000]
CodeHeap 'non-nmethods': size=5760Kb used=1474Kb max_used=1571Kb free=4285Kb
 bounds [0x0000022664de0000, 0x0000022665050000, 0x0000022665380000]
CodeCache: size=245760Kb, used=63181Kb, max_used=74930Kb, free=182576Kb
 total_blobs=18946, nmethods=18157, adapters=691, full_count=0
Compilation: enabled, stopped_count=0, restarted_count=0

Compilation events (20 events):
Event: 1491.202 Thread 0x000002265a7644b0 23127       4       org.eclipse.jdt.internal.compiler.ast.TypeReference::resolveType (8 bytes)
Event: 1491.203 Thread 0x000002265a7644b0 nmethod 23127 0x00000226653bb690 code [0x00000226653bb820, 0x00000226653bb8d0]
Event: 1491.203 Thread 0x000002265a7644b0 23180       4       org.eclipse.core.runtime.Platform::getPreferencesService (7 bytes)
Event: 1491.205 Thread 0x000002265a7644b0 nmethod 23180 0x0000022665ba7d10 code [0x0000022665ba7ec0, 0x0000022665ba8028]
Event: 1491.205 Thread 0x000002265a7644b0 23030       4       java.lang.invoke.LambdaForm$MH/0x000002260173a400::invoke (85 bytes)
Event: 1491.207 Thread 0x000002265a7644b0 nmethod 23030 0x0000022665433a90 code [0x0000022665433c40, 0x0000022665433db8]
Event: 1491.207 Thread 0x000002265a7644b0 23172       4       org.eclipse.jdt.internal.compiler.lookup.BoundSet$$Lambda/0x00000226017ce6d8::<init> (10 bytes)
Event: 1491.208 Thread 0x000002265a7644b0 nmethod 23172 0x00000226653c2410 code [0x00000226653c25a0, 0x00000226653c2640]
Event: 1491.208 Thread 0x000002265a7644b0 23200       4       org.eclipse.jdt.internal.compiler.classfmt.FieldInfo::getModifiers (26 bytes)
Event: 1491.229 Thread 0x000002265a7644b0 nmethod 23200 0x00000226653ad510 code [0x00000226653ad700, 0x00000226653ae600]
Event: 1491.229 Thread 0x000002265a7644b0 23199       4       org.eclipse.jdt.internal.compiler.classfmt.FieldInfo::getConstant (16 bytes)
Event: 1491.230 Thread 0x000002265a7644b0 nmethod 23199 0x00000226653c4310 code [0x00000226653c44a0, 0x00000226653c4568]
Event: 1491.230 Thread 0x000002265a7644b0 23239       4       org.apache.maven.shared.filtering.BoundedReader::reset (13 bytes)
Event: 1491.230 Thread 0x000002265a7644b0 nmethod 23239 0x00000226653c8210 code [0x00000226653c83a0, 0x00000226653c8458]
Event: 1491.230 Thread 0x000002265a7644b0 23069       4       org.eclipse.jdt.internal.compiler.flow.FlowInfo::asNegatedCondition (2 bytes)
Event: 1491.231 Thread 0x000002265a7644b0 nmethod 23069 0x00000226653cd410 code [0x00000226653cd5a0, 0x00000226653cd628]
Event: 1491.231 Thread 0x000002265a7644b0 23089       4       org.eclipse.jdt.internal.compiler.ast.Expression::updateFlowOnBooleanResult (1 bytes)
Event: 1491.231 Thread 0x000002265a7644b0 nmethod 23089 0x00000226653d5410 code [0x00000226653d55a0, 0x00000226653d5628]
Event: 1491.231 Thread 0x000002265a7644b0 23019       4       lombok.eclipse.EclipseASTAdapter::visitAnnotationOnMethodArgument (1 bytes)
Event: 1491.231 Thread 0x000002265a7644b0 nmethod 23019 0x00000226653d6890 code [0x00000226653d6a20, 0x00000226653d6aa8]

GC Heap History (20 events):
Event: 1489.641 GC heap before
{Heap before GC invocations=1551 (full 5):
 PSYoungGen      total 4096K, used 3520K [0x00000000d5580000, 0x00000000d5c80000, 0x0000000100000000)
  eden space 3072K, 100% used [0x00000000d5580000,0x00000000d5880000,0x00000000d5880000)
  from space 1024K, 43% used [0x00000000d5a80000,0x00000000d5af0000,0x00000000d5b80000)
  to   space 512K, 0% used [0x00000000d5c00000,0x00000000d5c00000,0x00000000d5c80000)
 ParOldGen       total 655360K, used 116603K [0x0000000080000000, 0x00000000a8000000, 0x00000000d5580000)
  object space 655360K, 17% used [0x0000000080000000,0x00000000871def40,0x00000000a8000000)
 Metaspace       used 78936K, committed 80896K, reserved 1179648K
  class space    used 7725K, committed 8512K, reserved 1048576K
}
Event: 1489.645 GC heap after
{Heap after GC invocations=1551 (full 5):
 PSYoungGen      total 3584K, used 512K [0x00000000d5580000, 0x00000000d5c80000, 0x0000000100000000)
  eden space 3072K, 0% used [0x00000000d5580000,0x00000000d5580000,0x00000000d5880000)
  from space 512K, 100% used [0x00000000d5c00000,0x00000000d5c80000,0x00000000d5c80000)
  to   space 1536K, 0% used [0x00000000d5980000,0x00000000d5980000,0x00000000d5b00000)
 ParOldGen       total 655360K, used 117034K [0x0000000080000000, 0x00000000a8000000, 0x00000000d5580000)
  object space 655360K, 17% used [0x0000000080000000,0x000000008724a860,0x00000000a8000000)
 Metaspace       used 78936K, committed 80896K, reserved 1179648K
  class space    used 7725K, committed 8512K, reserved 1048576K
}
Event: 1489.664 GC heap before
{Heap before GC invocations=1552 (full 5):
 PSYoungGen      total 3584K, used 3584K [0x00000000d5580000, 0x00000000d5c80000, 0x0000000100000000)
  eden space 3072K, 100% used [0x00000000d5580000,0x00000000d5880000,0x00000000d5880000)
  from space 512K, 100% used [0x00000000d5c00000,0x00000000d5c80000,0x00000000d5c80000)
  to   space 1536K, 0% used [0x00000000d5980000,0x00000000d5980000,0x00000000d5b00000)
 ParOldGen       total 655360K, used 117034K [0x0000000080000000, 0x00000000a8000000, 0x00000000d5580000)
  object space 655360K, 17% used [0x0000000080000000,0x000000008724a860,0x00000000a8000000)
 Metaspace       used 78936K, committed 80896K, reserved 1179648K
  class space    used 7725K, committed 8512K, reserved 1048576K
}
Event: 1489.667 GC heap after
{Heap after GC invocations=1552 (full 5):
 PSYoungGen      total 4608K, used 640K [0x00000000d5580000, 0x00000000d5c80000, 0x0000000100000000)
  eden space 3072K, 0% used [0x00000000d5580000,0x00000000d5580000,0x00000000d5880000)
  from space 1536K, 41% used [0x00000000d5980000,0x00000000d5a20000,0x00000000d5b00000)
  to   space 1024K, 0% used [0x00000000d5b80000,0x00000000d5b80000,0x00000000d5c80000)
 ParOldGen       total 655360K, used 117437K [0x0000000080000000, 0x00000000a8000000, 0x00000000d5580000)
  object space 655360K, 17% used [0x0000000080000000,0x00000000872af770,0x00000000a8000000)
 Metaspace       used 78936K, committed 80896K, reserved 1179648K
  class space    used 7725K, committed 8512K, reserved 1048576K
}
Event: 1489.691 GC heap before
{Heap before GC invocations=1553 (full 5):
 PSYoungGen      total 4608K, used 3712K [0x00000000d5580000, 0x00000000d5c80000, 0x0000000100000000)
  eden space 3072K, 100% used [0x00000000d5580000,0x00000000d5880000,0x00000000d5880000)
  from space 1536K, 41% used [0x00000000d5980000,0x00000000d5a20000,0x00000000d5b00000)
  to   space 1024K, 0% used [0x00000000d5b80000,0x00000000d5b80000,0x00000000d5c80000)
 ParOldGen       total 655360K, used 117437K [0x0000000080000000, 0x00000000a8000000, 0x00000000d5580000)
  object space 655360K, 17% used [0x0000000080000000,0x00000000872af770,0x00000000a8000000)
 Metaspace       used 78936K, committed 80896K, reserved 1179648K
  class space    used 7725K, committed 8512K, reserved 1048576K
}
Event: 1489.693 GC heap after
{Heap after GC invocations=1553 (full 5):
 PSYoungGen      total 3584K, used 512K [0x00000000d5580000, 0x00000000d5c00000, 0x0000000100000000)
  eden space 3072K, 0% used [0x00000000d5580000,0x00000000d5580000,0x00000000d5880000)
  from space 512K, 100% used [0x00000000d5b80000,0x00000000d5c00000,0x00000000d5c00000)
  to   space 1024K, 0% used [0x00000000d5a00000,0x00000000d5a00000,0x00000000d5b00000)
 ParOldGen       total 655360K, used 117877K [0x0000000080000000, 0x00000000a8000000, 0x00000000d5580000)
  object space 655360K, 17% used [0x0000000080000000,0x000000008731d780,0x00000000a8000000)
 Metaspace       used 78936K, committed 80896K, reserved 1179648K
  class space    used 7725K, committed 8512K, reserved 1048576K
}
Event: 1489.804 GC heap before
{Heap before GC invocations=1554 (full 5):
 PSYoungGen      total 3584K, used 3584K [0x00000000d5580000, 0x00000000d5c00000, 0x0000000100000000)
  eden space 3072K, 100% used [0x00000000d5580000,0x00000000d5880000,0x00000000d5880000)
  from space 512K, 100% used [0x00000000d5b80000,0x00000000d5c00000,0x00000000d5c00000)
  to   space 1024K, 0% used [0x00000000d5a00000,0x00000000d5a00000,0x00000000d5b00000)
 ParOldGen       total 655360K, used 117877K [0x0000000080000000, 0x00000000a8000000, 0x00000000d5580000)
  object space 655360K, 17% used [0x0000000080000000,0x000000008731d780,0x00000000a8000000)
 Metaspace       used 78941K, committed 80896K, reserved 1179648K
  class space    used 7725K, committed 8512K, reserved 1048576K
}
Event: 1489.807 GC heap after
{Heap after GC invocations=1554 (full 5):
 PSYoungGen      total 4096K, used 800K [0x00000000d5580000, 0x00000000d5c00000, 0x0000000100000000)
  eden space 3072K, 0% used [0x00000000d5580000,0x00000000d5580000,0x00000000d5880000)
  from space 1024K, 78% used [0x00000000d5a00000,0x00000000d5ac8040,0x00000000d5b00000)
  to   space 1024K, 0% used [0x00000000d5b00000,0x00000000d5b00000,0x00000000d5c00000)
 ParOldGen       total 655360K, used 118220K [0x0000000080000000, 0x00000000a8000000, 0x00000000d5580000)
  object space 655360K, 18% used [0x0000000080000000,0x0000000087373030,0x00000000a8000000)
 Metaspace       used 78941K, committed 80896K, reserved 1179648K
  class space    used 7725K, committed 8512K, reserved 1048576K
}
Event: 1489.814 GC heap before
{Heap before GC invocations=1555 (full 5):
 PSYoungGen      total 4096K, used 3872K [0x00000000d5580000, 0x00000000d5c00000, 0x0000000100000000)
  eden space 3072K, 100% used [0x00000000d5580000,0x00000000d5880000,0x00000000d5880000)
  from space 1024K, 78% used [0x00000000d5a00000,0x00000000d5ac8040,0x00000000d5b00000)
  to   space 1024K, 0% used [0x00000000d5b00000,0x00000000d5b00000,0x00000000d5c00000)
 ParOldGen       total 655360K, used 118220K [0x0000000080000000, 0x00000000a8000000, 0x00000000d5580000)
  object space 655360K, 18% used [0x0000000080000000,0x0000000087373030,0x00000000a8000000)
 Metaspace       used 78941K, committed 80896K, reserved 1179648K
  class space    used 7725K, committed 8512K, reserved 1048576K
}
Event: 1489.818 GC heap after
{Heap after GC invocations=1555 (full 5):
 PSYoungGen      total 4096K, used 832K [0x00000000d5580000, 0x00000000d5c00000, 0x0000000100000000)
  eden space 3072K, 0% used [0x00000000d5580000,0x00000000d5580000,0x00000000d5880000)
  from space 1024K, 81% used [0x00000000d5b00000,0x00000000d5bd0000,0x00000000d5c00000)
  to   space 1024K, 0% used [0x00000000d5a00000,0x00000000d5a00000,0x00000000d5b00000)
 ParOldGen       total 655360K, used 118672K [0x0000000080000000, 0x00000000a8000000, 0x00000000d5580000)
  object space 655360K, 18% used [0x0000000080000000,0x00000000873e4040,0x00000000a8000000)
 Metaspace       used 78941K, committed 80896K, reserved 1179648K
  class space    used 7725K, committed 8512K, reserved 1048576K
}
Event: 1489.829 GC heap before
{Heap before GC invocations=1556 (full 5):
 PSYoungGen      total 4096K, used 3903K [0x00000000d5580000, 0x00000000d5c00000, 0x0000000100000000)
  eden space 3072K, 99% used [0x00000000d5580000,0x00000000d587fff8,0x00000000d5880000)
  from space 1024K, 81% used [0x00000000d5b00000,0x00000000d5bd0000,0x00000000d5c00000)
  to   space 1024K, 0% used [0x00000000d5a00000,0x00000000d5a00000,0x00000000d5b00000)
 ParOldGen       total 655360K, used 118672K [0x0000000080000000, 0x00000000a8000000, 0x00000000d5580000)
  object space 655360K, 18% used [0x0000000080000000,0x00000000873e4040,0x00000000a8000000)
 Metaspace       used 78941K, committed 80896K, reserved 1179648K
  class space    used 7725K, committed 8512K, reserved 1048576K
}
Event: 1489.832 GC heap after
{Heap after GC invocations=1556 (full 5):
 PSYoungGen      total 4096K, used 544K [0x00000000d5580000, 0x00000000d5b80000, 0x0000000100000000)
  eden space 3072K, 0% used [0x00000000d5580000,0x00000000d5580000,0x00000000d5880000)
  from space 1024K, 53% used [0x00000000d5a00000,0x00000000d5a88000,0x00000000d5b00000)
  to   space 512K, 0% used [0x00000000d5b00000,0x00000000d5b00000,0x00000000d5b80000)
 ParOldGen       total 655360K, used 119224K [0x0000000080000000, 0x00000000a8000000, 0x00000000d5580000)
  object space 655360K, 18% used [0x0000000080000000,0x000000008746e040,0x00000000a8000000)
 Metaspace       used 78941K, committed 80896K, reserved 1179648K
  class space    used 7725K, committed 8512K, reserved 1048576K
}
Event: 1489.983 GC heap before
{Heap before GC invocations=1557 (full 5):
 PSYoungGen      total 4096K, used 3616K [0x00000000d5580000, 0x00000000d5b80000, 0x0000000100000000)
  eden space 3072K, 100% used [0x00000000d5580000,0x00000000d5880000,0x00000000d5880000)
  from space 1024K, 53% used [0x00000000d5a00000,0x00000000d5a88000,0x00000000d5b00000)
  to   space 512K, 0% used [0x00000000d5b00000,0x00000000d5b00000,0x00000000d5b80000)
 ParOldGen       total 655360K, used 119224K [0x0000000080000000, 0x00000000a8000000, 0x00000000d5580000)
  object space 655360K, 18% used [0x0000000080000000,0x000000008746e040,0x00000000a8000000)
 Metaspace       used 79074K, committed 80896K, reserved 1179648K
  class space    used 7741K, committed 8512K, reserved 1048576K
}
Event: 1489.985 GC heap after
{Heap after GC invocations=1557 (full 5):
 PSYoungGen      total 3584K, used 416K [0x00000000d5580000, 0x00000000d5b80000, 0x0000000100000000)
  eden space 3072K, 0% used [0x00000000d5580000,0x00000000d5580000,0x00000000d5880000)
  from space 512K, 81% used [0x00000000d5b00000,0x00000000d5b68000,0x00000000d5b80000)
  to   space 512K, 0% used [0x00000000d5a80000,0x00000000d5a80000,0x00000000d5b00000)
 ParOldGen       total 655360K, used 119560K [0x0000000080000000, 0x00000000a8000000, 0x00000000d5580000)
  object space 655360K, 18% used [0x0000000080000000,0x00000000874c2040,0x00000000a8000000)
 Metaspace       used 79074K, committed 80896K, reserved 1179648K
  class space    used 7741K, committed 8512K, reserved 1048576K
}
Event: 1490.113 GC heap before
{Heap before GC invocations=1558 (full 5):
 PSYoungGen      total 3584K, used 3488K [0x00000000d5580000, 0x00000000d5b80000, 0x0000000100000000)
  eden space 3072K, 100% used [0x00000000d5580000,0x00000000d5880000,0x00000000d5880000)
  from space 512K, 81% used [0x00000000d5b00000,0x00000000d5b68000,0x00000000d5b80000)
  to   space 512K, 0% used [0x00000000d5a80000,0x00000000d5a80000,0x00000000d5b00000)
 ParOldGen       total 655360K, used 119560K [0x0000000080000000, 0x00000000a8000000, 0x00000000d5580000)
  object space 655360K, 18% used [0x0000000080000000,0x00000000874c2040,0x00000000a8000000)
 Metaspace       used 79388K, committed 81024K, reserved 1179648K
  class space    used 7766K, committed 8512K, reserved 1048576K
}
Event: 1490.114 GC heap after
{Heap after GC invocations=1558 (full 5):
 PSYoungGen      total 3584K, used 357K [0x00000000d5580000, 0x00000000d5b80000, 0x0000000100000000)
  eden space 3072K, 0% used [0x00000000d5580000,0x00000000d5580000,0x00000000d5880000)
  from space 512K, 69% used [0x00000000d5a80000,0x00000000d5ad9420,0x00000000d5b00000)
  to   space 512K, 0% used [0x00000000d5b00000,0x00000000d5b00000,0x00000000d5b80000)
 ParOldGen       total 655360K, used 119752K [0x0000000080000000, 0x00000000a8000000, 0x00000000d5580000)
  object space 655360K, 18% used [0x0000000080000000,0x00000000874f2040,0x00000000a8000000)
 Metaspace       used 79388K, committed 81024K, reserved 1179648K
  class space    used 7766K, committed 8512K, reserved 1048576K
}
Event: 1490.223 GC heap before
{Heap before GC invocations=1559 (full 5):
 PSYoungGen      total 3584K, used 3429K [0x00000000d5580000, 0x00000000d5b80000, 0x0000000100000000)
  eden space 3072K, 100% used [0x00000000d5580000,0x00000000d5880000,0x00000000d5880000)
  from space 512K, 69% used [0x00000000d5a80000,0x00000000d5ad9420,0x00000000d5b00000)
  to   space 512K, 0% used [0x00000000d5b00000,0x00000000d5b00000,0x00000000d5b80000)
 ParOldGen       total 655360K, used 119752K [0x0000000080000000, 0x00000000a8000000, 0x00000000d5580000)
  object space 655360K, 18% used [0x0000000080000000,0x00000000874f2040,0x00000000a8000000)
 Metaspace       used 79394K, committed 81024K, reserved 1179648K
  class space    used 7766K, committed 8512K, reserved 1048576K
}
Event: 1490.224 GC heap after
{Heap after GC invocations=1559 (full 5):
 PSYoungGen      total 3584K, used 320K [0x00000000d5580000, 0x00000000d5b80000, 0x0000000100000000)
  eden space 3072K, 0% used [0x00000000d5580000,0x00000000d5580000,0x00000000d5880000)
  from space 512K, 62% used [0x00000000d5b00000,0x00000000d5b50000,0x00000000d5b80000)
  to   space 512K, 0% used [0x00000000d5a80000,0x00000000d5a80000,0x00000000d5b00000)
 ParOldGen       total 655360K, used 119913K [0x0000000080000000, 0x00000000a8000000, 0x00000000d5580000)
  object space 655360K, 18% used [0x0000000080000000,0x000000008751a608,0x00000000a8000000)
 Metaspace       used 79394K, committed 81024K, reserved 1179648K
  class space    used 7766K, committed 8512K, reserved 1048576K
}
Event: 1490.303 GC heap before
{Heap before GC invocations=1560 (full 5):
 PSYoungGen      total 3584K, used 3392K [0x00000000d5580000, 0x00000000d5b80000, 0x0000000100000000)
  eden space 3072K, 100% used [0x00000000d5580000,0x00000000d5880000,0x00000000d5880000)
  from space 512K, 62% used [0x00000000d5b00000,0x00000000d5b50000,0x00000000d5b80000)
  to   space 512K, 0% used [0x00000000d5a80000,0x00000000d5a80000,0x00000000d5b00000)
 ParOldGen       total 655360K, used 119913K [0x0000000080000000, 0x00000000a8000000, 0x00000000d5580000)
  object space 655360K, 18% used [0x0000000080000000,0x000000008751a608,0x00000000a8000000)
 Metaspace       used 79395K, committed 81024K, reserved 1179648K
  class space    used 7766K, committed 8512K, reserved 1048576K
}
Event: 1490.304 GC heap after
{Heap after GC invocations=1560 (full 5):
 PSYoungGen      total 3584K, used 432K [0x00000000d5580000, 0x00000000d5b80000, 0x0000000100000000)
  eden space 3072K, 0% used [0x00000000d5580000,0x00000000d5580000,0x00000000d5880000)
  from space 512K, 84% used [0x00000000d5a80000,0x00000000d5aec010,0x00000000d5b00000)
  to   space 512K, 0% used [0x00000000d5b00000,0x00000000d5b00000,0x00000000d5b80000)
 ParOldGen       total 655360K, used 119985K [0x0000000080000000, 0x00000000a8000000, 0x00000000d5580000)
  object space 655360K, 18% used [0x0000000080000000,0x000000008752c608,0x00000000a8000000)
 Metaspace       used 79395K, committed 81024K, reserved 1179648K
  class space    used 7766K, committed 8512K, reserved 1048576K
}

Dll operation events (10 events):
Event: 0.015 Loaded shared library c:\Users\linta\.antigravity\extensions\redhat.java-1.54.0-win32-x64\jre\21.0.10-win32-x86_64\bin\java.dll
Event: 0.091 Loaded shared library c:\Users\linta\.antigravity\extensions\redhat.java-1.54.0-win32-x64\jre\21.0.10-win32-x86_64\bin\zip.dll
Event: 0.116 Loaded shared library C:\Users\linta\.antigravity\extensions\redhat.java-1.54.0-win32-x64\jre\21.0.10-win32-x86_64\bin\instrument.dll
Event: 0.123 Loaded shared library C:\Users\linta\.antigravity\extensions\redhat.java-1.54.0-win32-x64\jre\21.0.10-win32-x86_64\bin\net.dll
Event: 0.126 Loaded shared library C:\Users\linta\.antigravity\extensions\redhat.java-1.54.0-win32-x64\jre\21.0.10-win32-x86_64\bin\nio.dll
Event: 0.131 Loaded shared library C:\Users\linta\.antigravity\extensions\redhat.java-1.54.0-win32-x64\jre\21.0.10-win32-x86_64\bin\zip.dll
Event: 0.146 Loaded shared library C:\Users\linta\.antigravity\extensions\redhat.java-1.54.0-win32-x64\jre\21.0.10-win32-x86_64\bin\jimage.dll
Event: 0.217 Loaded shared library c:\Users\linta\.antigravity\extensions\redhat.java-1.54.0-win32-x64\jre\21.0.10-win32-x86_64\bin\verify.dll
Event: 12.120 Loaded shared library C:\Users\linta\AppData\Roaming\Antigravity\User\globalStorage\redhat.java\1.54.0\config_win\org.eclipse.equinox.launcher\org.eclipse.equinox.launcher.win32.win32.x86_64_1.3.0.v20260203-2149\eclipse_11919.dll
Event: 24.758 Loaded shared library C:\Users\linta\AppData\Local\Temp\jna-102977726\jna3504256985929019592.dll

Deoptimization events (20 events):
Event: 1488.491 Thread 0x000002267875de50 DEOPT PACKING pc=0x000002265f887e5c sp=0x00000035da8feff0
Event: 1488.492 Thread 0x000002267875de50 DEOPT UNPACKING pc=0x0000022664e34242 sp=0x00000035da8fe4b0 mode 0
Event: 1488.596 Thread 0x000002267875de50 DEOPT PACKING pc=0x000002265f80e0f3 sp=0x00000035da8fe1e0
Event: 1488.596 Thread 0x000002267875de50 DEOPT UNPACKING pc=0x0000022664e34242 sp=0x00000035da8fd658 mode 0
Event: 1488.887 Thread 0x000002267cbe9220 DEOPT PACKING pc=0x000002265e50674d sp=0x00000035d65fddf0
Event: 1488.887 Thread 0x000002267cbe9220 DEOPT UNPACKING pc=0x0000022664e34242 sp=0x00000035d65fd250 mode 0
Event: 1488.889 Thread 0x000002267875de50 Uncommon trap: trap_request=0xffffffcc fr.pc=0x000002266557c2c0 relative=0x0000000000004e80
Event: 1488.889 Thread 0x000002267875de50 Uncommon trap: reason=intrinsic_or_type_checked_inlining action=make_not_entrant pc=0x000002266557c2c0 method=org.eclipse.jdt.internal.compiler.lookup.BoundSet$ThreeSets.flattenInto([Lorg/eclipse/jdt/internal/compiler/lookup/TypeBound;I)I @ 104 c2
Event: 1488.889 Thread 0x000002267875de50 DEOPT PACKING pc=0x000002266557c2c0 sp=0x00000035da8fdab0
Event: 1488.889 Thread 0x000002267875de50 DEOPT UNPACKING pc=0x0000022664e33aa2 sp=0x00000035da8fd960 mode 2
Event: 1489.069 Thread 0x000002267875de50 DEOPT PACKING pc=0x000002265e6beb8a sp=0x00000035da8fdc20
Event: 1489.069 Thread 0x000002267875de50 DEOPT UNPACKING pc=0x0000022664e34242 sp=0x00000035da8fd1a8 mode 0
Event: 1489.220 Thread 0x000002267875de50 DEOPT PACKING pc=0x000002265f8832f0 sp=0x00000035da8fecf0
Event: 1489.220 Thread 0x000002267875de50 DEOPT UNPACKING pc=0x0000022664e34242 sp=0x00000035da8fe238 mode 0
Event: 1489.677 Thread 0x000002267cbe9220 DEOPT PACKING pc=0x000002265e50674d sp=0x00000035d65fddf0
Event: 1489.677 Thread 0x000002267cbe9220 DEOPT UNPACKING pc=0x0000022664e34242 sp=0x00000035d65fd250 mode 0
Event: 1489.874 Thread 0x000002267cbe9220 DEOPT PACKING pc=0x000002265fa7959e sp=0x00000035d65fb790
Event: 1489.874 Thread 0x000002267cbe9220 DEOPT UNPACKING pc=0x0000022664e34242 sp=0x00000035d65fac70 mode 0
Event: 1490.118 Thread 0x000002267cbe9220 DEOPT PACKING pc=0x0000022660413ee9 sp=0x00000035d65fce80
Event: 1490.118 Thread 0x000002267cbe9220 DEOPT UNPACKING pc=0x0000022664e34242 sp=0x00000035d65fc300 mode 0

Classes loaded (20 events):
Event: 1375.150 Loading class jdk/internal/module/IllegalAccessLogger
Event: 1375.150 Loading class jdk/internal/module/IllegalAccessLogger done
Event: 1384.651 Loading class jdk/internal/module/IllegalAccessLogger
Event: 1384.657 Loading class jdk/internal/module/IllegalAccessLogger done
Event: 1386.598 Loading class jdk/internal/module/IllegalAccessLogger
Event: 1386.598 Loading class jdk/internal/module/IllegalAccessLogger done
Event: 1391.418 Loading class java/io/BufferedReader$1
Event: 1391.443 Loading class java/io/BufferedReader$1 done
Event: 1391.716 Loading class java/nio/file/Path$1
Event: 1391.716 Loading class java/nio/file/Path$1 done
Event: 1396.644 Loading class jdk/internal/module/IllegalAccessLogger
Event: 1396.644 Loading class jdk/internal/module/IllegalAccessLogger done
Event: 1399.000 Loading class jdk/internal/module/IllegalAccessLogger
Event: 1399.000 Loading class jdk/internal/module/IllegalAccessLogger done
Event: 1450.955 Loading class jdk/internal/module/IllegalAccessLogger
Event: 1450.964 Loading class jdk/internal/module/IllegalAccessLogger done
Event: 1484.692 Loading class jdk/internal/module/IllegalAccessLogger
Event: 1484.699 Loading class jdk/internal/module/IllegalAccessLogger done
Event: 1489.574 Loading class jdk/internal/module/IllegalAccessLogger
Event: 1489.577 Loading class jdk/internal/module/IllegalAccessLogger done

Classes unloaded (20 events):
Event: 1485.631 Thread 0x000002265a644610 Unloading class 0x00000226017f2000 'org/apache/maven/shared/filtering/MavenReaderFilterRequest'
Event: 1485.631 Thread 0x000002265a644610 Unloading class 0x00000226017f1cd0 'org/apache/maven/shared/filtering/MavenFileFilterRequest'
Event: 1485.631 Thread 0x000002265a644610 Unloading class 0x00000226017f1ad0 'org/codehaus/plexus/interpolation/Interpolator'
Event: 1485.631 Thread 0x000002265a644610 Unloading class 0x00000226017f18d0 'org/codehaus/plexus/interpolation/BasicInterpolator'
Event: 1485.631 Thread 0x000002265a644610 Unloading class 0x00000226017f16d0 'org/codehaus/plexus/interpolation/ValueSource'
Event: 1485.631 Thread 0x000002265a644610 Unloading class 0x00000226017f1308 'org/apache/maven/shared/filtering/MavenResourcesExecution'
Event: 1485.632 Thread 0x000002265a644610 Unloading class 0x00000226017f1030 'org/apache/maven/shared/filtering/AbstractMavenFilteringRequest'
Event: 1485.632 Thread 0x000002265a644610 Unloading class 0x00000226017f0dd0 'org/apache/maven/shared/filtering/MavenFilteringException'
Event: 1485.632 Thread 0x000002265a644610 Unloading class 0x00000226017f0b80 'org/apache/maven/shared/filtering/DefaultMavenResourcesFiltering'
Event: 1485.632 Thread 0x000002265a644610 Unloading class 0x00000226017f0980 'org/apache/maven/shared/filtering/MavenResourcesFiltering'
Event: 1485.632 Thread 0x000002265a644610 Unloading class 0x00000226017f06f0 'org/apache/maven/shared/filtering/DefaultMavenReaderFilter'
Event: 1485.632 Thread 0x000002265a644610 Unloading class 0x00000226017f04f0 'org/apache/maven/shared/filtering/MavenReaderFilter'
Event: 1485.632 Thread 0x000002265a644610 Unloading class 0x00000226017f0250 'org/apache/maven/shared/filtering/DefaultMavenFileFilter'
Event: 1485.632 Thread 0x000002265a644610 Unloading class 0x00000226017f0000 'org/apache/maven/shared/filtering/BaseFilter'
Event: 1485.633 Thread 0x000002265a644610 Unloading class 0x00000226017ebdb8 'org/apache/maven/shared/filtering/MavenFileFilter'
Event: 1485.633 Thread 0x000002265a644610 Unloading class 0x00000226017ebbb8 'org/apache/maven/shared/filtering/DefaultFilterInfo'
Event: 1485.633 Thread 0x000002265a644610 Unloading class 0x00000226017eb8a8 'org/apache/maven/plugins/resources/TestResourcesMojo'
Event: 1485.633 Thread 0x000002265a644610 Unloading class 0x00000226017eb620 'org/apache/maven/plugins/maven_resources_plugin/HelpMojo'
Event: 1485.634 Thread 0x000002265a644610 Unloading class 0x00000226017eb310 'org/apache/maven/plugins/resources/CopyResourcesMojo'
Event: 1485.634 Thread 0x000002265a644610 Unloading class 0x00000226017eb000 'org/apache/maven/plugins/resources/ResourcesMojo'

Classes redefined (0 events):
No events

Internal exceptions (20 events):
Event: 1480.550 Thread 0x0000022679b71da0 Exception <a 'sun/nio/fs/WindowsException'{0x00000000d5bfb8d0}> (0x00000000d5bfb8d0) 
thrown [s\src\hotspot\share\prims\jni.cpp, line 520]
Event: 1480.958 Thread 0x00000226735418f0 Exception <a 'sun/nio/fs/WindowsException'{0x00000000d5ed7618}> (0x00000000d5ed7618) 
thrown [s\src\hotspot\share\prims\jni.cpp, line 520]
Event: 1480.958 Thread 0x00000226735418f0 Exception <a 'sun/nio/fs/WindowsException'{0x00000000d5ed8b80}> (0x00000000d5ed8b80) 
thrown [s\src\hotspot\share\prims\jni.cpp, line 520]
Event: 1480.959 Thread 0x00000226735418f0 Exception <a 'sun/nio/fs/WindowsException'{0x00000000d5eda020}> (0x00000000d5eda020) 
thrown [s\src\hotspot\share\prims\jni.cpp, line 520]
Event: 1480.959 Thread 0x00000226735418f0 Exception <a 'sun/nio/fs/WindowsException'{0x00000000d5edab08}> (0x00000000d5edab08) 
thrown [s\src\hotspot\share\prims\jni.cpp, line 520]
Event: 1480.960 Thread 0x00000226735418f0 Exception <a 'sun/nio/fs/WindowsException'{0x00000000d5edcc20}> (0x00000000d5edcc20) 
thrown [s\src\hotspot\share\prims\jni.cpp, line 520]
Event: 1480.960 Thread 0x00000226735418f0 Exception <a 'sun/nio/fs/WindowsException'{0x00000000d5edd728}> (0x00000000d5edd728) 
thrown [s\src\hotspot\share\prims\jni.cpp, line 520]
Event: 1480.974 Thread 0x00000226735418f0 Exception <a 'sun/nio/fs/WindowsException'{0x00000000d5efdbc8}> (0x00000000d5efdbc8) 
thrown [s\src\hotspot\share\prims\jni.cpp, line 520]
Event: 1480.974 Thread 0x00000226735418f0 Exception <a 'sun/nio/fs/WindowsException'{0x00000000d5efe6b0}> (0x00000000d5efe6b0) 
thrown [s\src\hotspot\share\prims\jni.cpp, line 520]
Event: 1481.940 Thread 0x000002267cbe9220 Exception <a 'sun/nio/fs/WindowsException'{0x00000000d5fabd48}> (0x00000000d5fabd48) 
thrown [s\src\hotspot\share\prims\jni.cpp, line 520]
Event: 1481.940 Thread 0x000002267875b6f0 Exception <a 'sun/nio/fs/WindowsException'{0x00000000d5fad058}> (0x00000000d5fad058) 
thrown [s\src\hotspot\share\prims\jni.cpp, line 520]
Event: 1482.598 Thread 0x000002267cbe9220 Exception <a 'sun/nio/fs/WindowsException'{0x00000000d59685f0}> (0x00000000d59685f0) 
thrown [s\src\hotspot\share\prims\jni.cpp, line 520]
Event: 1482.600 Thread 0x000002267875b6f0 Exception <a 'sun/nio/fs/WindowsException'{0x00000000d5969da0}> (0x00000000d5969da0) 
thrown [s\src\hotspot\share\prims\jni.cpp, line 520]
Event: 1489.704 Thread 0x000002267cbe9220 Exception <a 'sun/nio/fs/WindowsException'{0x00000000d55aff30}> (0x00000000d55aff30) 
thrown [s\src\hotspot\share\prims\jni.cpp, line 520]
Event: 1489.706 Thread 0x000002267cbe9220 Exception <a 'sun/nio/fs/WindowsException'{0x00000000d55b07c0}> (0x00000000d55b07c0) 
thrown [s\src\hotspot\share\prims\jni.cpp, line 520]
Event: 1490.080 Thread 0x000002267cbe9220 Exception <a 'sun/nio/fs/WindowsException'{0x00000000d586c078}> (0x00000000d586c078) 
thrown [s\src\hotspot\share\prims\jni.cpp, line 520]
Event: 1490.094 Thread 0x000002267cbe9220 Exception <a 'sun/nio/fs/WindowsException'{0x00000000d586dab8}> (0x00000000d586dab8) 
thrown [s\src\hotspot\share\prims\jni.cpp, line 520]
Event: 1490.096 Thread 0x000002267cbe9220 Exception <a 'sun/nio/fs/WindowsException'{0x00000000d586f368}> (0x00000000d586f368) 
thrown [s\src\hotspot\share\prims\jni.cpp, line 520]
Event: 1490.101 Thread 0x000002267cbe9220 Exception <a 'sun/nio/fs/WindowsException'{0x00000000d5870b28}> (0x00000000d5870b28) 
thrown [s\src\hotspot\share\prims\jni.cpp, line 520]
Event: 1490.107 Thread 0x000002267cbe9220 Exception <a 'sun/nio/fs/WindowsException'{0x00000000d5872540}> (0x00000000d5872540) 
thrown [s\src\hotspot\share\prims\jni.cpp, line 520]

ZGC Phase Switch (0 events):
No events

VM Operations (20 events):
Event: 1489.804 Executing safepoint VM operation: ParallelGCFailedAllocation (Allocation Failure)
Event: 1489.807 Executing safepoint VM operation: ParallelGCFailedAllocation (Allocation Failure) done
Event: 1489.814 Executing safepoint VM operation: ParallelGCFailedAllocation (Allocation Failure)
Event: 1489.818 Executing safepoint VM operation: ParallelGCFailedAllocation (Allocation Failure) done
Event: 1489.829 Executing safepoint VM operation: ParallelGCFailedAllocation (Allocation Failure)
Event: 1489.832 Executing safepoint VM operation: ParallelGCFailedAllocation (Allocation Failure) done
Event: 1489.983 Executing safepoint VM operation: ParallelGCFailedAllocation (Allocation Failure)
Event: 1489.985 Executing safepoint VM operation: ParallelGCFailedAllocation (Allocation Failure) done
Event: 1490.113 Executing safepoint VM operation: ParallelGCFailedAllocation (Allocation Failure)
Event: 1490.114 Executing safepoint VM operation: ParallelGCFailedAllocation (Allocation Failure) done
Event: 1490.223 Executing safepoint VM operation: ParallelGCFailedAllocation (Allocation Failure)
Event: 1490.224 Executing safepoint VM operation: ParallelGCFailedAllocation (Allocation Failure) done
Event: 1490.303 Executing safepoint VM operation: ParallelGCFailedAllocation (Allocation Failure)
Event: 1490.304 Executing safepoint VM operation: ParallelGCFailedAllocation (Allocation Failure) done
Event: 1491.317 Executing safepoint VM operation: Cleanup
Event: 1491.317 Executing safepoint VM operation: Cleanup done
Event: 1503.561 Executing non-safepoint VM operation: HandshakeAllThreads (HandshakeForDeflation)
Event: 1503.562 Executing non-safepoint VM operation: HandshakeAllThreads (HandshakeForDeflation) done
Event: 1503.562 Executing non-safepoint VM operation: RendezvousGCThreads
Event: 1503.562 Executing non-safepoint VM operation: RendezvousGCThreads done

Memory protections (0 events):
No events

Nmethod flushes (20 events):
Event: 1487.048 Thread 0x000002265a644610 flushing  nmethod 0x000002265fe32390
Event: 1487.048 Thread 0x000002265a644610 flushing  nmethod 0x000002265fe7df10
Event: 1487.048 Thread 0x000002265a644610 flushing  nmethod 0x000002265fe80b90
Event: 1487.048 Thread 0x000002265a644610 flushing  nmethod 0x000002265fe8d910
Event: 1487.048 Thread 0x000002265a644610 flushing  nmethod 0x000002265fe8e090
Event: 1487.048 Thread 0x000002265a644610 flushing  nmethod 0x000002265fe8e510
Event: 1487.048 Thread 0x000002265a644610 flushing  nmethod 0x000002265fe8e990
Event: 1487.048 Thread 0x000002265a644610 flushing  nmethod 0x000002265fe8f390
Event: 1487.048 Thread 0x000002265a644610 flushing  nmethod 0x000002265fe95510
Event: 1487.048 Thread 0x000002265a644610 flushing  nmethod 0x000002265fe95a90
Event: 1487.048 Thread 0x000002265a644610 flushing osr nmethod 0x000002265fed0090
Event: 1487.048 Thread 0x000002265a644610 flushing  nmethod 0x000002265fed4d90
Event: 1487.048 Thread 0x000002265a644610 flushing  nmethod 0x000002265ff0d710
Event: 1487.048 Thread 0x000002265a644610 flushing  nmethod 0x000002265ff5ed10
Event: 1487.048 Thread 0x000002265a644610 flushing osr nmethod 0x000002265ff61710
Event: 1487.048 Thread 0x000002265a644610 flushing  nmethod 0x000002266083b810
Event: 1487.048 Thread 0x000002265a644610 flushing  nmethod 0x000002266083bc10
Event: 1487.048 Thread 0x000002265a644610 flushing  nmethod 0x000002266083bf90
Event: 1487.049 Thread 0x000002265a644610 flushing  nmethod 0x000002266083f490
Event: 1487.049 Thread 0x000002265a644610 flushing  nmethod 0x000002266083f990

Events (20 events):
Event: 1465.571 Thread 0x000002267a850bc0 Thread exited: 0x000002267a850bc0
Event: 1465.571 Thread 0x000002267a8539b0 Thread exited: 0x000002267a8539b0
Event: 1465.571 Thread 0x000002267a851f70 Thread exited: 0x000002267a851f70
Event: 1471.936 Thread 0x000002267a84ddd0 Thread added: 0x000002267a851f70
Event: 1474.218 Thread 0x00000226735f8b00 Thread added: 0x000002267a851250
Event: 1474.273 Thread 0x000002267a851250 Thread exited: 0x000002267a851250
Event: 1476.667 Thread 0x00000226735f8b00 Thread added: 0x000002267a853320
Event: 1476.678 Thread 0x000002267a853320 Thread exited: 0x000002267a853320
Event: 1489.798 Thread 0x000002267cbe9220 Thread added: 0x000002267a853320
Event: 1489.799 Thread 0x000002267cbe9220 Thread added: 0x000002267cbe8500
Event: 1489.799 Thread 0x000002267cbe9220 Thread added: 0x000002267cbec010
Event: 1489.799 Thread 0x000002267cbe9220 Thread added: 0x0000022679b74b90
Event: 1489.800 Thread 0x000002267cbe9220 Thread added: 0x000002267875c410
Event: 1489.835 Thread 0x0000022679b74b90 Thread exited: 0x0000022679b74b90
Event: 1489.835 Thread 0x000002267a853320 Thread exited: 0x000002267a853320
Event: 1489.835 Thread 0x000002267875c410 Thread exited: 0x000002267875c410
Event: 1489.835 Thread 0x000002267cbec010 Thread exited: 0x000002267cbec010
Event: 1489.835 Thread 0x000002267cbe8500 Thread exited: 0x000002267cbe8500
Event: 1542.655 Thread 0x000002267875b6f0 Thread exited: 0x000002267875b6f0
Event: 1543.899 Thread 0x000002267a84e460 Thread exited: 0x000002267a84e460


Dynamic libraries:
0x00007ff684ed0000 - 0x00007ff684ede000 	c:\Users\linta\.antigravity\extensions\redhat.java-1.54.0-win32-x64\jre\21.0.10-win32-x86_64\bin\java.exe
0x00007ffacbae0000 - 0x00007ffacbd47000 	C:\windows\SYSTEM32\ntdll.dll
0x00007ffaca180000 - 0x00007ffaca249000 	C:\windows\System32\KERNEL32.DLL
0x00007ffac85c0000 - 0x00007ffac89b4000 	C:\windows\System32\KERNELBASE.dll
0x00007ffaade20000 - 0x00007ffaade3e000 	c:\Users\linta\.antigravity\extensions\redhat.java-1.54.0-win32-x64\jre\21.0.10-win32-x86_64\bin\VCRUNTIME140.dll
0x00007ffaa67c0000 - 0x00007ffaa67d8000 	c:\Users\linta\.antigravity\extensions\redhat.java-1.54.0-win32-x64\jre\21.0.10-win32-x86_64\bin\jli.dll
0x00007ffaca340000 - 0x00007ffaca505000 	C:\windows\System32\USER32.dll
0x00007ffac9710000 - 0x00007ffac9737000 	C:\windows\System32\win32u.dll
0x00007ffac98c0000 - 0x00007ffac98eb000 	C:\windows\System32\GDI32.dll
0x00007ffac75b0000 - 0x00007ffac7843000 	C:\windows\WinSxS\amd64_microsoft.windows.common-controls_6595b64144ccf1df_6.0.26100.8115_none_3e075c82e3354f9c\COMCTL32.dll
0x00007ffac9740000 - 0x00007ffac986b000 	C:\windows\System32\gdi32full.dll
0x00007ffaca730000 - 0x00007ffaca7d9000 	C:\windows\System32\msvcrt.dll
0x00007ffac9660000 - 0x00007ffac9703000 	C:\windows\System32\msvcp_win.dll
0x00007ffac8470000 - 0x00007ffac85bb000 	C:\windows\System32\ucrtbase.dll
0x00007ffaca6e0000 - 0x00007ffaca712000 	C:\windows\System32\IMM32.DLL
0x00007ffab5730000 - 0x00007ffab573c000 	c:\Users\linta\.antigravity\extensions\redhat.java-1.54.0-win32-x64\jre\21.0.10-win32-x86_64\bin\vcruntime140_1.dll
0x00007ffa9da20000 - 0x00007ffa9daad000 	c:\Users\linta\.antigravity\extensions\redhat.java-1.54.0-win32-x64\jre\21.0.10-win32-x86_64\bin\msvcp140.dll
0x00007ffa1fa10000 - 0x00007ffa207b1000 	c:\Users\linta\.antigravity\extensions\redhat.java-1.54.0-win32-x64\jre\21.0.10-win32-x86_64\bin\server\jvm.dll
0x00007ffacab60000 - 0x00007ffacac16000 	C:\windows\System32\ADVAPI32.dll
0x00007ffacb830000 - 0x00007ffacb8d7000 	C:\windows\System32\sechost.dll
0x00007ffaca060000 - 0x00007ffaca178000 	C:\windows\System32\RPCRT4.dll
0x00007ffaca250000 - 0x00007ffaca2d0000 	C:\windows\System32\WS2_32.dll
0x00007ffac8230000 - 0x00007ffac828e000 	C:\windows\SYSTEM32\POWRPROF.dll
0x00007ffabd7a0000 - 0x00007ffabd7d6000 	C:\windows\SYSTEM32\WINMM.dll
0x00007ffac14e0000 - 0x00007ffac14eb000 	C:\windows\SYSTEM32\VERSION.dll
0x00007ffac8210000 - 0x00007ffac8224000 	C:\windows\SYSTEM32\UMPDC.dll
0x00007ffac67e0000 - 0x00007ffac67fb000 	C:\windows\SYSTEM32\kernel.appcore.dll
0x00007ffab21e0000 - 0x00007ffab21ea000 	c:\Users\linta\.antigravity\extensions\redhat.java-1.54.0-win32-x64\jre\21.0.10-win32-x86_64\bin\jimage.dll
0x00007ffac7b60000 - 0x00007ffac7da2000 	C:\windows\SYSTEM32\DBGHELP.DLL
0x00007ffacb230000 - 0x00007ffacb5b2000 	C:\windows\System32\combase.dll
0x00007ffacb640000 - 0x00007ffacb718000 	C:\windows\System32\OLEAUT32.dll
0x00007ffac7a50000 - 0x00007ffac7a8b000 	C:\windows\SYSTEM32\dbgcore.DLL
0x00007ffac95b0000 - 0x00007ffac9655000 	C:\windows\System32\bcryptPrimitives.dll
0x00007ffaab690000 - 0x00007ffaab69f000 	c:\Users\linta\.antigravity\extensions\redhat.java-1.54.0-win32-x64\jre\21.0.10-win32-x86_64\bin\instrument.dll
0x00007ffaa1e70000 - 0x00007ffaa1e90000 	c:\Users\linta\.antigravity\extensions\redhat.java-1.54.0-win32-x64\jre\21.0.10-win32-x86_64\bin\java.dll
0x00007ffac98f0000 - 0x00007ffaca057000 	C:\windows\System32\SHELL32.dll
0x00007ffac89c0000 - 0x00007ffac8b2a000 	C:\windows\System32\wintypes.dll
0x00007ffac8cb0000 - 0x00007ffac9518000 	C:\windows\System32\windows.storage.dll
0x00007ffacb720000 - 0x00007ffacb818000 	C:\windows\System32\SHCORE.dll
0x00007ffacb0c0000 - 0x00007ffacb126000 	C:\windows\System32\shlwapi.dll
0x00007ffac82d0000 - 0x00007ffac82f9000 	C:\windows\SYSTEM32\profapi.dll
0x00007ffaa6130000 - 0x00007ffaa6148000 	c:\Users\linta\.antigravity\extensions\redhat.java-1.54.0-win32-x64\jre\21.0.10-win32-x86_64\bin\zip.dll
0x00007ffaade10000 - 0x00007ffaade20000 	C:\Users\linta\.antigravity\extensions\redhat.java-1.54.0-win32-x64\jre\21.0.10-win32-x86_64\bin\net.dll
0x00007ffabd8d0000 - 0x00007ffabd9fd000 	C:\windows\SYSTEM32\WINHTTP.dll
0x00007ffac6d40000 - 0x00007ffac6dac000 	C:\windows\system32\mswsock.dll
0x00007ffaa4ea0000 - 0x00007ffaa4eb6000 	C:\Users\linta\.antigravity\extensions\redhat.java-1.54.0-win32-x64\jre\21.0.10-win32-x86_64\bin\nio.dll
0x00007ffaade00000 - 0x00007ffaade10000 	c:\Users\linta\.antigravity\extensions\redhat.java-1.54.0-win32-x64\jre\21.0.10-win32-x86_64\bin\verify.dll
0x00007ffaa1fd0000 - 0x00007ffaa2015000 	C:\Users\linta\AppData\Roaming\Antigravity\User\globalStorage\redhat.java\1.54.0\config_win\org.eclipse.equinox.launcher\org.eclipse.equinox.launcher.win32.win32.x86_64_1.3.0.v20260203-2149\eclipse_11919.dll
0x00007ffaca9c0000 - 0x00007ffacab57000 	C:\windows\System32\ole32.dll
0x00007ffac7ed0000 - 0x00007ffac7eeb000 	C:\windows\SYSTEM32\CRYPTSP.dll
0x00007ffac6e80000 - 0x00007ffac6eb9000 	C:\windows\system32\rsaenh.dll
0x00007ffac6db0000 - 0x00007ffac6de3000 	C:\windows\SYSTEM32\USERENV.dll
0x00007ffac82a0000 - 0x00007ffac82ca000 	C:\windows\SYSTEM32\bcrypt.dll
0x00007ffac7090000 - 0x00007ffac709c000 	C:\windows\SYSTEM32\CRYPTBASE.dll
0x00007ffac61f0000 - 0x00007ffac6222000 	C:\windows\SYSTEM32\IPHLPAPI.DLL
0x00007ffacac20000 - 0x00007ffacac2a000 	C:\windows\System32\NSI.dll
0x00007ffa97dc0000 - 0x00007ffa97e09000 	C:\Users\linta\AppData\Local\Temp\jna-102977726\jna3504256985929019592.dll
0x00007ffaca720000 - 0x00007ffaca728000 	C:\windows\System32\PSAPI.DLL
0x00007ffabd8b0000 - 0x00007ffabd8cd000 	C:\windows\SYSTEM32\dhcpcsvc6.DLL
0x00007ffabd880000 - 0x00007ffabd8a5000 	C:\windows\SYSTEM32\dhcpcsvc.DLL
0x00007ffac7b20000 - 0x00007ffac7b56000 	C:\windows\SYSTEM32\ntmarta.dll

JVMTI agents:
c:\Users\linta\.antigravity\extensions\redhat.java-1.54.0-win32-x64\lombok\lombok-1.18.39-4050.jar path:c:\Users\linta\.antigravity\extensions\redhat.java-1.54.0-win32-x64\jre\21.0.10-win32-x86_64\bin\instrument.dll, loaded, initialized, instrumentlib options:none

dbghelp: loaded successfully - version: 4.0.5 - missing functions: none
symbol engine: initialized successfully - sym options: 0x614 - pdb path: .;c:\Users\linta\.antigravity\extensions\redhat.java-1.54.0-win32-x64\jre\21.0.10-win32-x86_64\bin;C:\windows\SYSTEM32;C:\windows\WinSxS\amd64_microsoft.windows.common-controls_6595b64144ccf1df_6.0.26100.8115_none_3e075c82e3354f9c;c:\Users\linta\.antigravity\extensions\redhat.java-1.54.0-win32-x64\jre\21.0.10-win32-x86_64\bin\server;C:\Users\linta\AppData\Roaming\Antigravity\User\globalStorage\redhat.java\1.54.0\config_win\org.eclipse.equinox.launcher\org.eclipse.equinox.launcher.win32.win32.x86_64_1.3.0.v20260203-2149;C:\Users\linta\AppData\Local\Temp\jna-102977726

VM Arguments:
jvm_args: --add-modules=ALL-SYSTEM --add-opens=java.base/java.util=ALL-UNNAMED --add-opens=java.base/java.lang=ALL-UNNAMED --add-opens=java.base/sun.nio.fs=ALL-UNNAMED -Declipse.application=org.eclipse.jdt.ls.core.id1 -Dosgi.bundles.defaultStartLevel=4 -Declipse.product=org.eclipse.jdt.ls.core.product -Djava.import.generatesMetadataFilesAtProjectRoot=false -DDetectVMInstallationsJob.disabled=true -Dfile.encoding=utf8 -XX:+UseParallelGC -XX:GCTimeRatio=4 -XX:AdaptiveSizePolicyWeight=90 -Dsun.zip.disableMemoryMapping=true -Xmx2G -Xms100m -Xlog:disable -javaagent:c:\Users\linta\.antigravity\extensions\redhat.java-1.54.0-win32-x64\lombok\lombok-1.18.39-4050.jar -XX:+HeapDumpOnOutOfMemoryError -XX:HeapDumpPath=c:\Users\linta\AppData\Roaming\Antigravity\User\workspaceStorage\1b311168af8bbee6a4d6a00df0575c6d\redhat.java -Daether.dependencyCollector.impl=bf 
java_command: c:\Users\linta\.antigravity\extensions\redhat.java-1.54.0-win32-x64\server\plugins\org.eclipse.equinox.launcher_1.7.100.v20251111-0406.jar -configuration c:\Users\linta\AppData\Roaming\Antigravity\User\globalStorage\redhat.java\1.54.0\config_win -data c:\Users\linta\AppData\Roaming\Antigravity\User\workspaceStorage\1b311168af8bbee6a4d6a00df0575c6d\redhat.java\jdt_ws --pipe=\\.\pipe\lsp-b812e28f40ccf962efe52c296c442e4b-sock
java_class_path (initial): c:\Users\linta\.antigravity\extensions\redhat.java-1.54.0-win32-x64\server\plugins\org.eclipse.equinox.launcher_1.7.100.v20251111-0406.jar
Launcher Type: SUN_STANDARD

[Global flags]
    uintx AdaptiveSizePolicyWeight                 = 90                                        {product} {command line}
     intx CICompilerCount                          = 4                                         {product} {ergonomic}
    uintx GCTimeRatio                              = 4                                         {product} {command line}
     bool HeapDumpOnOutOfMemoryError               = true                                   {manageable} {command line}
    ccstr HeapDumpPath                             = c:\Users\linta\AppData\Roaming\Antigravity\User\workspaceStorage\1b311168af8bbee6a4d6a00df0575c6d\redhat.java         {manageable} {command line}
   size_t InitialHeapSize                          = 104857600                                 {product} {command line}
   size_t MaxHeapSize                              = 2147483648                                {product} {command line}
   size_t MaxNewSize                               = 715653120                                 {product} {ergonomic}
   size_t MinHeapDeltaBytes                        = 524288                                    {product} {ergonomic}
   size_t MinHeapSize                              = 104857600                                 {product} {command line}
   size_t NewSize                                  = 34603008                                  {product} {ergonomic}
    uintx NonNMethodCodeHeapSize                   = 5839372                                {pd product} {ergonomic}
    uintx NonProfiledCodeHeapSize                  = 122909434                              {pd product} {ergonomic}
   size_t OldSize                                  = 70254592                                  {product} {ergonomic}
    uintx ProfiledCodeHeapSize                     = 122909434                              {pd product} {ergonomic}
    uintx ReservedCodeCacheSize                    = 251658240                              {pd product} {ergonomic}
     bool SegmentedCodeCache                       = true                                      {product} {ergonomic}
   size_t SoftMaxHeapSize                          = 2147483648                             {manageable} {ergonomic}
     bool UseCompressedOops                        = true                           {product lp64_product} {ergonomic}
     bool UseLargePagesIndividualAllocation        = false                                  {pd product} {ergonomic}
     bool UseParallelGC                            = true                                      {product} {command line}

Logging:
Log output configuration:
 #0: stdout all=off uptime,level,tags foldmultilines=false
 #1: stderr all=off uptime,level,tags foldmultilines=false

Release file:
JAVA_VERSION="21.0.10" 
MODULES="java.base java.compiler java.datatransfer java.xml java.prefs java.desktop java.instrument java.logging java.management java.security.sasl java.naming java.rmi java.management.rmi java.net.http java.scripting java.security.jgss java.transaction.xa java.sql java.sql.rowset java.xml.crypto java.se java.smartcardio jdk.accessibility jdk.internal.jvmstat jdk.attach jdk.charsets jdk.internal.opt jdk.zipfs jdk.compiler jdk.crypto.ec jdk.crypto.cryptoki jdk.crypto.mscapi jdk.dynalink jdk.internal.ed jdk.editpad jdk.hotspot.agent jdk.httpserver jdk.internal.le jdk.internal.vm.ci jdk.internal.vm.compiler jdk.internal.vm.compiler.management jdk.jartool jdk.javadoc jdk.jcmd jdk.management jdk.management.agent jdk.jconsole jdk.jdeps jdk.jdwp.agent jdk.jdi jdk.jfr jdk.jshell jdk.jsobject jdk.jstatd jdk.localedata jdk.management.jfr jdk.naming.dns jdk.naming.rmi jdk.net jdk.nio.mapmode jdk.random jdk.sctp jdk.security.auth jdk.security.jgss jdk.unsupported jdk.unsupported.desktop jdk.xml.dom" 

Environment Variables:
PATH=C:\Python314\Scripts\;C:\Python314\;C:\Program Files\Eclipse Adoptium\jdk-21.0.10.7-hotspot\bin;C:\windows\system32;C:\windows;C:\windows\System32\Wbem;C:\windows\System32\WindowsPowerShell\v1.0\;C:\windows\System32\OpenSSH\;C:\Program Files\dotnet\;C:\Program Files\Git\cmd;%JAVA_HOME%\bin;C:\laragon\bin\php\php-8.2.29-Win32-vs16-x64;C:\composer;C:\laragon\bin\php\php-8.4.20-Win32-vs17-x64;C:\ProgramData\chocolatey\bin;C:\Users\linta\AppData\Local\nvm;C:\nvm4w\nodejs;C:\Users\linta\AppData\Local\Microsoft\WindowsApps;C:\Users\linta\AppData\Local\Programs\Microsoft VS Code\bin;C:\Users\linta\AppData\Local\spicetify;C:\Users\linta\AppData\Roaming\Composer\vendor\bin;C:\Users\linta\AppData\Local\Programs\Antigravity\bin;C:\Users\linta\AppData\Roaming\npm;C:\Users\linta\AppData\Local\nvm;C:\nvm4w\nodejs
USERNAME=linta
OS=Windows_NT
PROCESSOR_IDENTIFIER=AMD64 Family 25 Model 68 Stepping 1, AuthenticAMD
TMP=C:\Users\linta\AppData\Local\Temp
TEMP=C:\Users\linta\AppData\Local\Temp




Periodic native trim disabled

---------------  S Y S T E M  ---------------

OS:
 Windows 11 , 64 bit Build 26100 (10.0.26100.8246)
OS uptime: 1 days 18:16 hours
Hyper-V role detected

CPU: total 12 (initial active 12) (12 cores per cpu, 2 threads per core) family 25 model 68 stepping 1 microcode 0xa40410a, cx8, cmov, fxsr, ht, mmx, 3dnowpref, sse, sse2, sse3, ssse3, sse4a, sse4.1, sse4.2, popcnt, lzcnt, tsc, tscinvbit, avx, avx2, aes, erms, clmul, bmi1, bmi2, adx, sha, fma, vzeroupper, clflush, clflushopt, hv, rdtscp, rdpid, fsrm, f16c, cet_ss
Processor Information for processor 0
  Max Mhz: 3301, Current Mhz: 3301, Mhz Limit: 3301
Processor Information for processor 1
  Max Mhz: 3301, Current Mhz: 3301, Mhz Limit: 3301
Processor Information for processor 2
  Max Mhz: 3301, Current Mhz: 3301, Mhz Limit: 3301
Processor Information for processor 3
  Max Mhz: 3301, Current Mhz: 3301, Mhz Limit: 3301
Processor Information for processor 4
  Max Mhz: 3301, Current Mhz: 2024, Mhz Limit: 3301
Processor Information for processor 5
  Max Mhz: 3301, Current Mhz: 2024, Mhz Limit: 3301
Processor Information for processor 6
  Max Mhz: 3301, Current Mhz: 3301, Mhz Limit: 3301
Processor Information for processor 7
  Max Mhz: 3301, Current Mhz: 3301, Mhz Limit: 3301
Processor Information for processor 8
  Max Mhz: 3301, Current Mhz: 3301, Mhz Limit: 3301
Processor Information for processor 9
  Max Mhz: 3301, Current Mhz: 3301, Mhz Limit: 3301
Processor Information for processor 10
  Max Mhz: 3301, Current Mhz: 2024, Mhz Limit: 3301
Processor Information for processor 11
  Max Mhz: 3301, Current Mhz: 2024, Mhz Limit: 3301

Memory: 4k page, system-wide physical 5886M (450M free)
TotalPageFile size 24318M (AvailPageFile size 1M)
current process WorkingSet (physical memory assigned to process): 11M, peak: 436M
current process commit charge ("private bytes"): 1039M, peak: 1049M

vm_info: OpenJDK 64-Bit Server VM (21.0.10+7-LTS) for windows-amd64 JRE (21.0.10+7-LTS), built on 2026-01-20T00:00:00Z by "admin" with MS VC++ 17.12 (VS2022)

END.
