#
# There is insufficient memory for the Java Runtime Environment to continue.
# Native memory allocation (malloc) failed to allocate 1048576 bytes. Error detail: AllocateHeap
# Possible reasons:
#   The system is out of physical RAM or swap space
#   This process is running with CompressedOops enabled, and the Java Heap may be blocking the growth of the native heap
# Possible solutions:
#   Reduce memory load on the system
#   Increase physical memory or swap space
#   Check if swap backing store is full
#   Decrease Java heap size (-Xmx/-Xms)
#   Decrease number of Java threads
#   Decrease Java thread stack sizes (-Xss)
#   Set larger code cache with -XX:ReservedCodeCacheSize=
#   JVM is running with Unscaled Compressed Oops mode in which the Java heap is
#     placed in the first 4GB address space. The Java Heap base address is the
#     maximum limit for the native heap growth. Please use -XX:HeapBaseMinAddress
#     to set the Java Heap base and to place the Java Heap above 4GB virtual address.
# This output file may be truncated or incomplete.
#
#  Out of Memory Error (allocation.cpp:44), pid=10440, tid=13400
#
# JRE version: OpenJDK Runtime Environment Temurin-21.0.10+7 (21.0.10+7) (build 21.0.10+7-LTS)
# Java VM: OpenJDK 64-Bit Server VM Temurin-21.0.10+7 (21.0.10+7-LTS, mixed mode, sharing, tiered, compressed oops, compressed class ptrs, parallel gc, windows-amd64)
# No core dump will be written. Minidumps are not enabled by default on client versions of Windows
#

---------------  S U M M A R Y ------------

Command Line: --add-modules=ALL-SYSTEM --add-opens=java.base/java.util=ALL-UNNAMED --add-opens=java.base/java.lang=ALL-UNNAMED --add-opens=java.base/sun.nio.fs=ALL-UNNAMED -Declipse.application=org.eclipse.jdt.ls.core.id1 -Dosgi.bundles.defaultStartLevel=4 -Declipse.product=org.eclipse.jdt.ls.core.product -Djava.import.generatesMetadataFilesAtProjectRoot=false -DDetectVMInstallationsJob.disabled=true -Dfile.encoding=utf8 -XX:+UseParallelGC -XX:GCTimeRatio=4 -XX:AdaptiveSizePolicyWeight=90 -Dsun.zip.disableMemoryMapping=true -Xmx2G -Xms100m -Xlog:disable -javaagent:c:\Users\linta\.vscode\extensions\redhat.java-1.55.2026051309-win32-x64\lombok\lombok-1.18.39-4050.jar -XX:+HeapDumpOnOutOfMemoryError -XX:HeapDumpPath=c:\Users\linta\AppData\Roaming\Code\User\workspaceStorage\519f8273915d3ffbc6fb77d488cf5c1d\redhat.java -Daether.dependencyCollector.impl=bf -XX:+UnlockDiagnosticVMOptions -XX:+AllowArchivingWithJavaAgent -XX:+AutoCreateSharedArchive -XX:SharedArchiveFile=c:\Users\linta\AppData\Roaming\Code\User\globalStorage\redhat.java\1.55.2026051309\jdtls.jsa c:\Users\linta\.vscode\extensions\redhat.java-1.55.2026051309-win32-x64\server\plugins\org.eclipse.equinox.launcher_1.7.100.v20251111-0406.jar -configuration c:\Users\linta\AppData\Roaming\Code\User\globalStorage\redhat.java\1.55.2026051309\config_win -data c:\Users\linta\AppData\Roaming\Code\User\workspaceStorage\519f8273915d3ffbc6fb77d488cf5c1d\redhat.java\jdt_ws --pipe=\\.\pipe\lsp-c656abe06abeef7810ee350fd0a96c45-sock

Host: AMD Ryzen 5 7535HS with Radeon Graphics        , 12 cores, 5G,  Windows 11 , 64 bit Build 26100 (10.0.26100.8328)
Time: Wed May 20 10:03:48 2026 SE Asia Standard Time elapsed time: 1482.224465 seconds (0d 0h 24m 42s)

---------------  T H R E A D  ---------------

Current thread (0x0000025a67889dd0):  JavaThread "Attach Listener" daemon [_thread_in_vm, id=13400, stack(0x0000005f8ab00000,0x0000005f8ac00000) (1024K)]

Stack: [0x0000005f8ab00000,0x0000005f8ac00000]
Native frames: (J=compiled Java code, j=interpreted, Vv=VM code, C=native code)
V  [jvm.dll+0x6d7a39]
V  [jvm.dll+0x8b4b26]
V  [jvm.dll+0x8b70de]
V  [jvm.dll+0x8b77c3]
V  [jvm.dll+0x284346]
V  [jvm.dll+0xc1277]
V  [jvm.dll+0x6d82e9]
V  [jvm.dll+0x1334a6]
V  [jvm.dll+0x3f857e]
V  [jvm.dll+0x85f59d]
V  [jvm.dll+0x6d626d]
C  [ucrtbase.dll+0x37b0]
C  [KERNEL32.DLL+0x2e957]
C  [ntdll.dll+0x427c]


---------------  P R O C E S S  ---------------

Threads class SMR info:
_java_thread_list=0x0000025a4c9d0390, length=67, elements={
0x0000025a677e43b0, 0x0000025a6778bcf0, 0x0000025a6778e8e0, 0x0000025a67889370,
0x0000025a67889dd0, 0x0000025a6788bd90, 0x0000025a7f4f9fe0, 0x0000025a67895a00,
0x0000025a6789a720, 0x0000025a7f6e37f0, 0x0000025a7f6e3160, 0x0000025a7f6e4ba0,
0x0000025a7f6e3e80, 0x0000025a7f6e4510, 0x0000025a7f6e5230, 0x0000025a7f6e1db0,
0x0000025a7f6e2ad0, 0x0000025a7f6e2440, 0x0000025a4a2c86e0, 0x0000025a4a2c79c0,
0x0000025a4a2c6610, 0x0000025a4a2cae40, 0x0000025a4a2ccf10, 0x0000025a4a2cc880,
0x0000025a4a2cc1f0, 0x0000025a4a2ca120, 0x0000025a4a2ca7b0, 0x0000025a4a2cb4d0,
0x0000025a4a2cbb60, 0x0000025a4a2cd5a0, 0x0000025a4a0a53d0, 0x0000025a4a0a5a60,
0x0000025a4a0a6e10, 0x0000025a4a0a7b30, 0x0000025a4a0a60f0, 0x0000025a4a0a81c0,
0x0000025a4a0a9570, 0x0000025a4a0a8850, 0x0000025a4a0aafb0, 0x0000025a4a0ab640,
0x0000025a4a0a9c00, 0x0000025a4a0aa290, 0x0000025a4a0abcd0, 0x0000025a4a0ac360,
0x0000025a4c820670, 0x0000025a4cb5d130, 0x0000025a4a2c8d70, 0x0000025a4d181c60,
0x0000025a4d1836a0, 0x0000025a4d1843c0, 0x0000025a4d185e00, 0x0000025a4d182980,
0x0000025a4d183010, 0x0000025a4d186b20, 0x0000025a4d183d30, 0x0000025a4d189280,
0x0000025a4b371ac0, 0x0000025a4b370710, 0x0000025a4b371430, 0x0000025a4a0a74a0,
0x0000025a4a0a6780, 0x0000025a4a0a4d40, 0x0000025a4a0aa920, 0x0000025a4a0a8ee0,
0x0000025a4cb59cb0, 0x0000025a4cb5b060, 0x0000025a4c818cf0
}

Java Threads: ( => current thread )
  0x0000025a677e43b0 JavaThread "main"                              [_thread_blocked, id=26708, stack(0x0000005f8a400000,0x0000005f8a500000) (1024K)]
  0x0000025a6778bcf0 JavaThread "Reference Handler"          daemon [_thread_blocked, id=21128, stack(0x0000005f8a800000,0x0000005f8a900000) (1024K)]
  0x0000025a6778e8e0 JavaThread "Finalizer"                  daemon [_thread_blocked, id=23928, stack(0x0000005f8a900000,0x0000005f8aa00000) (1024K)]
  0x0000025a67889370 JavaThread "Signal Dispatcher"          daemon [_thread_blocked, id=9288, stack(0x0000005f8aa00000,0x0000005f8ab00000) (1024K)]
=>0x0000025a67889dd0 JavaThread "Attach Listener"            daemon [_thread_in_vm, id=13400, stack(0x0000005f8ab00000,0x0000005f8ac00000) (1024K)]
  0x0000025a6788bd90 JavaThread "Service Thread"             daemon [_thread_blocked, id=10844, stack(0x0000005f8ac00000,0x0000005f8ad00000) (1024K)]
  0x0000025a7f4f9fe0 JavaThread "Monitor Deflation Thread"   daemon [_thread_blocked, id=14100, stack(0x0000005f8ad00000,0x0000005f8ae00000) (1024K)]
  0x0000025a67895a00 JavaThread "C2 CompilerThread0"         daemon [_thread_blocked, id=27144, stack(0x0000005f8ae00000,0x0000005f8af00000) (1024K)]
  0x0000025a6789a720 JavaThread "C1 CompilerThread0"         daemon [_thread_blocked, id=13880, stack(0x0000005f8af00000,0x0000005f8b000000) (1024K)]
  0x0000025a7f6e37f0 JavaThread "Common-Cleaner"             daemon [_thread_blocked, id=14484, stack(0x0000005f8b000000,0x0000005f8b100000) (1024K)]
  0x0000025a7f6e3160 JavaThread "Notification Thread"        daemon [_thread_blocked, id=848, stack(0x0000005f8b100000,0x0000005f8b200000) (1024K)]
  0x0000025a7f6e4ba0 JavaThread "Active Thread: Equinox Container: 4b15d39b-9ee7-4f2d-b960-4ea523250c73"        [_thread_blocked, id=16724, stack(0x0000005f8b800000,0x0000005f8b900000) (1024K)]
  0x0000025a7f6e3e80 JavaThread "Refresh Thread: Equinox Container: 4b15d39b-9ee7-4f2d-b960-4ea523250c73" daemon [_thread_blocked, id=19684, stack(0x0000005f8ba00000,0x0000005f8bb00000) (1024K)]
  0x0000025a7f6e4510 JavaThread "Framework Event Dispatcher: Equinox Container: 4b15d39b-9ee7-4f2d-b960-4ea523250c73" daemon [_thread_blocked, id=26848, stack(0x0000005f8bb00000,0x0000005f8bc00000) (1024K)]
  0x0000025a7f6e5230 JavaThread "Start Level: Equinox Container: 4b15d39b-9ee7-4f2d-b960-4ea523250c73" daemon [_thread_blocked, id=19488, stack(0x0000005f8bc00000,0x0000005f8bd00000) (1024K)]
  0x0000025a7f6e1db0 JavaThread "Bundle File Closer"         daemon [_thread_blocked, id=9556, stack(0x0000005f8bf00000,0x0000005f8c000000) (1024K)]
  0x0000025a7f6e2ad0 JavaThread "SCR Component Actor"        daemon [_thread_blocked, id=4488, stack(0x0000005f8a300000,0x0000005f8a400000) (1024K)]
  0x0000025a7f6e2440 JavaThread "Worker-JM"                         [_thread_blocked, id=14888, stack(0x0000005f8c000000,0x0000005f8c100000) (1024K)]
  0x0000025a4a2c86e0 JavaThread "JNA Cleaner"                daemon [_thread_blocked, id=14228, stack(0x0000005f8c100000,0x0000005f8c200000) (1024K)]
  0x0000025a4a2c79c0 JavaThread "Java indexing"              daemon [_thread_blocked, id=8272, stack(0x0000005f8c400000,0x0000005f8c500000) (1024K)]
  0x0000025a4a2c6610 JavaThread "Thread-1"                   daemon [_thread_in_native, id=25664, stack(0x0000005f8cb00000,0x0000005f8cc00000) (1024K)]
  0x0000025a4a2cae40 JavaThread "Thread-2"                   daemon [_thread_in_native, id=18068, stack(0x0000005f8cc00000,0x0000005f8cd00000) (1024K)]
  0x0000025a4a2ccf10 JavaThread "Thread-3"                   daemon [_thread_in_native, id=17608, stack(0x0000005f8cd00000,0x0000005f8ce00000) (1024K)]
  0x0000025a4a2cc880 JavaThread "Thread-4"                   daemon [_thread_in_native, id=3780, stack(0x0000005f8ce00000,0x0000005f8cf00000) (1024K)]
  0x0000025a4a2cc1f0 JavaThread "Thread-5"                   daemon [_thread_in_native, id=21008, stack(0x0000005f8cf00000,0x0000005f8d000000) (1024K)]
  0x0000025a4a2ca120 JavaThread "Thread-6"                   daemon [_thread_in_native, id=15100, stack(0x0000005f8d000000,0x0000005f8d100000) (1024K)]
  0x0000025a4a2ca7b0 JavaThread "Thread-7"                   daemon [_thread_in_native, id=16968, stack(0x0000005f8d100000,0x0000005f8d200000) (1024K)]
  0x0000025a4a2cb4d0 JavaThread "Thread-8"                   daemon [_thread_in_native, id=20352, stack(0x0000005f8d200000,0x0000005f8d300000) (1024K)]
  0x0000025a4a2cbb60 JavaThread "Thread-9"                   daemon [_thread_in_native, id=7344, stack(0x0000005f8d300000,0x0000005f8d400000) (1024K)]
  0x0000025a4a2cd5a0 JavaThread "Thread-10"                  daemon [_thread_in_native, id=25620, stack(0x0000005f8d400000,0x0000005f8d500000) (1024K)]
  0x0000025a4a0a53d0 JavaThread "Thread-11"                  daemon [_thread_in_native, id=23124, stack(0x0000005f8d500000,0x0000005f8d600000) (1024K)]
  0x0000025a4a0a5a60 JavaThread "Thread-12"                  daemon [_thread_in_native, id=25660, stack(0x0000005f8d600000,0x0000005f8d700000) (1024K)]
  0x0000025a4a0a6e10 JavaThread "Thread-13"                  daemon [_thread_in_native, id=23724, stack(0x0000005f8d700000,0x0000005f8d800000) (1024K)]
  0x0000025a4a0a7b30 JavaThread "pool-2-thread-1"                   [_thread_blocked, id=10568, stack(0x0000005f8d800000,0x0000005f8d900000) (1024K)]
  0x0000025a4a0a60f0 JavaThread "WorkspaceEventsHandler"            [_thread_blocked, id=25876, stack(0x0000005f8d900000,0x0000005f8da00000) (1024K)]
  0x0000025a4a0a81c0 JavaThread "pool-1-thread-1"                   [_thread_blocked, id=26544, stack(0x0000005f8da00000,0x0000005f8db00000) (1024K)]
  0x0000025a4a0a9570 JavaThread "ForkJoinPool.commonPool-worker-1" daemon [_thread_blocked, id=10896, stack(0x0000005f8dc00000,0x0000005f8dd00000) (1024K)]
  0x0000025a4a0a8850 JavaThread "ForkJoinPool.commonPool-worker-3" daemon [_thread_blocked, id=27196, stack(0x0000005f8de00000,0x0000005f8df00000) (1024K)]
  0x0000025a4a0aafb0 JavaThread "ForkJoinPool.commonPool-worker-4" daemon [_thread_blocked, id=2964, stack(0x0000005f8df00000,0x0000005f8e000000) (1024K)]
  0x0000025a4a0ab640 JavaThread "ForkJoinPool.commonPool-worker-5" daemon [_thread_blocked, id=2380, stack(0x0000005f8e000000,0x0000005f8e100000) (1024K)]
  0x0000025a4a0a9c00 JavaThread "ForkJoinPool.commonPool-worker-6" daemon [_thread_blocked, id=16572, stack(0x0000005f8e100000,0x0000005f8e200000) (1024K)]
  0x0000025a4a0aa290 JavaThread "ForkJoinPool.commonPool-worker-7" daemon [_thread_blocked, id=20220, stack(0x0000005f8e200000,0x0000005f8e300000) (1024K)]
  0x0000025a4a0abcd0 JavaThread "ForkJoinPool.commonPool-worker-9" daemon [_thread_blocked, id=21532, stack(0x0000005f8e300000,0x0000005f8e400000) (1024K)]
  0x0000025a4a0ac360 JavaThread "ForkJoinPool.commonPool-worker-8" daemon [_thread_blocked, id=7872, stack(0x0000005f8e400000,0x0000005f8e500000) (1024K)]
  0x0000025a4c820670 JavaThread "Cleaner-0"                  daemon [_thread_blocked, id=3592, stack(0x0000005f8e800000,0x0000005f8e900000) (1024K)]
  0x0000025a4cb5d130 JavaThread "Worker-15"                         [_thread_blocked, id=19824, stack(0x0000005f8a100000,0x0000005f8a200000) (1024K)]
  0x0000025a4a2c8d70 JavaThread "ForkJoinPool.commonPool-worker-12" daemon [_thread_blocked, id=18420, stack(0x0000005f8c800000,0x0000005f8c900000) (1024K)]
  0x0000025a4d181c60 JavaThread "Worker-26"                         [_thread_blocked, id=18872, stack(0x0000005f8c300000,0x0000005f8c400000) (1024K)]
  0x0000025a4d1836a0 JavaThread "ForkJoinPool.commonPool-worker-14" daemon [_thread_blocked, id=23460, stack(0x0000005f8c600000,0x0000005f8c700000) (1024K)]
  0x0000025a4d1843c0 JavaThread "ForkJoinPool.commonPool-worker-15" daemon [_thread_blocked, id=10236, stack(0x0000005f8a200000,0x0000005f8a300000) (1024K)]
  0x0000025a4d185e00 JavaThread "Worker-27"                         [_thread_blocked, id=6784, stack(0x0000005f8c200000,0x0000005f8c300000) (1024K)]
  0x0000025a4d182980 JavaThread "Worker-28"                         [_thread_blocked, id=17772, stack(0x0000005f8c500000,0x0000005f8c600000) (1024K)]
  0x0000025a4d183010 JavaThread "Compiler Source File Reader" daemon [_thread_blocked, id=14216, stack(0x0000005f8c700000,0x0000005f8c800000) (1024K)]
  0x0000025a4d186b20 JavaThread "Compiler Processing Task"   daemon [_thread_blocked, id=5860, stack(0x0000005f8c900000,0x0000005f8ca00000) (1024K)]
  0x0000025a4d183d30 JavaThread "Worker-29"                         [_thread_blocked, id=22856, stack(0x0000005f8ca00000,0x0000005f8cb00000) (1024K)]
  0x0000025a4d189280 JavaThread "Compiler Source File Reader" daemon [_thread_blocked, id=26140, stack(0x0000005f8db00000,0x0000005f8dc00000) (1024K)]
  0x0000025a4b371ac0 JavaThread "Compiler Source File Reader" daemon [_thread_blocked, id=21472, stack(0x0000005f8dd00000,0x0000005f8de00000) (1024K)]
  0x0000025a4b370710 JavaThread "Compiler Source File Reader" daemon [_thread_blocked, id=13876, stack(0x0000005f8e500000,0x0000005f8e600000) (1024K)]
  0x0000025a4b371430 JavaThread "Compiler Source File Reader" daemon [_thread_blocked, id=14716, stack(0x0000005f8e600000,0x0000005f8e700000) (1024K)]
  0x0000025a4a0a74a0 JavaThread "Compiler Source File Reader" daemon [_thread_blocked, id=27088, stack(0x0000005f8e700000,0x0000005f8e800000) (1024K)]
  0x0000025a4a0a6780 JavaThread "Compiler Source File Reader" daemon [_thread_blocked, id=17024, stack(0x0000005f8e900000,0x0000005f8ea00000) (1024K)]
  0x0000025a4a0a4d40 JavaThread "Compiler Source File Reader" daemon [_thread_blocked, id=19168, stack(0x0000005f8ea00000,0x0000005f8eb00000) (1024K)]
  0x0000025a4a0aa920 JavaThread "Worker-30"                         [_thread_blocked, id=7152, stack(0x0000005f8eb00000,0x0000005f8ec00000) (1024K)]
  0x0000025a4a0a8ee0 JavaThread "Compiler Source File Reader" daemon [_thread_blocked, id=11880, stack(0x0000005f8ec00000,0x0000005f8ed00000) (1024K)]
  0x0000025a4cb59cb0 JavaThread "Compiler Source File Reader" daemon [_thread_blocked, id=12688, stack(0x0000005f8ed00000,0x0000005f8ee00000) (1024K)]
  0x0000025a4cb5b060 JavaThread "pool-1-thread-5"                   [_thread_blocked, id=4232, stack(0x0000005f8ee00000,0x0000005f8ef00000) (1024K)]
  0x0000025a4c818cf0 JavaThread "Worker-31"                         [_thread_blocked, id=7628, stack(0x0000005f8f000000,0x0000005f8f100000) (1024K)]
Total: 67

Other Threads:
  0x0000025a67772ca0 VMThread "VM Thread"                           [id=3412, stack(0x0000005f8a700000,0x0000005f8a800000) (1024K)]
  0x0000025a6766ca00 WatcherThread "VM Periodic Task Thread"        [id=23932, stack(0x0000005f8a600000,0x0000005f8a700000) (1024K)]
  0x0000025a67802b10 WorkerThread "GC Thread#0"                     [id=19900, stack(0x0000005f8a500000,0x0000005f8a600000) (1024K)]
  0x0000025a45ab6890 WorkerThread "GC Thread#1"                     [id=1436, stack(0x0000005f8b200000,0x0000005f8b300000) (1024K)]
  0x0000025a45ab6ff0 WorkerThread "GC Thread#2"                     [id=15324, stack(0x0000005f8b300000,0x0000005f8b400000) (1024K)]
  0x0000025a45ab59d0 WorkerThread "GC Thread#3"                     [id=22128, stack(0x0000005f8b400000,0x0000005f8b500000) (1024K)]
  0x0000025a45ab6130 WorkerThread "GC Thread#4"                     [id=8868, stack(0x0000005f8b500000,0x0000005f8b600000) (1024K)]
  0x0000025a45ab5d80 WorkerThread "GC Thread#5"                     [id=6628, stack(0x0000005f8b600000,0x0000005f8b700000) (1024K)]
  0x0000025a45ab6c40 WorkerThread "GC Thread#6"                     [id=23440, stack(0x0000005f8b700000,0x0000005f8b800000) (1024K)]
  0x0000025a45ab64e0 WorkerThread "GC Thread#7"                     [id=19052, stack(0x0000005f8b900000,0x0000005f8ba00000) (1024K)]
  0x0000025a4a099a80 WorkerThread "GC Thread#8"                     [id=12088, stack(0x0000005f8bd00000,0x0000005f8be00000) (1024K)]
  0x0000025a4a098bc0 WorkerThread "GC Thread#9"                     [id=23600, stack(0x0000005f8be00000,0x0000005f8bf00000) (1024K)]
Total: 12

Threads with active compile tasks:
Total: 0

VM state: not at safepoint (normal execution)

VM Mutex/Monitor currently owned by a thread: None

Heap address: 0x0000000080000000, size: 2048 MB, Compressed Oops mode: 32-bit

CDS archive(s) mapped at: [0x0000025a00000000-0x0000025a00ba0000-0x0000025a04a80000), size 78118912, SharedBaseAddress: 0x0000025a00000000, ArchiveRelocationMode: 1.
Compressed class space mapped at: 0x0000025a05000000-0x0000025a45000000, reserved size: 1073741824
Narrow klass base: 0x0000025a00000000, Narrow klass shift: 0, Narrow klass range: 0x100000000

GC Precious Log:
 CardTable entry size: 512
 CPUs: 12 total, 12 available
 Memory: 5886M
 Large Page Support: Disabled
 NUMA Support: Disabled
 Compressed Oops: Enabled (32-bit)
 Alignments: Space 512K, Generation 512K, Heap 2M
 Heap Min Capacity: 100M
 Heap Initial Capacity: 100M
 Heap Max Capacity: 2G
 Pre-touch: Disabled
 Parallel Workers: 10

Heap:
 PSYoungGen      total 6656K, used 1920K [0x00000000d5580000, 0x00000000d5f80000, 0x0000000100000000)
  eden space 6144K, 27% used [0x00000000d5580000,0x00000000d5729ae0,0x00000000d5b80000)
  from space 512K, 42% used [0x00000000d5f00000,0x00000000d5f36900,0x00000000d5f80000)
  to   space 1536K, 0% used [0x00000000d5c80000,0x00000000d5c80000,0x00000000d5e00000)
 ParOldGen       total 1303040K, used 1302998K [0x0000000080000000, 0x00000000cf880000, 0x00000000d5580000)
  object space 1303040K, 99% used [0x0000000080000000,0x00000000cf875af8,0x00000000cf880000)
 Metaspace       used 48589K, committed 50112K, reserved 1114112K
  class space    used 4175K, committed 4864K, reserved 1048576K

Card table byte_map: [0x0000025a67180000,0x0000025a67590000] _byte_map_base: 0x0000025a66d80000

Marking Bits: (ParMarkBitMap*) 0x00007ffe4b563450
 Begin Bits: [0x0000025a79c90000, 0x0000025a7bc90000)
 End Bits:   [0x0000025a7bc90000, 0x0000025a7dc90000)

Polling page: 0x0000025a65640000

Metaspace:

Usage:
  Non-class:     43.37 MB used.
      Class:      4.08 MB used.
       Both:     47.45 MB used.

Virtual space:
  Non-class space:       64.00 MB reserved,      44.19 MB ( 69%) committed,  1 nodes.
      Class space:        1.00 GB reserved,       4.75 MB ( <1%) committed,  1 nodes.
             Both:        1.06 GB reserved,      48.94 MB (  4%) committed. 

Chunk freelists:
   Non-Class:  3.80 MB
       Class:  11.11 MB
        Both:  14.90 MB

MaxMetaspaceSize: unlimited
CompressedClassSpaceSize: 1.00 GB
Initial GC threshold: 21.00 MB
Current GC threshold: 80.31 MB
CDS: on
 - commit_granule_bytes: 65536.
 - commit_granule_words: 8192.
 - virtual_space_node_default_size: 8388608.
 - enlarge_chunks_in_place: 1.
 - use_allocation_guard: 0.


Internal statistics:

num_allocs_failed_limit: 3.
num_arena_births: 1570.
num_arena_deaths: 8.
num_vsnodes_births: 2.
num_vsnodes_deaths: 0.
num_space_committed: 783.
num_space_uncommitted: 0.
num_chunks_returned_to_freelist: 11.
num_chunks_taken_from_freelist: 4334.
num_chunk_merges: 7.
num_chunk_splits: 2482.
num_chunks_enlarged: 1145.
num_inconsistent_stats: 0.

CodeHeap 'non-profiled nmethods': size=120000Kb used=25251Kb max_used=25251Kb free=94748Kb
 bounds [0x0000025a724b0000, 0x0000025a73d60000, 0x0000025a799e0000]
CodeHeap 'profiled nmethods': size=120000Kb used=43225Kb max_used=58467Kb free=76774Kb
 bounds [0x0000025a6a9e0000, 0x0000025a6e350000, 0x0000025a71f10000]
CodeHeap 'non-nmethods': size=5760Kb used=1532Kb max_used=1673Kb free=4227Kb
 bounds [0x0000025a71f10000, 0x0000025a72180000, 0x0000025a724b0000]
CodeCache: size=245760Kb, used=70008Kb, max_used=85391Kb, free=175749Kb
 total_blobs=20745, nmethods=19896, adapters=750, full_count=0
Compilation: enabled, stopped_count=0, restarted_count=0

Compilation events (20 events):
Event: 1453.526 Thread 0x0000025a6789a720 nmethod 33033 0x0000025a6b97b910 code [0x0000025a6b97bc80, 0x0000025a6b97d8d0]
Event: 1453.526 Thread 0x0000025a6789a720 33034       1       org.eclipse.text.edits.MultiTextEdit::deleteChildren (2 bytes)
Event: 1453.526 Thread 0x0000025a6789a720 nmethod 33034 0x0000025a73664a10 code [0x0000025a73664ba0, 0x0000025a73664c68]
Event: 1453.566 Thread 0x0000025a67895a00 nmethod 33028 0x0000025a73d55c90 code [0x0000025a73d56200, 0x0000025a73d58ba8]
Event: 1453.566 Thread 0x0000025a67895a00 33029       4       org.eclipse.jdt.internal.compiler.lookup.MemberTypeBinding::initializeDeprecatedAnnotationTagBits (30 bytes)
Event: 1453.567 Thread 0x0000025a67895a00 nmethod 33029 0x0000025a73780110 code [0x0000025a737802a0, 0x0000025a73780388]
Event: 1455.497 Thread 0x0000025a6789a720 33036       3       org.eclipse.jdt.internal.core.JavaModelManager::containerIsInitializationInProgress (45 bytes)
Event: 1455.498 Thread 0x0000025a6789a720 nmethod 33036 0x0000025a6c976090 code [0x0000025a6c9762a0, 0x0000025a6c9768f0]
Event: 1455.498 Thread 0x0000025a6789a720 33035  s    3       org.eclipse.jdt.internal.core.JavaModelManager::containerGet (46 bytes)
Event: 1455.498 Thread 0x0000025a6789a720 nmethod 33035 0x0000025a6c55a090 code [0x0000025a6c55a2a0, 0x0000025a6c55a9c0]
Event: 1455.498 Thread 0x0000025a6789a720 33037   !   3       org.eclipse.jdt.internal.core.JavaModelManager::getClasspathContainer (92 bytes)
Event: 1455.504 Thread 0x0000025a6789a720 nmethod 33037 0x0000025a6b2d9110 code [0x0000025a6b2d9380, 0x0000025a6b2d9f28]
Event: 1455.504 Thread 0x0000025a6789a720 33038       3       org.eclipse.jdt.core.JavaCore::getClasspathContainer (27 bytes)
Event: 1455.505 Thread 0x0000025a6789a720 nmethod 33038 0x0000025a6be4e410 code [0x0000025a6be4e5e0, 0x0000025a6be4e868]
Event: 1456.548 Thread 0x0000025a6789a720 33040       3       org.eclipse.jdt.core.manipulation.internal.javadoc.InheritDocVisitor::visitInheritDocInterfaces (159 bytes)
Event: 1456.551 Thread 0x0000025a6789a720 nmethod 33040 0x0000025a6ba69c90 code [0x0000025a6ba69fa0, 0x0000025a6ba6b6b0]
Event: 1456.551 Thread 0x0000025a6789a720 33041       3       org.eclipse.jdt.internal.core.hierarchy.TypeHierarchy::getSuperInterfaces (24 bytes)
Event: 1456.552 Thread 0x0000025a6789a720 nmethod 33041 0x0000025a6c468990 code [0x0000025a6c468b60, 0x0000025a6c468ea8]
Event: 1456.552 Thread 0x0000025a6789a720 33042       3       com.vladsch.flexmark.util.collection.OrderedMap::getModificationCount (8 bytes)
Event: 1456.554 Thread 0x0000025a6789a720 nmethod 33042 0x0000025a6b8e7b90 code [0x0000025a6b8e7d40, 0x0000025a6b8e7e80]

GC Heap History (20 events):
Event: 1453.481 GC heap before
{Heap before GC invocations=3261 (full 5):
 PSYoungGen      total 10240K, used 9904K [0x00000000d5580000, 0x00000000d6080000, 0x0000000100000000)
  eden space 9216K, 100% used [0x00000000d5580000,0x00000000d5e80000,0x00000000d5e80000)
  from space 1024K, 67% used [0x00000000d5f80000,0x00000000d602c030,0x00000000d6080000)
  to   space 1024K, 0% used [0x00000000d5e80000,0x00000000d5e80000,0x00000000d5f80000)
 ParOldGen       total 1295360K, used 1295278K [0x0000000080000000, 0x00000000cf100000, 0x00000000d5580000)
  object space 1295360K, 99% used [0x0000000080000000,0x00000000cf0eba80,0x00000000cf100000)
 Metaspace       used 48581K, committed 50112K, reserved 1114112K
  class space    used 4175K, committed 4864K, reserved 1048576K
}
Event: 1453.483 GC heap after
{Heap after GC invocations=3261 (full 5):
 PSYoungGen      total 10240K, used 800K [0x00000000d5580000, 0x00000000d6280000, 0x0000000100000000)
  eden space 9216K, 0% used [0x00000000d5580000,0x00000000d5580000,0x00000000d5e80000)
  from space 1024K, 78% used [0x00000000d5e80000,0x00000000d5f48020,0x00000000d5f80000)
  to   space 1024K, 0% used [0x00000000d6180000,0x00000000d6180000,0x00000000d6280000)
 ParOldGen       total 1295872K, used 1295806K [0x0000000080000000, 0x00000000cf180000, 0x00000000d5580000)
  object space 1295872K, 99% used [0x0000000080000000,0x00000000cf16fac0,0x00000000cf180000)
 Metaspace       used 48581K, committed 50112K, reserved 1114112K
  class space    used 4175K, committed 4864K, reserved 1048576K
}
Event: 1453.508 GC heap before
{Heap before GC invocations=3262 (full 5):
 PSYoungGen      total 10240K, used 10016K [0x00000000d5580000, 0x00000000d6280000, 0x0000000100000000)
  eden space 9216K, 100% used [0x00000000d5580000,0x00000000d5e80000,0x00000000d5e80000)
  from space 1024K, 78% used [0x00000000d5e80000,0x00000000d5f48020,0x00000000d5f80000)
  to   space 1024K, 0% used [0x00000000d6180000,0x00000000d6180000,0x00000000d6280000)
 ParOldGen       total 1295872K, used 1295806K [0x0000000080000000, 0x00000000cf180000, 0x00000000d5580000)
  object space 1295872K, 99% used [0x0000000080000000,0x00000000cf16fac0,0x00000000cf180000)
 Metaspace       used 48581K, committed 50112K, reserved 1114112K
  class space    used 4175K, committed 4864K, reserved 1048576K
}
Event: 1453.510 GC heap after
{Heap after GC invocations=3262 (full 5):
 PSYoungGen      total 10240K, used 1008K [0x00000000d5580000, 0x00000000d6280000, 0x0000000100000000)
  eden space 9216K, 0% used [0x00000000d5580000,0x00000000d5580000,0x00000000d5e80000)
  from space 1024K, 98% used [0x00000000d6180000,0x00000000d627c030,0x00000000d6280000)
  to   space 2048K, 0% used [0x00000000d5e80000,0x00000000d5e80000,0x00000000d6080000)
 ParOldGen       total 1296896K, used 1296518K [0x0000000080000000, 0x00000000cf280000, 0x00000000d5580000)
  object space 1296896K, 99% used [0x0000000080000000,0x00000000cf221b40,0x00000000cf280000)
 Metaspace       used 48581K, committed 50112K, reserved 1114112K
  class space    used 4175K, committed 4864K, reserved 1048576K
}
Event: 1453.678 GC heap before
{Heap before GC invocations=3263 (full 5):
 PSYoungGen      total 10240K, used 10224K [0x00000000d5580000, 0x00000000d6280000, 0x0000000100000000)
  eden space 9216K, 99% used [0x00000000d5580000,0x00000000d5e7fff8,0x00000000d5e80000)
  from space 1024K, 98% used [0x00000000d6180000,0x00000000d627c030,0x00000000d6280000)
  to   space 2048K, 0% used [0x00000000d5e80000,0x00000000d5e80000,0x00000000d6080000)
 ParOldGen       total 1296896K, used 1296518K [0x0000000080000000, 0x00000000cf280000, 0x00000000d5580000)
  object space 1296896K, 99% used [0x0000000080000000,0x00000000cf221b40,0x00000000cf280000)
 Metaspace       used 48586K, committed 50112K, reserved 1114112K
  class space    used 4175K, committed 4864K, reserved 1048576K
}
Event: 1453.682 GC heap after
{Heap after GC invocations=3263 (full 5):
 PSYoungGen      total 11264K, used 980K [0x00000000d5580000, 0x00000000d6200000, 0x0000000100000000)
  eden space 9216K, 0% used [0x00000000d5580000,0x00000000d5580000,0x00000000d5e80000)
  from space 2048K, 47% used [0x00000000d5e80000,0x00000000d5f75200,0x00000000d6080000)
  to   space 1536K, 0% used [0x00000000d6080000,0x00000000d6080000,0x00000000d6200000)
 ParOldGen       total 1297920K, used 1297479K [0x0000000080000000, 0x00000000cf380000, 0x00000000d5580000)
  object space 1297920K, 99% used [0x0000000080000000,0x00000000cf311ed0,0x00000000cf380000)
 Metaspace       used 48586K, committed 50112K, reserved 1114112K
  class space    used 4175K, committed 4864K, reserved 1048576K
}
Event: 1453.700 GC heap before
{Heap before GC invocations=3264 (full 5):
 PSYoungGen      total 11264K, used 10196K [0x00000000d5580000, 0x00000000d6200000, 0x0000000100000000)
  eden space 9216K, 100% used [0x00000000d5580000,0x00000000d5e80000,0x00000000d5e80000)
  from space 2048K, 47% used [0x00000000d5e80000,0x00000000d5f75200,0x00000000d6080000)
  to   space 1536K, 0% used [0x00000000d6080000,0x00000000d6080000,0x00000000d6200000)
 ParOldGen       total 1297920K, used 1297479K [0x0000000080000000, 0x00000000cf380000, 0x00000000d5580000)
  object space 1297920K, 99% used [0x0000000080000000,0x00000000cf311ed0,0x00000000cf380000)
 Metaspace       used 48586K, committed 50112K, reserved 1114112K
  class space    used 4175K, committed 4864K, reserved 1048576K
}
Event: 1453.703 GC heap after
{Heap after GC invocations=3264 (full 5):
 PSYoungGen      total 9728K, used 490K [0x00000000d5580000, 0x00000000d6100000, 0x0000000100000000)
  eden space 9216K, 0% used [0x00000000d5580000,0x00000000d5580000,0x00000000d5e80000)
  from space 512K, 95% used [0x00000000d6080000,0x00000000d60fa910,0x00000000d6100000)
  to   space 1024K, 0% used [0x00000000d5f00000,0x00000000d5f00000,0x00000000d6000000)
 ParOldGen       total 1297920K, used 1297879K [0x0000000080000000, 0x00000000cf380000, 0x00000000d5580000)
  object space 1297920K, 99% used [0x0000000080000000,0x00000000cf375f00,0x00000000cf380000)
 Metaspace       used 48586K, committed 50112K, reserved 1114112K
  class space    used 4175K, committed 4864K, reserved 1048576K
}
Event: 1453.716 GC heap before
{Heap before GC invocations=3265 (full 5):
 PSYoungGen      total 9728K, used 9706K [0x00000000d5580000, 0x00000000d6100000, 0x0000000100000000)
  eden space 9216K, 100% used [0x00000000d5580000,0x00000000d5e80000,0x00000000d5e80000)
  from space 512K, 95% used [0x00000000d6080000,0x00000000d60fa910,0x00000000d6100000)
  to   space 1024K, 0% used [0x00000000d5f00000,0x00000000d5f00000,0x00000000d6000000)
 ParOldGen       total 1297920K, used 1297879K [0x0000000080000000, 0x00000000cf380000, 0x00000000d5580000)
  object space 1297920K, 99% used [0x0000000080000000,0x00000000cf375f00,0x00000000cf380000)
 Metaspace       used 48586K, committed 50112K, reserved 1114112K
  class space    used 4175K, committed 4864K, reserved 1048576K
}
Event: 1453.718 GC heap after
{Heap after GC invocations=3265 (full 5):
 PSYoungGen      total 10240K, used 800K [0x00000000d5580000, 0x00000000d6100000, 0x0000000100000000)
  eden space 9216K, 0% used [0x00000000d5580000,0x00000000d5580000,0x00000000d5e80000)
  from space 1024K, 78% used [0x00000000d5f00000,0x00000000d5fc8020,0x00000000d6000000)
  to   space 1024K, 0% used [0x00000000d6000000,0x00000000d6000000,0x00000000d6100000)
 ParOldGen       total 1298432K, used 1298264K [0x0000000080000000, 0x00000000cf400000, 0x00000000d5580000)
  object space 1298432K, 99% used [0x0000000080000000,0x00000000cf3d63a8,0x00000000cf400000)
 Metaspace       used 48586K, committed 50112K, reserved 1114112K
  class space    used 4175K, committed 4864K, reserved 1048576K
}
Event: 1455.102 GC heap before
{Heap before GC invocations=3266 (full 5):
 PSYoungGen      total 10240K, used 10016K [0x00000000d5580000, 0x00000000d6100000, 0x0000000100000000)
  eden space 9216K, 100% used [0x00000000d5580000,0x00000000d5e80000,0x00000000d5e80000)
  from space 1024K, 78% used [0x00000000d5f00000,0x00000000d5fc8020,0x00000000d6000000)
  to   space 1024K, 0% used [0x00000000d6000000,0x00000000d6000000,0x00000000d6100000)
 ParOldGen       total 1298432K, used 1298264K [0x0000000080000000, 0x00000000cf400000, 0x00000000d5580000)
  object space 1298432K, 99% used [0x0000000080000000,0x00000000cf3d63a8,0x00000000cf400000)
 Metaspace       used 48587K, committed 50112K, reserved 1114112K
  class space    used 4175K, committed 4864K, reserved 1048576K
}
Event: 1455.106 GC heap after
{Heap after GC invocations=3266 (full 5):
 PSYoungGen      total 10240K, used 820K [0x00000000d5580000, 0x00000000d6100000, 0x0000000100000000)
  eden space 9216K, 0% used [0x00000000d5580000,0x00000000d5580000,0x00000000d5e80000)
  from space 1024K, 80% used [0x00000000d6000000,0x00000000d60cd200,0x00000000d6100000)
  to   space 1024K, 0% used [0x00000000d5f00000,0x00000000d5f00000,0x00000000d6000000)
 ParOldGen       total 1298944K, used 1298912K [0x0000000080000000, 0x00000000cf480000, 0x00000000d5580000)
  object space 1298944K, 99% used [0x0000000080000000,0x00000000cf4783d8,0x00000000cf480000)
 Metaspace       used 48587K, committed 50112K, reserved 1114112K
  class space    used 4175K, committed 4864K, reserved 1048576K
}
Event: 1455.483 GC heap before
{Heap before GC invocations=3267 (full 5):
 PSYoungGen      total 10240K, used 10036K [0x00000000d5580000, 0x00000000d6100000, 0x0000000100000000)
  eden space 9216K, 100% used [0x00000000d5580000,0x00000000d5e80000,0x00000000d5e80000)
  from space 1024K, 80% used [0x00000000d6000000,0x00000000d60cd200,0x00000000d6100000)
  to   space 1024K, 0% used [0x00000000d5f00000,0x00000000d5f00000,0x00000000d6000000)
 ParOldGen       total 1298944K, used 1298912K [0x0000000080000000, 0x00000000cf480000, 0x00000000d5580000)
  object space 1298944K, 99% used [0x0000000080000000,0x00000000cf4783d8,0x00000000cf480000)
 Metaspace       used 48587K, committed 50112K, reserved 1114112K
  class space    used 4175K, committed 4864K, reserved 1048576K
}
Event: 1455.487 GC heap after
{Heap after GC invocations=3267 (full 5):
 PSYoungGen      total 10240K, used 666K [0x00000000d5580000, 0x00000000d6080000, 0x0000000100000000)
  eden space 9216K, 0% used [0x00000000d5580000,0x00000000d5580000,0x00000000d5e80000)
  from space 1024K, 65% used [0x00000000d5f00000,0x00000000d5fa6900,0x00000000d6000000)
  to   space 512K, 0% used [0x00000000d6000000,0x00000000d6000000,0x00000000d6080000)
 ParOldGen       total 1299456K, used 1299056K [0x0000000080000000, 0x00000000cf500000, 0x00000000d5580000)
  object space 1299456K, 99% used [0x0000000080000000,0x00000000cf49c3d8,0x00000000cf500000)
 Metaspace       used 48587K, committed 50112K, reserved 1114112K
  class space    used 4175K, committed 4864K, reserved 1048576K
}
Event: 1455.516 GC heap before
{Heap before GC invocations=3268 (full 5):
 PSYoungGen      total 10240K, used 9882K [0x00000000d5580000, 0x00000000d6080000, 0x0000000100000000)
  eden space 9216K, 99% used [0x00000000d5580000,0x00000000d5e7fff0,0x00000000d5e80000)
  from space 1024K, 65% used [0x00000000d5f00000,0x00000000d5fa6900,0x00000000d6000000)
  to   space 512K, 0% used [0x00000000d6000000,0x00000000d6000000,0x00000000d6080000)
 ParOldGen       total 1299456K, used 1299056K [0x0000000080000000, 0x00000000cf500000, 0x00000000d5580000)
  object space 1299456K, 99% used [0x0000000080000000,0x00000000cf49c3d8,0x00000000cf500000)
 Metaspace       used 48587K, committed 50112K, reserved 1114112K
  class space    used 4175K, committed 4864K, reserved 1048576K
}
Event: 1455.522 GC heap after
{Heap after GC invocations=3268 (full 5):
 PSYoungGen      total 6656K, used 489K [0x00000000d5580000, 0x00000000d6780000, 0x0000000100000000)
  eden space 6144K, 0% used [0x00000000d5580000,0x00000000d5580000,0x00000000d5b80000)
  from space 512K, 95% used [0x00000000d6000000,0x00000000d607a4f0,0x00000000d6080000)
  to   space 4608K, 0% used [0x00000000d5b80000,0x00000000d5b80000,0x00000000d6000000)
 ParOldGen       total 1302528K, used 1302526K [0x0000000080000000, 0x00000000cf800000, 0x00000000d5580000)
  object space 1302528K, 99% used [0x0000000080000000,0x00000000cf7ffaf8,0x00000000cf800000)
 Metaspace       used 48587K, committed 50112K, reserved 1114112K
  class space    used 4175K, committed 4864K, reserved 1048576K
}
Event: 1455.543 GC heap before
{Heap before GC invocations=3269 (full 5):
 PSYoungGen      total 6656K, used 6633K [0x00000000d5580000, 0x00000000d6780000, 0x0000000100000000)
  eden space 6144K, 100% used [0x00000000d5580000,0x00000000d5b80000,0x00000000d5b80000)
  from space 512K, 95% used [0x00000000d6000000,0x00000000d607a4f0,0x00000000d6080000)
  to   space 4608K, 0% used [0x00000000d5b80000,0x00000000d5b80000,0x00000000d6000000)
 ParOldGen       total 1302528K, used 1302526K [0x0000000080000000, 0x00000000cf800000, 0x00000000d5580000)
  object space 1302528K, 99% used [0x0000000080000000,0x00000000cf7ffaf8,0x00000000cf800000)
 Metaspace       used 48587K, committed 50112K, reserved 1114112K
  class space    used 4175K, committed 4864K, reserved 1048576K
}
Event: 1455.546 GC heap after
{Heap after GC invocations=3269 (full 5):
 PSYoungGen      total 9728K, used 3219K [0x00000000d5580000, 0x00000000d6280000, 0x0000000100000000)
  eden space 6144K, 0% used [0x00000000d5580000,0x00000000d5580000,0x00000000d5b80000)
  from space 3584K, 89% used [0x00000000d5b80000,0x00000000d5ea4dc0,0x00000000d5f00000)
  to   space 3584K, 0% used [0x00000000d5f00000,0x00000000d5f00000,0x00000000d6280000)
 ParOldGen       total 1303040K, used 1302782K [0x0000000080000000, 0x00000000cf880000, 0x00000000d5580000)
  object space 1303040K, 99% used [0x0000000080000000,0x00000000cf83faf8,0x00000000cf880000)
 Metaspace       used 48587K, committed 50112K, reserved 1114112K
  class space    used 4175K, committed 4864K, reserved 1048576K
}
Event: 1456.535 GC heap before
{Heap before GC invocations=3270 (full 5):
 PSYoungGen      total 9728K, used 9363K [0x00000000d5580000, 0x00000000d6280000, 0x0000000100000000)
  eden space 6144K, 100% used [0x00000000d5580000,0x00000000d5b80000,0x00000000d5b80000)
  from space 3584K, 89% used [0x00000000d5b80000,0x00000000d5ea4dc0,0x00000000d5f00000)
  to   space 3584K, 0% used [0x00000000d5f00000,0x00000000d5f00000,0x00000000d6280000)
 ParOldGen       total 1303040K, used 1302782K [0x0000000080000000, 0x00000000cf880000, 0x00000000d5580000)
  object space 1303040K, 99% used [0x0000000080000000,0x00000000cf83faf8,0x00000000cf880000)
 Metaspace       used 48587K, committed 50112K, reserved 1114112K
  class space    used 4175K, committed 4864K, reserved 1048576K
}
Event: 1456.544 GC heap after
{Heap after GC invocations=3270 (full 5):
 PSYoungGen      total 6656K, used 218K [0x00000000d5580000, 0x00000000d5f80000, 0x0000000100000000)
  eden space 6144K, 0% used [0x00000000d5580000,0x00000000d5580000,0x00000000d5b80000)
  from space 512K, 42% used [0x00000000d5f00000,0x00000000d5f36900,0x00000000d5f80000)
  to   space 1536K, 0% used [0x00000000d5c80000,0x00000000d5c80000,0x00000000d5e00000)
 ParOldGen       total 1303040K, used 1302998K [0x0000000080000000, 0x00000000cf880000, 0x00000000d5580000)
  object space 1303040K, 99% used [0x0000000080000000,0x00000000cf875af8,0x00000000cf880000)
 Metaspace       used 48587K, committed 50112K, reserved 1114112K
  class space    used 4175K, committed 4864K, reserved 1048576K
}

Dll operation events (12 events):
Event: 0.117 Loaded shared library c:\Users\linta\.vscode\extensions\redhat.java-1.55.2026051309-win32-x64\jre\21.0.10-win32-x86_64\bin\java.dll
Event: 0.464 Loaded shared library c:\Users\linta\.vscode\extensions\redhat.java-1.55.2026051309-win32-x64\jre\21.0.10-win32-x86_64\bin\zip.dll
Event: 0.467 Loaded shared library C:\Users\linta\.vscode\extensions\redhat.java-1.55.2026051309-win32-x64\jre\21.0.10-win32-x86_64\bin\instrument.dll
Event: 0.560 Loaded shared library C:\Users\linta\.vscode\extensions\redhat.java-1.55.2026051309-win32-x64\jre\21.0.10-win32-x86_64\bin\net.dll
Event: 0.607 Loaded shared library C:\Users\linta\.vscode\extensions\redhat.java-1.55.2026051309-win32-x64\jre\21.0.10-win32-x86_64\bin\nio.dll
Event: 0.610 Loaded shared library C:\Users\linta\.vscode\extensions\redhat.java-1.55.2026051309-win32-x64\jre\21.0.10-win32-x86_64\bin\zip.dll
Event: 0.623 Loaded shared library C:\Users\linta\.vscode\extensions\redhat.java-1.55.2026051309-win32-x64\jre\21.0.10-win32-x86_64\bin\jimage.dll
Event: 0.684 Loaded shared library c:\Users\linta\.vscode\extensions\redhat.java-1.55.2026051309-win32-x64\jre\21.0.10-win32-x86_64\bin\verify.dll
Event: 14.007 Loaded shared library C:\Users\linta\AppData\Roaming\Code\User\globalStorage\redhat.java\1.55.2026051309\config_win\org.eclipse.equinox.launcher\org.eclipse.equinox.launcher.win32.win32.x86_64_1.3.0.v20260203-2149\eclipse_11919.dll
Event: 34.373 Loaded shared library C:\Users\linta\AppData\Local\Temp\jna-102977726\jna16420864691530007361.dll
Event: 37.238 Loaded shared library C:\Users\linta\.vscode\extensions\redhat.java-1.55.2026051309-win32-x64\jre\21.0.10-win32-x86_64\bin\sunmscapi.dll
Event: 37.323 Loaded shared library C:\Users\linta\.vscode\extensions\redhat.java-1.55.2026051309-win32-x64\jre\21.0.10-win32-x86_64\bin\extnet.dll

Deoptimization events (20 events):
Event: 1450.356 Thread 0x0000025a4cb5d130 Uncommon trap: trap_request=0xffffffd6 fr.pc=0x0000025a73960e98 relative=0x00000000000009f8
Event: 1450.356 Thread 0x0000025a4cb5d130 Uncommon trap: reason=array_check action=maybe_recompile pc=0x0000025a73960e98 method=java.util.ComparableTimSort.binarySort([Ljava/lang/Object;III)V @ 215 c2
Event: 1450.356 Thread 0x0000025a4cb5d130 DEOPT PACKING pc=0x0000025a73960e98 sp=0x0000005f8a1fe020
Event: 1450.356 Thread 0x0000025a4cb5d130 DEOPT UNPACKING pc=0x0000025a71f63aa2 sp=0x0000005f8a1fdfc0 mode 2
Event: 1450.357 Thread 0x0000025a4cb5d130 Uncommon trap: trap_request=0xffffffd6 fr.pc=0x0000025a73960e98 relative=0x00000000000009f8
Event: 1450.357 Thread 0x0000025a4cb5d130 Uncommon trap: reason=array_check action=maybe_recompile pc=0x0000025a73960e98 method=java.util.ComparableTimSort.binarySort([Ljava/lang/Object;III)V @ 215 c2
Event: 1450.357 Thread 0x0000025a4cb5d130 DEOPT PACKING pc=0x0000025a73960e98 sp=0x0000005f8a1fe020
Event: 1450.357 Thread 0x0000025a4cb5d130 DEOPT UNPACKING pc=0x0000025a71f63aa2 sp=0x0000005f8a1fdfc0 mode 2
Event: 1452.977 Thread 0x0000025a4a0aafb0 Uncommon trap: trap_request=0xffffffd6 fr.pc=0x0000025a73665ca8 relative=0x0000000000000d88
Event: 1452.977 Thread 0x0000025a4a0aafb0 Uncommon trap: reason=array_check action=maybe_recompile pc=0x0000025a73665ca8 method=java.util.ComparableTimSort.binarySort([Ljava/lang/Object;III)V @ 183 c2
Event: 1452.977 Thread 0x0000025a4a0aafb0 DEOPT PACKING pc=0x0000025a73665ca8 sp=0x0000005f8dffdfc0
Event: 1452.977 Thread 0x0000025a4a0aafb0 DEOPT UNPACKING pc=0x0000025a71f63aa2 sp=0x0000005f8dffdf60 mode 2
Event: 1453.374 Thread 0x0000025a4a0aafb0 Uncommon trap: trap_request=0xffffffd6 fr.pc=0x0000025a73665ca8 relative=0x0000000000000d88
Event: 1453.374 Thread 0x0000025a4a0aafb0 Uncommon trap: reason=array_check action=maybe_recompile pc=0x0000025a73665ca8 method=java.util.ComparableTimSort.binarySort([Ljava/lang/Object;III)V @ 183 c2
Event: 1453.374 Thread 0x0000025a4a0aafb0 DEOPT PACKING pc=0x0000025a73665ca8 sp=0x0000005f8dffdfc0
Event: 1453.374 Thread 0x0000025a4a0aafb0 DEOPT UNPACKING pc=0x0000025a71f63aa2 sp=0x0000005f8dffdf60 mode 2
Event: 1455.531 Thread 0x0000025a4a0aafb0 Uncommon trap: trap_request=0xffffff45 fr.pc=0x0000025a736a7708 relative=0x0000000000000148
Event: 1455.531 Thread 0x0000025a4a0aafb0 Uncommon trap: reason=unstable_if action=reinterpret pc=0x0000025a736a7708 method=org.eclipse.jdt.internal.core.search.matching.TypeDeclarationPattern.matchesDecodedKey(Lorg/eclipse/jdt/core/search/SearchPattern;)Z @ 88 c2
Event: 1455.532 Thread 0x0000025a4a0aafb0 DEOPT PACKING pc=0x0000025a736a7708 sp=0x0000005f8dffdc50
Event: 1455.532 Thread 0x0000025a4a0aafb0 DEOPT UNPACKING pc=0x0000025a71f63aa2 sp=0x0000005f8dffdbe8 mode 2

Classes loaded (20 events):
Event: 1420.495 Loading class jdk/internal/icu/impl/Norm2AllModes$NFCSingleton
Event: 1420.498 Loading class jdk/internal/icu/impl/Norm2AllModes$NFCSingleton done
Event: 1420.527 Loading class java/nio/StringCharBuffer
Event: 1420.530 Loading class java/nio/StringCharBuffer done
Event: 1421.522 Loading class jdk/internal/module/IllegalAccessLogger
Event: 1421.524 Loading class jdk/internal/module/IllegalAccessLogger done
Event: 1422.236 Loading class java/util/concurrent/ConcurrentHashMap$TreeNode
Event: 1422.239 Loading class java/util/concurrent/ConcurrentHashMap$TreeNode done
Event: 1422.239 Loading class java/util/concurrent/ConcurrentHashMap$TreeBin
Event: 1422.244 Loading class java/util/concurrent/ConcurrentHashMap$TreeBin done
Event: 1423.205 Loading class jdk/internal/module/IllegalAccessLogger
Event: 1423.205 Loading class jdk/internal/module/IllegalAccessLogger done
Event: 1426.961 Loading class jdk/internal/module/IllegalAccessLogger
Event: 1426.961 Loading class jdk/internal/module/IllegalAccessLogger done
Event: 1446.085 Loading class jdk/internal/module/IllegalAccessLogger
Event: 1446.086 Loading class jdk/internal/module/IllegalAccessLogger done
Event: 1447.881 Loading class jdk/internal/module/IllegalAccessLogger
Event: 1447.881 Loading class jdk/internal/module/IllegalAccessLogger done
Event: 1450.128 Loading class jdk/internal/module/IllegalAccessLogger
Event: 1450.128 Loading class jdk/internal/module/IllegalAccessLogger done

Classes unloaded (4 events):
Event: 40.036 Thread 0x0000025a67772ca0 Unloading class 0x0000025a050eb400 'java/lang/invoke/LambdaForm$MH+0x0000025a050eb400'
Event: 40.036 Thread 0x0000025a67772ca0 Unloading class 0x0000025a050eb000 'java/lang/invoke/LambdaForm$MH+0x0000025a050eb000'
Event: 40.036 Thread 0x0000025a67772ca0 Unloading class 0x0000025a050eac00 'java/lang/invoke/LambdaForm$MH+0x0000025a050eac00'
Event: 40.036 Thread 0x0000025a67772ca0 Unloading class 0x0000025a050ea800 'java/lang/invoke/LambdaForm$MH+0x0000025a050ea800'

Classes redefined (0 events):
No events

Internal exceptions (20 events):
Event: 1419.213 Thread 0x0000025a4a0aa290 Implicit null exception at 0x0000025a733e6769 to 0x0000025a733e6d94
Event: 1419.302 Thread 0x0000025a4a0aa290 Implicit null exception at 0x0000025a7363dc1f to 0x0000025a73640ba8
Event: 1419.401 Thread 0x0000025a4a0aa290 Implicit null exception at 0x0000025a72ea27df to 0x0000025a72ea2b04
Event: 1419.402 Thread 0x0000025a4a0aa290 Implicit null exception at 0x0000025a72d5f3b3 to 0x0000025a72d60398
Event: 1419.841 Thread 0x0000025a4a0a81c0 Exception <a 'java/lang/ArrayIndexOutOfBoundsException'{0x00000000d562ffa8}> (0x00000000d562ffa8) 
thrown [s\src\hotspot\share\runtime\sharedRuntime.cpp, line 625]
Event: 1421.280 Thread 0x0000025a4a2c79c0 Exception <a 'sun/nio/fs/WindowsException'{0x00000000d5b09190}> (0x00000000d5b09190) 
thrown [s\src\hotspot\share\prims\jni.cpp, line 520]
Event: 1421.586 Thread 0x0000025a4a2c79c0 Exception <a 'sun/nio/fs/WindowsException'{0x00000000d598cb80}> (0x00000000d598cb80) 
thrown [s\src\hotspot\share\prims\jni.cpp, line 520]
Event: 1422.944 Thread 0x0000025a4a2c79c0 Exception <a 'sun/nio/fs/WindowsException'{0x00000000d5ab1008}> (0x00000000d5ab1008) 
thrown [s\src\hotspot\share\prims\jni.cpp, line 520]
Event: 1423.266 Thread 0x0000025a4a2c79c0 Exception <a 'sun/nio/fs/WindowsException'{0x00000000d5bc0c40}> (0x00000000d5bc0c40) 
thrown [s\src\hotspot\share\prims\jni.cpp, line 520]
Event: 1425.970 Thread 0x0000025a4a0ac360 Exception <a 'java/lang/ArrayIndexOutOfBoundsException'{0x00000000d5c362b0}> (0x00000000d5c362b0) 
thrown [s\src\hotspot\share\runtime\sharedRuntime.cpp, line 625]
Event: 1426.066 Thread 0x0000025a4a0ac360 Exception <a 'java/lang/ArrayIndexOutOfBoundsException'{0x00000000d56909f0}> (0x00000000d56909f0) 
thrown [s\src\hotspot\share\runtime\sharedRuntime.cpp, line 625]
Event: 1426.848 Thread 0x0000025a4a2c79c0 Exception <a 'sun/nio/fs/WindowsException'{0x00000000d59bc920}> (0x00000000d59bc920) 
thrown [s\src\hotspot\share\prims\jni.cpp, line 520]
Event: 1427.124 Thread 0x0000025a4a2c79c0 Exception <a 'sun/nio/fs/WindowsException'{0x00000000d60a9290}> (0x00000000d60a9290) 
thrown [s\src\hotspot\share\prims\jni.cpp, line 520]
Event: 1445.808 Thread 0x0000025a4a0a81c0 Exception <a 'java/lang/ArrayIndexOutOfBoundsException'{0x00000000d5647728}> (0x00000000d5647728) 
thrown [s\src\hotspot\share\runtime\sharedRuntime.cpp, line 625]
Event: 1446.166 Thread 0x0000025a4a2c79c0 Exception <a 'sun/nio/fs/WindowsException'{0x00000000d5637690}> (0x00000000d5637690) 
thrown [s\src\hotspot\share\prims\jni.cpp, line 520]
Event: 1446.479 Thread 0x0000025a4a2c79c0 Exception <a 'sun/nio/fs/WindowsException'{0x00000000d570b580}> (0x00000000d570b580) 
thrown [s\src\hotspot\share\prims\jni.cpp, line 520]
Event: 1449.224 Thread 0x0000025a4a0ac360 Exception <a 'java/lang/ArrayIndexOutOfBoundsException'{0x00000000d55d0518}> (0x00000000d55d0518) 
thrown [s\src\hotspot\share\runtime\sharedRuntime.cpp, line 625]
Event: 1449.337 Thread 0x0000025a4a0ac360 Exception <a 'java/lang/ArrayIndexOutOfBoundsException'{0x00000000d58894c0}> (0x00000000d58894c0) 
thrown [s\src\hotspot\share\runtime\sharedRuntime.cpp, line 625]
Event: 1450.003 Thread 0x0000025a4a2c79c0 Exception <a 'sun/nio/fs/WindowsException'{0x00000000d5ccf6d0}> (0x00000000d5ccf6d0) 
thrown [s\src\hotspot\share\prims\jni.cpp, line 520]
Event: 1450.287 Thread 0x0000025a4a2c79c0 Exception <a 'sun/nio/fs/WindowsException'{0x00000000d55a1e80}> (0x00000000d55a1e80) 
thrown [s\src\hotspot\share\prims\jni.cpp, line 520]

ZGC Phase Switch (0 events):
No events

VM Operations (20 events):
Event: 1453.508 Executing safepoint VM operation: ParallelGCFailedAllocation (Allocation Failure)
Event: 1453.511 Executing safepoint VM operation: ParallelGCFailedAllocation (Allocation Failure) done
Event: 1453.678 Executing safepoint VM operation: ParallelGCFailedAllocation (Allocation Failure)
Event: 1453.682 Executing safepoint VM operation: ParallelGCFailedAllocation (Allocation Failure) done
Event: 1453.700 Executing safepoint VM operation: ParallelGCFailedAllocation (Allocation Failure)
Event: 1453.703 Executing safepoint VM operation: ParallelGCFailedAllocation (Allocation Failure) done
Event: 1453.716 Executing safepoint VM operation: ParallelGCFailedAllocation (Allocation Failure)
Event: 1453.718 Executing safepoint VM operation: ParallelGCFailedAllocation (Allocation Failure) done
Event: 1455.095 Executing non-safepoint VM operation: HandshakeAllThreads (Deoptimize)
Event: 1455.096 Executing non-safepoint VM operation: HandshakeAllThreads (Deoptimize) done
Event: 1455.102 Executing safepoint VM operation: ParallelGCFailedAllocation (Allocation Failure)
Event: 1455.106 Executing safepoint VM operation: ParallelGCFailedAllocation (Allocation Failure) done
Event: 1455.483 Executing safepoint VM operation: ParallelGCFailedAllocation (Allocation Failure)
Event: 1455.487 Executing safepoint VM operation: ParallelGCFailedAllocation (Allocation Failure) done
Event: 1455.515 Executing safepoint VM operation: ParallelGCFailedAllocation (Allocation Failure)
Event: 1455.522 Executing safepoint VM operation: ParallelGCFailedAllocation (Allocation Failure) done
Event: 1455.543 Executing safepoint VM operation: ParallelGCFailedAllocation (Allocation Failure)
Event: 1455.546 Executing safepoint VM operation: ParallelGCFailedAllocation (Allocation Failure) done
Event: 1456.535 Executing safepoint VM operation: ParallelGCFailedAllocation (Allocation Failure)
Event: 1456.544 Executing safepoint VM operation: ParallelGCFailedAllocation (Allocation Failure) done

Memory protections (0 events):
No events

Nmethod flushes (20 events):
Event: 1410.105 Thread 0x0000025a67772ca0 flushing  nmethod 0x0000025a6de1ac90
Event: 1410.105 Thread 0x0000025a67772ca0 flushing  nmethod 0x0000025a6de32c90
Event: 1410.105 Thread 0x0000025a67772ca0 flushing  nmethod 0x0000025a6de38c10
Event: 1410.105 Thread 0x0000025a67772ca0 flushing  nmethod 0x0000025a6de54510
Event: 1410.105 Thread 0x0000025a67772ca0 flushing  nmethod 0x0000025a6de56290
Event: 1410.105 Thread 0x0000025a67772ca0 flushing  nmethod 0x0000025a6de58610
Event: 1410.105 Thread 0x0000025a67772ca0 flushing  nmethod 0x0000025a6de63a90
Event: 1410.106 Thread 0x0000025a67772ca0 flushing  nmethod 0x0000025a6dfb4a90
Event: 1410.106 Thread 0x0000025a67772ca0 flushing  nmethod 0x0000025a6dfc0a10
Event: 1410.106 Thread 0x0000025a67772ca0 flushing  nmethod 0x0000025a6dfc7c10
Event: 1410.106 Thread 0x0000025a67772ca0 flushing  nmethod 0x0000025a6dfd7290
Event: 1410.106 Thread 0x0000025a67772ca0 flushing  nmethod 0x0000025a6dfef910
Event: 1410.106 Thread 0x0000025a67772ca0 flushing  nmethod 0x0000025a6e00ae10
Event: 1410.106 Thread 0x0000025a67772ca0 flushing  nmethod 0x0000025a6e00b410
Event: 1410.106 Thread 0x0000025a67772ca0 flushing  nmethod 0x0000025a6e02e890
Event: 1410.106 Thread 0x0000025a67772ca0 flushing  nmethod 0x0000025a6e034210
Event: 1410.106 Thread 0x0000025a67772ca0 flushing  nmethod 0x0000025a6e056f90
Event: 1410.106 Thread 0x0000025a67772ca0 flushing osr nmethod 0x0000025a6e0c7d10
Event: 1410.106 Thread 0x0000025a67772ca0 flushing  nmethod 0x0000025a6e137890
Event: 1410.106 Thread 0x0000025a67772ca0 flushing  nmethod 0x0000025a6e1c6c10

Events (20 events):
Event: 1367.300 Thread 0x0000025a4d181c60 Thread added: 0x0000025a4d186b20
Event: 1368.330 Thread 0x0000025a4d182980 Thread added: 0x0000025a4d183d30
Event: 1375.979 Thread 0x0000025a4cb5d130 Thread added: 0x0000025a4d189280
Event: 1391.627 Thread 0x0000025a4d185e00 Thread added: 0x0000025a4b371ac0
Event: 1393.236 Thread 0x0000025a4d183d30 Thread added: 0x0000025a4b370710
Event: 1401.626 Thread 0x0000025a4d181c60 Thread added: 0x0000025a4b371430
Event: 1401.686 Thread 0x0000025a4d181c60 Thread added: 0x0000025a4a0a74a0
Event: 1401.687 Thread 0x0000025a4d181c60 Thread added: 0x0000025a4a0a6780
Event: 1401.688 Thread 0x0000025a4d181c60 Thread added: 0x0000025a4a0a4d40
Event: 1402.236 Thread 0x0000025a4d183d30 Thread added: 0x0000025a4a0aa920
Event: 1405.302 Thread 0x0000025a4d185e00 Thread added: 0x0000025a4a0a8ee0
Event: 1406.711 Thread 0x0000025a4a0aa920 Thread added: 0x0000025a4cb59cb0
Event: 1416.780 Thread 0x0000025a6789a720 Thread added: 0x0000025a4bb85960
Event: 1417.660 Thread 0x0000025a4bb85960 Thread exited: 0x0000025a4bb85960
Event: 1420.467 Thread 0x0000025a4a0a81c0 Thread added: 0x0000025a4cb5b060
Event: 1426.792 Thread 0x0000025a6789a720 Thread added: 0x0000025a4bb83e20
Event: 1427.238 Thread 0x0000025a4d181c60 Thread added: 0x0000025a4c818cf0
Event: 1428.281 Thread 0x0000025a4bb83e20 Thread exited: 0x0000025a4bb83e20
Event: 1450.177 Thread 0x0000025a6789a720 Thread added: 0x0000025a4bb83e20
Event: 1450.435 Thread 0x0000025a4bb83e20 Thread exited: 0x0000025a4bb83e20


Dynamic libraries:
0x00007ff704780000 - 0x00007ff70478e000 	c:\Users\linta\.vscode\extensions\redhat.java-1.55.2026051309-win32-x64\jre\21.0.10-win32-x86_64\bin\java.exe
0x00007ffed0f00000 - 0x00007ffed1167000 	C:\windows\SYSTEM32\ntdll.dll
0x00007ffecf650000 - 0x00007ffecf719000 	C:\windows\System32\KERNEL32.DLL
0x00007ffecdca0000 - 0x00007ffece097000 	C:\windows\System32\KERNELBASE.dll
0x00007ffecda60000 - 0x00007ffecdbab000 	C:\windows\System32\ucrtbase.dll
0x00007ffec0d40000 - 0x00007ffec0d58000 	c:\Users\linta\.vscode\extensions\redhat.java-1.55.2026051309-win32-x64\jre\21.0.10-win32-x86_64\bin\jli.dll
0x00007ffebf750000 - 0x00007ffebf76e000 	c:\Users\linta\.vscode\extensions\redhat.java-1.55.2026051309-win32-x64\jre\21.0.10-win32-x86_64\bin\VCRUNTIME140.dll
0x00007ffecf480000 - 0x00007ffecf646000 	C:\windows\System32\USER32.dll
0x00007ffebc5e0000 - 0x00007ffebc872000 	C:\windows\WinSxS\amd64_microsoft.windows.common-controls_6595b64144ccf1df_6.0.26100.8457_none_3e0b2faee331e92d\COMCTL32.dll
0x00007ffecdc70000 - 0x00007ffecdc97000 	C:\windows\System32\win32u.dll
0x00007ffecf330000 - 0x00007ffecf35b000 	C:\windows\System32\GDI32.dll
0x00007ffecfae0000 - 0x00007ffecfb89000 	C:\windows\System32\msvcrt.dll
0x00007ffecd930000 - 0x00007ffecda5c000 	C:\windows\System32\gdi32full.dll
0x00007ffeceb20000 - 0x00007ffecebc3000 	C:\windows\System32\msvcp_win.dll
0x00007ffecf360000 - 0x00007ffecf392000 	C:\windows\System32\IMM32.DLL
0x00007ffec92c0000 - 0x00007ffec92cc000 	c:\Users\linta\.vscode\extensions\redhat.java-1.55.2026051309-win32-x64\jre\21.0.10-win32-x86_64\bin\vcruntime140_1.dll
0x00007ffead320000 - 0x00007ffead3ad000 	c:\Users\linta\.vscode\extensions\redhat.java-1.55.2026051309-win32-x64\jre\21.0.10-win32-x86_64\bin\msvcp140.dll
0x00007ffe4a8a0000 - 0x00007ffe4b641000 	c:\Users\linta\.vscode\extensions\redhat.java-1.55.2026051309-win32-x64\jre\21.0.10-win32-x86_64\bin\server\jvm.dll
0x00007ffecf270000 - 0x00007ffecf326000 	C:\windows\System32\ADVAPI32.dll
0x00007ffed05d0000 - 0x00007ffed0677000 	C:\windows\System32\sechost.dll
0x00007ffecfb90000 - 0x00007ffecfca8000 	C:\windows\System32\RPCRT4.dll
0x00007ffecf8f0000 - 0x00007ffecf970000 	C:\windows\System32\WS2_32.dll
0x00007ffecd7b0000 - 0x00007ffecd80e000 	C:\windows\SYSTEM32\POWRPROF.dll
0x00007ffec39d0000 - 0x00007ffec3a06000 	C:\windows\SYSTEM32\WINMM.dll
0x00007ffec1730000 - 0x00007ffec173b000 	C:\windows\SYSTEM32\VERSION.dll
0x00007ffecd790000 - 0x00007ffecd7a4000 	C:\windows\SYSTEM32\UMPDC.dll
0x00007ffecc690000 - 0x00007ffecc6ab000 	C:\windows\SYSTEM32\kernel.appcore.dll
0x00007ffec8f60000 - 0x00007ffec8f6a000 	c:\Users\linta\.vscode\extensions\redhat.java-1.55.2026051309-win32-x64\jre\21.0.10-win32-x86_64\bin\jimage.dll
0x00007ffec19e0000 - 0x00007ffec1c22000 	C:\windows\SYSTEM32\DBGHELP.DLL
0x00007ffecec80000 - 0x00007ffecf003000 	C:\windows\System32\combase.dll
0x00007ffecf3a0000 - 0x00007ffecf479000 	C:\windows\System32\OLEAUT32.dll
0x00007ffebbf50000 - 0x00007ffebbf8b000 	C:\windows\SYSTEM32\dbgcore.DLL
0x00007ffecebd0000 - 0x00007ffecec78000 	C:\windows\System32\bcryptPrimitives.dll
0x00007ffec86b0000 - 0x00007ffec86bf000 	c:\Users\linta\.vscode\extensions\redhat.java-1.55.2026051309-win32-x64\jre\21.0.10-win32-x86_64\bin\instrument.dll
0x00007ffebb250000 - 0x00007ffebb270000 	c:\Users\linta\.vscode\extensions\redhat.java-1.55.2026051309-win32-x64\jre\21.0.10-win32-x86_64\bin\java.dll
0x00007ffed0680000 - 0x00007ffed0dee000 	C:\windows\System32\SHELL32.dll
0x00007ffece0a0000 - 0x00007ffece90c000 	C:\windows\System32\windows.storage.dll
0x00007ffed0260000 - 0x00007ffed0356000 	C:\windows\System32\SHCORE.dll
0x00007ffed0360000 - 0x00007ffed03c6000 	C:\windows\System32\shlwapi.dll
0x00007ffecd850000 - 0x00007ffecd879000 	C:\windows\SYSTEM32\profapi.dll
0x00007ffeb7ad0000 - 0x00007ffeb7ae8000 	c:\Users\linta\.vscode\extensions\redhat.java-1.55.2026051309-win32-x64\jre\21.0.10-win32-x86_64\bin\zip.dll
0x00007ffec79b0000 - 0x00007ffec79c0000 	C:\Users\linta\.vscode\extensions\redhat.java-1.55.2026051309-win32-x64\jre\21.0.10-win32-x86_64\bin\net.dll
0x00007ffec6b00000 - 0x00007ffec6c29000 	C:\windows\SYSTEM32\WINHTTP.dll
0x00007ffeccc10000 - 0x00007ffeccc7c000 	C:\windows\system32\mswsock.dll
0x00007ffeb7a70000 - 0x00007ffeb7a86000 	C:\Users\linta\.vscode\extensions\redhat.java-1.55.2026051309-win32-x64\jre\21.0.10-win32-x86_64\bin\nio.dll
0x00007ffebf710000 - 0x00007ffebf720000 	c:\Users\linta\.vscode\extensions\redhat.java-1.55.2026051309-win32-x64\jre\21.0.10-win32-x86_64\bin\verify.dll
0x00007ffeac230000 - 0x00007ffeac275000 	C:\Users\linta\AppData\Roaming\Code\User\globalStorage\redhat.java\1.55.2026051309\config_win\org.eclipse.equinox.launcher\org.eclipse.equinox.launcher.win32.win32.x86_64_1.3.0.v20260203-2149\eclipse_11919.dll
0x00007ffecf750000 - 0x00007ffecf8e7000 	C:\windows\System32\ole32.dll
0x00007ffeccf10000 - 0x00007ffeccf2b000 	C:\windows\SYSTEM32\CRYPTSP.dll
0x00007ffecc5f0000 - 0x00007ffecc629000 	C:\windows\system32\rsaenh.dll
0x00007ffeccce0000 - 0x00007ffeccd13000 	C:\windows\SYSTEM32\USERENV.dll
0x00007ffecd820000 - 0x00007ffecd84a000 	C:\windows\SYSTEM32\bcrypt.dll
0x00007ffeccf30000 - 0x00007ffeccf3c000 	C:\windows\SYSTEM32\CRYPTBASE.dll
0x00007ffecc070000 - 0x00007ffecc0a2000 	C:\windows\SYSTEM32\IPHLPAPI.DLL
0x00007ffed0250000 - 0x00007ffed025a000 	C:\windows\System32\NSI.dll
0x00007ffead860000 - 0x00007ffead8a9000 	C:\Users\linta\AppData\Local\Temp\jna-102977726\jna16420864691530007361.dll
0x00007ffecf010000 - 0x00007ffecf018000 	C:\windows\System32\PSAPI.DLL
0x00007ffec6e10000 - 0x00007ffec6e2d000 	C:\windows\SYSTEM32\dhcpcsvc6.DLL
0x00007ffec3b20000 - 0x00007ffec3b45000 	C:\windows\SYSTEM32\dhcpcsvc.DLL
0x00007ffec3250000 - 0x00007ffec325e000 	C:\Users\linta\.vscode\extensions\redhat.java-1.55.2026051309-win32-x64\jre\21.0.10-win32-x86_64\bin\sunmscapi.dll
0x00007ffece9a0000 - 0x00007ffeceb18000 	C:\windows\System32\CRYPT32.dll
0x00007ffecd130000 - 0x00007ffecd160000 	C:\windows\SYSTEM32\ncrypt.dll
0x00007ffecd0e0000 - 0x00007ffecd11f000 	C:\windows\SYSTEM32\NTASN1.dll
0x00007ffecc0b0000 - 0x00007ffecc1e2000 	C:\windows\SYSTEM32\DNSAPI.dll
0x00007ffebf700000 - 0x00007ffebf70b000 	C:\Windows\System32\rasadhlp.dll
0x00007ffec3880000 - 0x00007ffec3906000 	C:\windows\System32\fwpuclnt.dll
0x00007ffec3240000 - 0x00007ffec3249000 	C:\Users\linta\.vscode\extensions\redhat.java-1.55.2026051309-win32-x64\jre\21.0.10-win32-x86_64\bin\extnet.dll

JVMTI agents:
c:\Users\linta\.vscode\extensions\redhat.java-1.55.2026051309-win32-x64\lombok\lombok-1.18.39-4050.jar path:c:\Users\linta\.vscode\extensions\redhat.java-1.55.2026051309-win32-x64\jre\21.0.10-win32-x86_64\bin\instrument.dll, loaded, initialized, instrumentlib options:none

dbghelp: loaded successfully - version: 4.0.5 - missing functions: none
symbol engine: initialized successfully - sym options: 0x614 - pdb path: .;c:\Users\linta\.vscode\extensions\redhat.java-1.55.2026051309-win32-x64\jre\21.0.10-win32-x86_64\bin;C:\windows\SYSTEM32;C:\windows\WinSxS\amd64_microsoft.windows.common-controls_6595b64144ccf1df_6.0.26100.8457_none_3e0b2faee331e92d;c:\Users\linta\.vscode\extensions\redhat.java-1.55.2026051309-win32-x64\jre\21.0.10-win32-x86_64\bin\server;C:\Users\linta\AppData\Roaming\Code\User\globalStorage\redhat.java\1.55.2026051309\config_win\org.eclipse.equinox.launcher\org.eclipse.equinox.launcher.win32.win32.x86_64_1.3.0.v20260203-2149;C:\Users\linta\AppData\Local\Temp\jna-102977726

VM Arguments:
jvm_args: --add-modules=ALL-SYSTEM --add-opens=java.base/java.util=ALL-UNNAMED --add-opens=java.base/java.lang=ALL-UNNAMED --add-opens=java.base/sun.nio.fs=ALL-UNNAMED -Declipse.application=org.eclipse.jdt.ls.core.id1 -Dosgi.bundles.defaultStartLevel=4 -Declipse.product=org.eclipse.jdt.ls.core.product -Djava.import.generatesMetadataFilesAtProjectRoot=false -DDetectVMInstallationsJob.disabled=true -Dfile.encoding=utf8 -XX:+UseParallelGC -XX:GCTimeRatio=4 -XX:AdaptiveSizePolicyWeight=90 -Dsun.zip.disableMemoryMapping=true -Xmx2G -Xms100m -Xlog:disable -javaagent:c:\Users\linta\.vscode\extensions\redhat.java-1.55.2026051309-win32-x64\lombok\lombok-1.18.39-4050.jar -XX:+HeapDumpOnOutOfMemoryError -XX:HeapDumpPath=c:\Users\linta\AppData\Roaming\Code\User\workspaceStorage\519f8273915d3ffbc6fb77d488cf5c1d\redhat.java -Daether.dependencyCollector.impl=bf -XX:+UnlockDiagnosticVMOptions -XX:+AllowArchivingWithJavaAgent -XX:+AutoCreateSharedArchive -XX:SharedArchiveFile=c:\Users\linta\AppData\Roaming\Code\User\globalStorage\redhat.java\1.55.2026051309\jdtls.jsa 
java_command: c:\Users\linta\.vscode\extensions\redhat.java-1.55.2026051309-win32-x64\server\plugins\org.eclipse.equinox.launcher_1.7.100.v20251111-0406.jar -configuration c:\Users\linta\AppData\Roaming\Code\User\globalStorage\redhat.java\1.55.2026051309\config_win -data c:\Users\linta\AppData\Roaming\Code\User\workspaceStorage\519f8273915d3ffbc6fb77d488cf5c1d\redhat.java\jdt_ws --pipe=\\.\pipe\lsp-c656abe06abeef7810ee350fd0a96c45-sock
java_class_path (initial): c:\Users\linta\.vscode\extensions\redhat.java-1.55.2026051309-win32-x64\server\plugins\org.eclipse.equinox.launcher_1.7.100.v20251111-0406.jar
Launcher Type: SUN_STANDARD

[Global flags]
    uintx AdaptiveSizePolicyWeight                 = 90                                        {product} {command line}
     bool AllowArchivingWithJavaAgent              = true                             {JVMCI diagnostic} {command line}
     bool AutoCreateSharedArchive                  = false                               {JVMCI product} {command line}
     intx CICompilerCount                          = 4                                         {product} {ergonomic}
    uintx GCTimeRatio                              = 4                                         {product} {command line}
     bool HeapDumpOnOutOfMemoryError               = true                                   {manageable} {command line}
    ccstr HeapDumpPath                             = c:\Users\linta\AppData\Roaming\Code\User\workspaceStorage\519f8273915d3ffbc6fb77d488cf5c1d\redhat.java         {manageable} {command line}
   size_t InitialHeapSize                          = 104857600                                 {product} {command line}
   size_t MaxHeapSize                              = 2147483648                                {product} {command line}
   size_t MaxNewSize                               = 715653120                                 {product} {ergonomic}
   size_t MinHeapDeltaBytes                        = 524288                                    {product} {ergonomic}
   size_t MinHeapSize                              = 104857600                                 {product} {command line}
   size_t NewSize                                  = 34603008                                  {product} {ergonomic}
    uintx NonNMethodCodeHeapSize                   = 5839372                                {pd product} {ergonomic}
    uintx NonProfiledCodeHeapSize                  = 122909434                              {pd product} {ergonomic}
   size_t OldSize                                  = 70254592                                  {product} {ergonomic}
    uintx ProfiledCodeHeapSize                     = 122909434                              {pd product} {ergonomic}
    uintx ReservedCodeCacheSize                    = 251658240                              {pd product} {ergonomic}
     bool SegmentedCodeCache                       = true                                      {product} {ergonomic}
    ccstr SharedArchiveFile                        = c:\Users\linta\AppData\Roaming\Code\User\globalStorage\redhat.java\1.55.2026051309\jdtls.jsa      {JVMCI product} {command line}
   size_t SoftMaxHeapSize                          = 2147483648                             {manageable} {ergonomic}
     bool UnlockDiagnosticVMOptions                = true                                   {diagnostic} {command line}
     bool UseCompressedOops                        = true                           {product lp64_product} {ergonomic}
     bool UseLargePagesIndividualAllocation        = false                                  {pd product} {ergonomic}
     bool UseParallelGC                            = true                                      {product} {command line}

Logging:
Log output configuration:
 #0: stdout all=off uptime,level,tags foldmultilines=false
 #1: stderr all=off uptime,level,tags foldmultilines=false

Release file:
JAVA_VERSION="21.0.10" 
MODULES="java.base java.compiler java.datatransfer java.xml java.prefs java.desktop java.instrument java.logging java.management java.security.sasl java.naming java.rmi java.management.rmi java.net.http java.scripting java.security.jgss java.transaction.xa java.sql java.sql.rowset java.xml.crypto java.se java.smartcardio jdk.accessibility jdk.internal.jvmstat jdk.attach jdk.charsets jdk.internal.opt jdk.zipfs jdk.compiler jdk.crypto.ec jdk.crypto.cryptoki jdk.crypto.mscapi jdk.dynalink jdk.internal.ed jdk.editpad jdk.hotspot.agent jdk.httpserver jdk.internal.le jdk.internal.vm.ci jdk.internal.vm.compiler jdk.internal.vm.compiler.management jdk.jartool jdk.javadoc jdk.jcmd jdk.management jdk.management.agent jdk.jconsole jdk.jdeps jdk.jdwp.agent jdk.jdi jdk.jfr jdk.jshell jdk.jsobject jdk.jstatd jdk.localedata jdk.management.jfr jdk.naming.dns jdk.naming.rmi jdk.net jdk.nio.mapmode jdk.random jdk.sctp jdk.security.auth jdk.security.jgss jdk.unsupported jdk.unsupported.desktop jdk.xml.dom" 

Environment Variables:
PATH=C:\Users\linta\AppData\Local\Programs\Microsoft VS Code;C:\Program Files (x86)\Common Files\Oracle\Java\java8path;C:\Program Files (x86)\Common Files\Oracle\Java\javapath;C:\Python314\Scripts\;C:\Python314\;C:\Program Files\Eclipse Adoptium\jdk-21.0.10.7-hotspot\bin;C:\windows\system32;C:\windows;C:\windows\System32\Wbem;C:\windows\System32\WindowsPowerShell\v1.0\;C:\windows\System32\OpenSSH\;C:\Program Files\dotnet\;C:\Program Files\Git\cmd;%JAVA_HOME%\bin;C:\laragon\bin\php\php-8.2.29-Win32-vs16-x64;C:\composer;C:\laragon\bin\php\php-8.4.20-Win32-vs17-x64;C:\ProgramData\chocolatey\bin;C:\Users\linta\AppData\Local\nvm;C:\nvm4w\nodejs;C:\Users\linta\AppData\Local\Microsoft\WindowsApps;C:\Users\linta\AppData\Local\Programs\Microsoft VS Code\bin;C:\Users\linta\AppData\Local\spicetify;C:\Users\linta\AppData\Roaming\Composer\vendor\bin;C:\Users\linta\AppData\Local\Programs\Antigravity\bin;C:\Users\linta\AppData\Roaming\npm;C:\Users\linta\AppData\Local\nvm;C:\nvm4w\nodejs
USERNAME=linta
OS=Windows_NT
PROCESSOR_IDENTIFIER=AMD64 Family 25 Model 68 Stepping 1, AuthenticAMD
TMP=C:\Users\linta\AppData\Local\Temp
TEMP=C:\Users\linta\AppData\Local\Temp




Periodic native trim disabled

---------------  S Y S T E M  ---------------

OS:
 Windows 11 , 64 bit Build 26100 (10.0.26100.8328)
OS uptime: 2 days 13:51 hours
Hyper-V role detected

CPU: total 12 (initial active 12) (12 cores per cpu, 2 threads per core) family 25 model 68 stepping 1 microcode 0xa40410a, cx8, cmov, fxsr, ht, mmx, 3dnowpref, sse, sse2, sse3, ssse3, sse4a, sse4.1, sse4.2, popcnt, lzcnt, tsc, tscinvbit, avx, avx2, aes, erms, clmul, bmi1, bmi2, adx, sha, fma, vzeroupper, clflush, clflushopt, hv, rdtscp, rdpid, fsrm, f16c, cet_ss
Processor Information for processor 0
  Max Mhz: 3301, Current Mhz: 3301, Mhz Limit: 3301
Processor Information for processor 1
  Max Mhz: 3301, Current Mhz: 3301, Mhz Limit: 3301
Processor Information for processor 2
  Max Mhz: 3301, Current Mhz: 3301, Mhz Limit: 3301
Processor Information for processor 3
  Max Mhz: 3301, Current Mhz: 3301, Mhz Limit: 3301
Processor Information for processor 4
  Max Mhz: 3301, Current Mhz: 2024, Mhz Limit: 3301
Processor Information for processor 5
  Max Mhz: 3301, Current Mhz: 2024, Mhz Limit: 3301
Processor Information for processor 6
  Max Mhz: 3301, Current Mhz: 3301, Mhz Limit: 3301
Processor Information for processor 7
  Max Mhz: 3301, Current Mhz: 3301, Mhz Limit: 3301
Processor Information for processor 8
  Max Mhz: 3301, Current Mhz: 2024, Mhz Limit: 3301
Processor Information for processor 9
  Max Mhz: 3301, Current Mhz: 2024, Mhz Limit: 3301
Processor Information for processor 10
  Max Mhz: 3301, Current Mhz: 2024, Mhz Limit: 3301
Processor Information for processor 11
  Max Mhz: 3301, Current Mhz: 2024, Mhz Limit: 3301

Memory: 4k page, system-wide physical 5886M (947M free)
TotalPageFile size 24318M (AvailPageFile size 44M)
current process WorkingSet (physical memory assigned to process): 9M, peak: 627M
current process commit charge ("private bytes"): 1705M, peak: 1812M

vm_info: OpenJDK 64-Bit Server VM (21.0.10+7-LTS) for windows-amd64 JRE (21.0.10+7-LTS), built on 2026-01-20T00:00:00Z by "admin" with MS VC++ 17.12 (VS2022)

END.
